2019-06-04 17:42:21,686 | 2812 | [testcase.py-->line:39] | INFO : TestCase "正常账号july401" starting------
2019-06-04 17:42:21,686 | 2812 | [testcase.py-->line:50] | INFO : 【Success】
2019-06-04 17:42:21,789 | 2812 | [testcase.py-->line:53] | INFO : TestCase "正常账号july401" end
2019-06-04 17:42:21,789 | 2812 | [testcase.py-->line:39] | INFO : TestCase "正常账号july402" starting------
2019-06-04 17:42:21,789 | 2812 | [testcase.py-->line:50] | INFO : 【Success】
2019-06-04 17:42:21,806 | 2812 | [testcase.py-->line:53] | INFO : TestCase "正常账号july402" end
2019-06-04 17:42:21,806 | 2812 | [testcase.py-->line:39] | INFO : TestCase "注册重复账号python18" starting------
2019-06-04 17:42:21,806 | 2812 | [testcase.py-->line:50] | INFO : 【Success】
2019-06-04 17:42:21,825 | 2812 | [testcase.py-->line:53] | INFO : TestCase "注册重复账号python18" end
2019-06-04 17:42:21,825 | 2812 | [testcase.py-->line:39] | INFO : TestCase "注册重复账号july401" starting------
2019-06-04 17:42:21,825 | 2812 | [testcase.py-->line:50] | INFO : 【Success】
2019-06-04 17:42:21,843 | 2812 | [testcase.py-->line:53] | INFO : TestCase "注册重复账号july401" end
2019-06-04 17:42:21,843 | 2812 | [testcase.py-->line:39] | INFO : TestCase "两次密码不一致1" starting------
2019-06-04 17:42:21,843 | 2812 | [testcase.py-->line:50] | INFO : 【Success】
2019-06-04 17:42:21,861 | 2812 | [testcase.py-->line:53] | INFO : TestCase "两次密码不一致1" end
2019-06-04 17:42:21,861 | 2812 | [testcase.py-->line:39] | INFO : TestCase "两次密码不一致2" starting------
2019-06-04 17:42:21,861 | 2812 | [testcase.py-->line:50] | INFO : 【Success】
2019-06-04 17:42:21,879 | 2812 | [testcase.py-->line:53] | INFO : TestCase "两次密码不一致2" end
2019-06-04 17:42:21,879 | 2812 | [testcase.py-->line:39] | INFO : TestCase "密码长度低于6位" starting------
2019-06-04 17:42:21,879 | 2812 | [testcase.py-->line:50] | INFO : 【Success】
2019-06-04 17:42:21,898 | 2812 | [testcase.py-->line:53] | INFO : TestCase "密码长度低于6位" end
2019-06-04 17:42:21,898 | 2812 | [testcase.py-->line:39] | INFO : TestCase "密码长度高于18位" starting------
2019-06-04 17:42:21,898 | 2812 | [testcase.py-->line:50] | INFO : 【Success】
2019-06-04 17:42:21,916 | 2812 | [testcase.py-->line:53] | INFO : TestCase "密码长度高于18位" end
2019-06-04 17:42:21,916 | 2812 | [testcase.py-->line:39] | INFO : TestCase "账号长度低于6位" starting------
2019-06-04 17:42:21,917 | 2812 | [testcase.py-->line:45] | ERROR: 【Failed】：E{"code": 1, "msg": "注册成功"} != A{'code': 0, 'msg': '账号和密码必须在6-18位之间'}
2019-06-04 17:42:21,935 | 2812 | [testcase.py-->line:53] | INFO : TestCase "账号长度低于6位" end
2019-06-04 17:42:21,951 | 2812 | [testcase.py-->line:39] | INFO : TestCase "账号长度高于18位" starting------
2019-06-04 17:42:21,951 | 2812 | [testcase.py-->line:50] | INFO : 【Success】
2019-06-04 17:42:21,969 | 2812 | [testcase.py-->line:53] | INFO : TestCase "账号长度高于18位" end
