2019-07-08 10:51:58,647 | 20940 | [read_request_myself.py-->line:35] | INFO : TestCase 发送验证码成功 starting------
2019-07-08 10:51:58,927 | 20940 | [read_request_myself.py-->line:35] | INFO : TestCase 发送失败，无手机号 starting------
2019-07-08 10:51:58,961 | 20940 | [read_request_myself.py-->line:35] | INFO : TestCase 发送失败，无ip地址 starting------
2019-07-08 10:51:58,968 | 20940 | [read_request_myself.py-->line:35] | INFO : TestCase 发送失败，无短信模版 starting------
2019-07-08 10:52:40,993 | 21592 | [read_request_myself.py-->line:35] | INFO : TestCase 发送验证码成功 starting------
2019-07-08 10:52:41,395 | 21592 | [read_request_myself.py-->line:35] | INFO : TestCase 发送失败，无手机号 starting------
2019-07-08 10:52:41,477 | 21592 | [read_request_myself.py-->line:35] | INFO : TestCase 发送失败，无ip地址 starting------
2019-07-08 10:52:41,561 | 21592 | [read_request_myself.py-->line:35] | INFO : TestCase 发送失败，无短信模版 starting------
2019-07-08 10:54:24,625 | 26296 | [read_request_myself.py-->line:35] | INFO : TestCase 发送验证码成功 starting------
2019-07-08 10:54:25,015 | 26296 | [read_request_myself.py-->line:35] | INFO : TestCase 发送失败，无手机号 starting------
2019-07-08 10:54:25,127 | 26296 | [read_request_myself.py-->line:35] | INFO : TestCase 发送失败，无ip地址 starting------
2019-07-08 10:54:25,216 | 26296 | [read_request_myself.py-->line:35] | INFO : TestCase 发送失败，无短信模版 starting------
2019-07-08 10:54:42,094 | 21812 | [read_request_myself.py-->line:35] | INFO : TestCase 发送验证码成功 starting------
2019-07-08 10:54:42,322 | 21812 | [read_request_myself.py-->line:35] | INFO : TestCase 发送失败，无手机号 starting------
2019-07-08 10:54:42,417 | 21812 | [read_request_myself.py-->line:35] | INFO : TestCase 发送失败，无ip地址 starting------
2019-07-08 10:54:42,501 | 21812 | [read_request_myself.py-->line:35] | INFO : TestCase 发送失败，无短信模版 starting------
2019-07-08 10:56:02,445 | 22516 | [read_request_myself.py-->line:35] | INFO : TestCase 发送验证码成功 starting------
2019-07-08 10:56:02,691 | 22516 | [read_request_myself.py-->line:35] | INFO : TestCase 发送失败，无手机号 starting------
2019-07-08 10:56:02,782 | 22516 | [read_request_myself.py-->line:35] | INFO : TestCase 发送失败，无ip地址 starting------
2019-07-08 10:56:02,873 | 22516 | [read_request_myself.py-->line:35] | INFO : TestCase 发送失败，无短信模版 starting------
2019-07-08 10:56:37,057 | 28524 | [read_request_myself.py-->line:35] | INFO : TestCase 发送验证码成功 starting------
2019-07-08 10:56:37,541 | 28524 | [read_request_myself.py-->line:59] | INFO : TestCase 发送验证码成功 end------
2019-07-08 10:56:37,550 | 28524 | [read_request_myself.py-->line:35] | INFO : TestCase 发送失败，无手机号 starting------
2019-07-08 10:56:37,840 | 28524 | [read_request_myself.py-->line:59] | INFO : TestCase 发送失败，无手机号 end------
2019-07-08 10:56:37,847 | 28524 | [read_request_myself.py-->line:35] | INFO : TestCase 发送失败，无ip地址 starting------
2019-07-08 10:56:38,146 | 28524 | [read_request_myself.py-->line:59] | INFO : TestCase 发送失败，无ip地址 end------
2019-07-08 10:56:38,148 | 28524 | [read_request_myself.py-->line:35] | INFO : TestCase 发送失败，无短信模版 starting------
2019-07-08 10:56:38,434 | 28524 | [read_request_myself.py-->line:59] | INFO : TestCase 发送失败，无短信模版 end------
2019-07-08 10:58:01,708 | 28868 | [read_request_myself.py-->line:35] | INFO : TestCase 发送验证码成功 starting------
2019-07-08 10:58:02,241 | 28868 | [read_request_myself.py-->line:59] | INFO : TestCase 发送验证码成功 end------
2019-07-08 10:58:02,250 | 28868 | [read_request_myself.py-->line:35] | INFO : TestCase 发送失败，无手机号 starting------
2019-07-08 10:58:02,550 | 28868 | [read_request_myself.py-->line:59] | INFO : TestCase 发送失败，无手机号 end------
2019-07-08 10:58:02,552 | 28868 | [read_request_myself.py-->line:35] | INFO : TestCase 发送失败，无ip地址 starting------
2019-07-08 10:58:02,840 | 28868 | [read_request_myself.py-->line:59] | INFO : TestCase 发送失败，无ip地址 end------
2019-07-08 10:58:02,845 | 28868 | [read_request_myself.py-->line:35] | INFO : TestCase 发送失败，无短信模版 starting------
2019-07-08 10:58:03,147 | 28868 | [read_request_myself.py-->line:59] | INFO : TestCase 发送失败，无短信模版 end------
2019-07-08 10:59:45,395 | 24604 | [read_request_myself.py-->line:35] | INFO : TestCase 发送验证码成功 starting------
2019-07-08 10:59:45,866 | 24604 | [read_request_myself.py-->line:59] | INFO : TestCase 发送验证码成功 end------
2019-07-08 10:59:45,956 | 24604 | [read_request_myself.py-->line:35] | INFO : TestCase 发送失败，无手机号 starting------
2019-07-08 10:59:46,298 | 24604 | [read_request_myself.py-->line:59] | INFO : TestCase 发送失败，无手机号 end------
2019-07-08 10:59:46,304 | 24604 | [read_request_myself.py-->line:35] | INFO : TestCase 发送失败，无ip地址 starting------
2019-07-08 10:59:46,596 | 24604 | [read_request_myself.py-->line:59] | INFO : TestCase 发送失败，无ip地址 end------
2019-07-08 10:59:46,600 | 24604 | [read_request_myself.py-->line:35] | INFO : TestCase 发送失败，无短信模版 starting------
2019-07-08 10:59:46,886 | 24604 | [read_request_myself.py-->line:59] | INFO : TestCase 发送失败，无短信模版 end------
