2019-07-08 11:02:30,467 | 20788 | [read_request_myself.py-->line:35] | INFO : TestCase 发送验证码成功 starting------
2019-07-08 11:02:30,947 | 20788 | [read_request_myself.py-->line:59] | INFO : TestCase 发送验证码成功 end------
2019-07-08 11:02:30,956 | 20788 | [read_request_myself.py-->line:35] | INFO : TestCase 发送失败，无手机号 starting------
2019-07-08 11:02:31,261 | 20788 | [read_request_myself.py-->line:59] | INFO : TestCase 发送失败，无手机号 end------
2019-07-08 11:02:31,266 | 20788 | [read_request_myself.py-->line:35] | INFO : TestCase 发送失败，无ip地址 starting------
2019-07-08 11:02:31,566 | 20788 | [read_request_myself.py-->line:59] | INFO : TestCase 发送失败，无ip地址 end------
2019-07-08 11:02:31,571 | 20788 | [read_request_myself.py-->line:35] | INFO : TestCase 发送失败，无短信模版 starting------
2019-07-08 11:02:31,881 | 20788 | [read_request_myself.py-->line:59] | INFO : TestCase 发送失败，无短信模版 end------
2019-07-08 11:05:07,709 | 24236 | [read_request_myself.py-->line:35] | INFO : TestCase 发送验证码成功 starting------
2019-07-08 11:07:04,966 | 3832 | [read_request_myself.py-->line:35] | INFO : TestCase 发送验证码成功 starting------
2019-07-08 11:07:05,272 | 3832 | [read_request_myself.py-->line:35] | INFO : TestCase 发送失败，无手机号 starting------
2019-07-08 11:07:05,316 | 3832 | [read_request_myself.py-->line:35] | INFO : TestCase 发送失败，无ip地址 starting------
2019-07-08 11:07:05,324 | 3832 | [read_request_myself.py-->line:35] | INFO : TestCase 发送失败，无短信模版 starting------
2019-07-08 11:07:05,619 | 3832 | [read_request_myself.py-->line:59] | INFO : TestCase 发送失败，无短信模版 end------
2019-07-08 11:07:18,634 | 29276 | [read_request_myself.py-->line:35] | INFO : TestCase 发送验证码成功 starting------
2019-07-08 11:07:18,816 | 29276 | [read_request_myself.py-->line:35] | INFO : TestCase 发送失败，无手机号 starting------
2019-07-08 11:07:18,831 | 29276 | [read_request_myself.py-->line:35] | INFO : TestCase 发送失败，无ip地址 starting------
2019-07-08 11:07:18,839 | 29276 | [read_request_myself.py-->line:35] | INFO : TestCase 发送失败，无短信模版 starting------
2019-07-08 11:07:19,129 | 29276 | [read_request_myself.py-->line:59] | INFO : TestCase 发送失败，无短信模版 end------
2019-07-08 11:09:04,655 | 15132 | [read_request_myself.py-->line:35] | INFO : TestCase 发送验证码成功 starting------
2019-07-08 11:09:05,031 | 15132 | [read_request_myself.py-->line:35] | INFO : TestCase 发送失败，无手机号 starting------
2019-07-08 11:09:05,336 | 15132 | [read_request_myself.py-->line:59] | INFO : TestCase 发送失败，无手机号 end------
2019-07-08 11:09:05,344 | 15132 | [read_request_myself.py-->line:35] | INFO : TestCase 发送失败，无ip地址 starting------
2019-07-08 11:09:05,643 | 15132 | [read_request_myself.py-->line:59] | INFO : TestCase 发送失败，无ip地址 end------
2019-07-08 11:09:05,649 | 15132 | [read_request_myself.py-->line:35] | INFO : TestCase 发送失败，无短信模版 starting------
2019-07-08 11:09:05,988 | 15132 | [read_request_myself.py-->line:59] | INFO : TestCase 发送失败，无短信模版 end------
2019-07-08 11:09:48,356 | 29672 | [read_request_myself.py-->line:35] | INFO : TestCase 发送验证码成功 starting------
2019-07-08 11:12:06,391 | 25128 | [read_request_myself.py-->line:35] | INFO : TestCase 发送验证码成功 starting------
2019-07-08 11:12:06,769 | 25128 | [read_request_myself.py-->line:56] | INFO : 【Success】：E{'retCode': '0', 'retInfo': 'ok'} == A{'retCode': 0, 'retInfo': ok}
2019-07-08 11:12:07,004 | 25128 | [read_request_myself.py-->line:59] | INFO : TestCase 发送验证码成功 end------
2019-07-08 11:12:07,005 | 25128 | [read_request_myself.py-->line:35] | INFO : TestCase 发送失败，无手机号 starting------
2019-07-08 11:12:07,339 | 25128 | [read_request_myself.py-->line:59] | INFO : TestCase 发送失败，无手机号 end------
2019-07-08 11:12:07,344 | 25128 | [read_request_myself.py-->line:35] | INFO : TestCase 发送失败，无ip地址 starting------
2019-07-08 11:12:07,672 | 25128 | [read_request_myself.py-->line:59] | INFO : TestCase 发送失败，无ip地址 end------
2019-07-08 11:12:07,676 | 25128 | [read_request_myself.py-->line:35] | INFO : TestCase 发送失败，无短信模版 starting------
2019-07-08 11:12:07,992 | 25128 | [read_request_myself.py-->line:59] | INFO : TestCase 发送失败，无短信模版 end------
