2019-06-04 00:03:21,363 | 17600 | [testcase.py-->line:34] | INFO : TestCase "正常账号july401" starting------
2019-06-04 00:03:21,363 | 17600 | [testcase.py-->line:45] | INFO : 【Success】
2019-06-04 00:03:21,407 | 17600 | [testcase.py-->line:48] | INFO : TestCase "正常账号july401" end
2019-06-04 00:03:21,408 | 17600 | [testcase.py-->line:34] | INFO : TestCase "正常账号july402" starting------
2019-06-04 00:03:21,408 | 17600 | [testcase.py-->line:45] | INFO : 【Success】
2019-06-04 00:03:21,445 | 17600 | [testcase.py-->line:48] | INFO : TestCase "正常账号july402" end
2019-06-04 00:03:21,446 | 17600 | [testcase.py-->line:34] | INFO : TestCase "注册重复账号python18" starting------
2019-06-04 00:03:21,446 | 17600 | [testcase.py-->line:45] | INFO : 【Success】
2019-06-04 00:03:21,482 | 17600 | [testcase.py-->line:48] | INFO : TestCase "注册重复账号python18" end
2019-06-04 00:03:21,483 | 17600 | [testcase.py-->line:34] | INFO : TestCase "注册重复账号july401" starting------
2019-06-04 00:03:21,483 | 17600 | [testcase.py-->line:45] | INFO : 【Success】
2019-06-04 00:03:21,519 | 17600 | [testcase.py-->line:48] | INFO : TestCase "注册重复账号july401" end
2019-06-04 00:03:21,519 | 17600 | [testcase.py-->line:34] | INFO : TestCase "两次密码不一致1" starting------
2019-06-04 00:03:21,519 | 17600 | [testcase.py-->line:45] | INFO : 【Success】
2019-06-04 00:03:21,556 | 17600 | [testcase.py-->line:48] | INFO : TestCase "两次密码不一致1" end
2019-06-04 00:03:21,556 | 17600 | [testcase.py-->line:34] | INFO : TestCase "两次密码不一致2" starting------
2019-06-04 00:03:21,556 | 17600 | [testcase.py-->line:45] | INFO : 【Success】
2019-06-04 00:03:21,594 | 17600 | [testcase.py-->line:48] | INFO : TestCase "两次密码不一致2" end
2019-06-04 00:03:21,595 | 17600 | [testcase.py-->line:34] | INFO : TestCase "密码长度低于6位" starting------
2019-06-04 00:03:21,595 | 17600 | [testcase.py-->line:45] | INFO : 【Success】
2019-06-04 00:03:21,632 | 17600 | [testcase.py-->line:48] | INFO : TestCase "密码长度低于6位" end
2019-06-04 00:03:21,632 | 17600 | [testcase.py-->line:34] | INFO : TestCase "密码长度高于18位" starting------
2019-06-04 00:03:21,632 | 17600 | [testcase.py-->line:45] | INFO : 【Success】
2019-06-04 00:03:21,669 | 17600 | [testcase.py-->line:48] | INFO : TestCase "密码长度高于18位" end
2019-06-04 00:03:21,670 | 17600 | [testcase.py-->line:34] | INFO : TestCase "账号长度低于6位" starting------
2019-06-04 00:03:21,670 | 17600 | [testcase.py-->line:40] | ERROR: 【Failed】：E{"code": 1, "msg": "注册成功"} != A{'code': 0, 'msg': '账号和密码必须在6-18位之间'}
2019-06-04 00:03:21,708 | 17600 | [testcase.py-->line:48] | INFO : TestCase "账号长度低于6位" end
2019-06-04 00:03:21,709 | 17600 | [testcase.py-->line:34] | INFO : TestCase "账号长度高于18位" starting------
2019-06-04 00:03:21,710 | 17600 | [testcase.py-->line:45] | INFO : 【Success】
2019-06-04 00:03:21,746 | 17600 | [testcase.py-->line:48] | INFO : TestCase "账号长度高于18位" end
2019-06-04 00:05:35,396 | 16908 | [testcase.py-->line:34] | INFO : TestCase "正常账号july401" starting------
2019-06-04 00:05:35,396 | 16908 | [testcase.py-->line:45] | INFO : 【Success】
2019-06-04 00:05:35,442 | 16908 | [testcase.py-->line:48] | INFO : TestCase "正常账号july401" end
2019-06-04 00:05:35,442 | 16908 | [testcase.py-->line:34] | INFO : TestCase "正常账号july402" starting------
2019-06-04 00:05:35,443 | 16908 | [testcase.py-->line:45] | INFO : 【Success】
2019-06-04 00:05:35,479 | 16908 | [testcase.py-->line:48] | INFO : TestCase "正常账号july402" end
2019-06-04 00:05:35,479 | 16908 | [testcase.py-->line:34] | INFO : TestCase "注册重复账号python18" starting------
2019-06-04 00:05:35,479 | 16908 | [testcase.py-->line:45] | INFO : 【Success】
2019-06-04 00:05:35,517 | 16908 | [testcase.py-->line:48] | INFO : TestCase "注册重复账号python18" end
2019-06-04 00:05:35,518 | 16908 | [testcase.py-->line:34] | INFO : TestCase "注册重复账号july401" starting------
2019-06-04 00:05:35,518 | 16908 | [testcase.py-->line:45] | INFO : 【Success】
2019-06-04 00:05:35,559 | 16908 | [testcase.py-->line:48] | INFO : TestCase "注册重复账号july401" end
2019-06-04 00:05:35,560 | 16908 | [testcase.py-->line:34] | INFO : TestCase "两次密码不一致1" starting------
2019-06-04 00:05:35,560 | 16908 | [testcase.py-->line:45] | INFO : 【Success】
2019-06-04 00:05:35,596 | 16908 | [testcase.py-->line:48] | INFO : TestCase "两次密码不一致1" end
2019-06-04 00:05:35,597 | 16908 | [testcase.py-->line:34] | INFO : TestCase "两次密码不一致2" starting------
2019-06-04 00:05:35,597 | 16908 | [testcase.py-->line:45] | INFO : 【Success】
2019-06-04 00:05:35,637 | 16908 | [testcase.py-->line:48] | INFO : TestCase "两次密码不一致2" end
2019-06-04 00:05:35,637 | 16908 | [testcase.py-->line:34] | INFO : TestCase "密码长度低于6位" starting------
2019-06-04 00:05:35,637 | 16908 | [testcase.py-->line:45] | INFO : 【Success】
2019-06-04 00:05:35,675 | 16908 | [testcase.py-->line:48] | INFO : TestCase "密码长度低于6位" end
2019-06-04 00:05:35,675 | 16908 | [testcase.py-->line:34] | INFO : TestCase "密码长度高于18位" starting------
2019-06-04 00:05:35,675 | 16908 | [testcase.py-->line:45] | INFO : 【Success】
2019-06-04 00:05:35,713 | 16908 | [testcase.py-->line:48] | INFO : TestCase "密码长度高于18位" end
2019-06-04 00:05:35,713 | 16908 | [testcase.py-->line:34] | INFO : TestCase "账号长度低于6位" starting------
2019-06-04 00:05:35,714 | 16908 | [testcase.py-->line:40] | ERROR: 【Failed】：E{"code": 1, "msg": "注册成功"} != A{'code': 0, 'msg': '账号和密码必须在6-18位之间'}
2019-06-04 00:05:35,751 | 16908 | [testcase.py-->line:48] | INFO : TestCase "账号长度低于6位" end
2019-06-04 00:05:35,752 | 16908 | [testcase.py-->line:34] | INFO : TestCase "账号长度高于18位" starting------
2019-06-04 00:05:35,752 | 16908 | [testcase.py-->line:45] | INFO : 【Success】
2019-06-04 00:05:35,790 | 16908 | [testcase.py-->line:48] | INFO : TestCase "账号长度高于18位" end
2019-06-04 00:07:05,333 | 14972 | [testcase.py-->line:34] | INFO : TestCase "正常账号july401" starting------
2019-06-04 00:07:05,334 | 14972 | [testcase.py-->line:45] | INFO : 【Success】
2019-06-04 00:07:05,379 | 14972 | [testcase.py-->line:48] | INFO : TestCase "正常账号july401" end
2019-06-04 00:07:05,379 | 14972 | [testcase.py-->line:34] | INFO : TestCase "正常账号july402" starting------
2019-06-04 00:07:05,380 | 14972 | [testcase.py-->line:45] | INFO : 【Success】
2019-06-04 00:07:05,418 | 14972 | [testcase.py-->line:48] | INFO : TestCase "正常账号july402" end
2019-06-04 00:07:05,418 | 14972 | [testcase.py-->line:34] | INFO : TestCase "注册重复账号python18" starting------
2019-06-04 00:07:05,418 | 14972 | [testcase.py-->line:45] | INFO : 【Success】
2019-06-04 00:07:05,456 | 14972 | [testcase.py-->line:48] | INFO : TestCase "注册重复账号python18" end
2019-06-04 00:07:05,456 | 14972 | [testcase.py-->line:34] | INFO : TestCase "注册重复账号july401" starting------
2019-06-04 00:07:05,457 | 14972 | [testcase.py-->line:45] | INFO : 【Success】
2019-06-04 00:07:05,494 | 14972 | [testcase.py-->line:48] | INFO : TestCase "注册重复账号july401" end
2019-06-04 00:07:05,494 | 14972 | [testcase.py-->line:34] | INFO : TestCase "两次密码不一致1" starting------
2019-06-04 00:07:05,494 | 14972 | [testcase.py-->line:45] | INFO : 【Success】
2019-06-04 00:07:05,531 | 14972 | [testcase.py-->line:48] | INFO : TestCase "两次密码不一致1" end
2019-06-04 00:07:05,532 | 14972 | [testcase.py-->line:34] | INFO : TestCase "两次密码不一致2" starting------
2019-06-04 00:07:05,532 | 14972 | [testcase.py-->line:45] | INFO : 【Success】
2019-06-04 00:07:05,571 | 14972 | [testcase.py-->line:48] | INFO : TestCase "两次密码不一致2" end
2019-06-04 00:07:05,572 | 14972 | [testcase.py-->line:34] | INFO : TestCase "密码长度低于6位" starting------
2019-06-04 00:07:05,572 | 14972 | [testcase.py-->line:45] | INFO : 【Success】
2019-06-04 00:07:05,609 | 14972 | [testcase.py-->line:48] | INFO : TestCase "密码长度低于6位" end
2019-06-04 00:07:05,610 | 14972 | [testcase.py-->line:34] | INFO : TestCase "密码长度高于18位" starting------
2019-06-04 00:07:05,610 | 14972 | [testcase.py-->line:45] | INFO : 【Success】
2019-06-04 00:07:05,648 | 14972 | [testcase.py-->line:48] | INFO : TestCase "密码长度高于18位" end
2019-06-04 00:07:05,648 | 14972 | [testcase.py-->line:34] | INFO : TestCase "账号长度低于6位" starting------
2019-06-04 00:07:05,648 | 14972 | [testcase.py-->line:40] | ERROR: 【Failed】：E{"code": 1, "msg": "注册成功"} != A{'code': 0, 'msg': '账号和密码必须在6-18位之间'}
2019-06-04 00:07:05,686 | 14972 | [testcase.py-->line:48] | INFO : TestCase "账号长度低于6位" end
2019-06-04 00:07:05,688 | 14972 | [testcase.py-->line:34] | INFO : TestCase "账号长度高于18位" starting------
2019-06-04 00:07:05,688 | 14972 | [testcase.py-->line:45] | INFO : 【Success】
2019-06-04 00:07:05,725 | 14972 | [testcase.py-->line:48] | INFO : TestCase "账号长度高于18位" end
