2019-06-14 02:28:41,229 | 7568 | [case_add.py-->line:47] | INFO : TestCase 添加项目成功 starting------
2019-06-14 02:28:41,229 | 7568 | [R_request.py-->line:38] | INFO : Sending post:http://test.lemonban.com/futureloan/mvc/api/member/login {'mobilephone': '13912345611', 'pwd': '123456'}
2019-06-14 02:28:41,376 | 7568 | [R_request.py-->line:38] | INFO : Sending post:http://test.lemonban.com/futureloan/mvc/api/member/add {'memberId': 777777, 'title': 'test', 'amount': 2000, 'loanRate': 20, 'loanTerm': 6, 'loanDateType': 0, 'repaymemtWay': 4, 'biddingDays': 1}
2019-06-14 02:28:41,418 | 7568 | [case_add.py-->line:47] | INFO : TestCase 添加项目失败，memberId为空 starting------
2019-06-14 02:28:41,419 | 7568 | [R_request.py-->line:38] | INFO : Sending post:http://test.lemonban.com/futureloan/mvc/api/member/login {'mobilephone': '13912345611', 'pwd': '123456'}
2019-06-14 02:28:41,486 | 7568 | [R_request.py-->line:38] | INFO : Sending post:http://test.lemonban.com/futureloan/mvc/api/member/add {'title': 'test', 'amount': 2000, 'loanRate': 20, 'loanTerm': 6, 'loanDateType': 0, 'repaymemtWay': 4, 'biddingDays': 1}
2019-06-14 02:28:41,524 | 7568 | [case_add.py-->line:47] | INFO : TestCase 添加项目失败，title为空 starting------
2019-06-14 02:28:41,524 | 7568 | [R_request.py-->line:38] | INFO : Sending post:http://test.lemonban.com/futureloan/mvc/api/member/login {'mobilephone': '13912345611', 'pwd': '123456'}
2019-06-14 02:28:41,588 | 7568 | [R_request.py-->line:38] | INFO : Sending post:http://test.lemonban.com/futureloan/mvc/api/member/add {'memberId': 777777, 'amount': 2000, 'loanRate': 20, 'loanTerm': 6, 'loanDateType': 0, 'repaymemtWay': 4, 'biddingDays': 1}
2019-06-14 02:28:41,622 | 7568 | [case_add.py-->line:47] | INFO : TestCase 添加项目失败，loanRate为空 starting------
2019-06-14 02:28:41,622 | 7568 | [R_request.py-->line:38] | INFO : Sending post:http://test.lemonban.com/futureloan/mvc/api/member/login {'mobilephone': '13912345611', 'pwd': '123456'}
2019-06-14 02:28:41,707 | 7568 | [R_request.py-->line:38] | INFO : Sending post:http://test.lemonban.com/futureloan/mvc/api/member/add {'memberId': 777777, 'title': 'test', 'amount': 2000, 'loanTerm': 6, 'loanDateType': 0, 'repaymemtWay': 4, 'biddingDays': 1}
2019-06-14 02:28:41,742 | 7568 | [case_add.py-->line:47] | INFO : TestCase 添加项目失败，loanTerm为空 starting------
2019-06-14 02:28:41,742 | 7568 | [R_request.py-->line:38] | INFO : Sending post:http://test.lemonban.com/futureloan/mvc/api/member/login {'mobilephone': '13912345611', 'pwd': '123456'}
2019-06-14 02:28:41,812 | 7568 | [R_request.py-->line:38] | INFO : Sending post:http://test.lemonban.com/futureloan/mvc/api/member/add {'memberId': 777777, 'title': 'test', 'amount': 2000, 'loanRate': 20, 'loanDateType': 0, 'repaymemtWay': 4, 'biddingDays': 1}
2019-06-14 02:28:41,851 | 7568 | [case_add.py-->line:47] | INFO : TestCase 添加项目失败，loanDateType为空 starting------
2019-06-14 02:28:41,851 | 7568 | [R_request.py-->line:38] | INFO : Sending post:http://test.lemonban.com/futureloan/mvc/api/member/login {'mobilephone': '13912345611', 'pwd': '123456'}
2019-06-14 02:28:41,914 | 7568 | [R_request.py-->line:38] | INFO : Sending post:http://test.lemonban.com/futureloan/mvc/api/member/add {'memberId': 777777, 'title': 'test', 'amount': 2000, 'loanRate': 20, 'loanTerm': 6, 'repaymemtWay': 4, 'biddingDays': 1}
2019-06-14 02:28:41,949 | 7568 | [case_add.py-->line:47] | INFO : TestCase 添加项目失败，repaymemtWay为空 starting------
2019-06-14 02:28:41,950 | 7568 | [R_request.py-->line:38] | INFO : Sending post:http://test.lemonban.com/futureloan/mvc/api/member/login {'mobilephone': '13912345611', 'pwd': '123456'}
2019-06-14 02:28:42,014 | 7568 | [R_request.py-->line:38] | INFO : Sending post:http://test.lemonban.com/futureloan/mvc/api/member/add {'memberId': 777777, 'title': 'test', 'amount': 2000, 'loanRate': 20, 'loanTerm': 6, 'loanDateType': 0, 'biddingDays': 1}
2019-06-14 02:28:42,050 | 7568 | [case_add.py-->line:47] | INFO : TestCase 添加项目失败，biddingDays为空 starting------
2019-06-14 02:28:42,050 | 7568 | [R_request.py-->line:38] | INFO : Sending post:http://test.lemonban.com/futureloan/mvc/api/member/login {'mobilephone': '13912345611', 'pwd': '123456'}
2019-06-14 02:28:42,114 | 7568 | [R_request.py-->line:38] | INFO : Sending post:http://test.lemonban.com/futureloan/mvc/api/member/add {'memberId': 777777, 'title': 'test', 'amount': 2000, 'loanRate': 20, 'loanTerm': 6, 'loanDateType': 0, 'repaymemtWay': 4}
2019-06-14 02:28:42,149 | 7568 | [case_add.py-->line:47] | INFO : TestCase 添加项目失败，amount为空 starting------
2019-06-14 02:28:42,149 | 7568 | [R_request.py-->line:38] | INFO : Sending post:http://test.lemonban.com/futureloan/mvc/api/member/login {'mobilephone': '13912345611', 'pwd': '123456'}
2019-06-14 02:28:42,216 | 7568 | [R_request.py-->line:38] | INFO : Sending post:http://test.lemonban.com/futureloan/mvc/api/member/add {'memberId': 777777, 'title': 'test', 'loanRate': 20, 'loanTerm': 6, 'loanDateType': 0, 'repaymemtWay': 4, 'biddingDays': 1}
2019-06-14 02:28:42,255 | 7568 | [case_add.py-->line:47] | INFO : TestCase 添加项目失败，memberId小于0 starting------
2019-06-14 02:28:42,255 | 7568 | [R_request.py-->line:38] | INFO : Sending post:http://test.lemonban.com/futureloan/mvc/api/member/login {'mobilephone': '13912345611', 'pwd': '123456'}
2019-06-14 02:28:42,319 | 7568 | [R_request.py-->line:38] | INFO : Sending post:http://test.lemonban.com/futureloan/mvc/api/member/add {'memberId': -1, 'title': 'test', 'amount': 2000, 'loanRate': 20, 'loanTerm': 6, 'loanDateType': 0, 'repaymemtWay': 4, 'biddingDays': 1}
2019-06-14 02:28:42,357 | 7568 | [case_add.py-->line:47] | INFO : TestCase 添加项目失败，memberId等于0 starting------
2019-06-14 02:28:42,358 | 7568 | [R_request.py-->line:38] | INFO : Sending post:http://test.lemonban.com/futureloan/mvc/api/member/login {'mobilephone': '13912345611', 'pwd': '123456'}
2019-06-14 02:28:42,449 | 7568 | [R_request.py-->line:38] | INFO : Sending post:http://test.lemonban.com/futureloan/mvc/api/member/add {'memberId': 0, 'title': 'test', 'amount': 2000, 'loanRate': 20, 'loanTerm': 6, 'loanDateType': 0, 'repaymemtWay': 4, 'biddingDays': 1}
2019-06-14 02:28:42,486 | 7568 | [case_add.py-->line:47] | INFO : TestCase 添加项目失败，memberId为小数 starting------
2019-06-14 02:28:42,486 | 7568 | [R_request.py-->line:38] | INFO : Sending post:http://test.lemonban.com/futureloan/mvc/api/member/login {'mobilephone': '13912345611', 'pwd': '123456'}
2019-06-14 02:28:42,550 | 7568 | [R_request.py-->line:38] | INFO : Sending post:http://test.lemonban.com/futureloan/mvc/api/member/add {'memberId': 777777.7, 'title': 'test', 'amount': 2000, 'loanRate': 20, 'loanTerm': 6, 'loanDateType': 0, 'repaymemtWay': 4, 'biddingDays': 1}
2019-06-14 02:28:42,586 | 7568 | [case_add.py-->line:47] | INFO : TestCase 添加项目失败，amount小于1000 starting------
2019-06-14 02:28:42,586 | 7568 | [R_request.py-->line:38] | INFO : Sending post:http://test.lemonban.com/futureloan/mvc/api/member/login {'mobilephone': '13912345611', 'pwd': '123456'}
2019-06-14 02:28:42,653 | 7568 | [R_request.py-->line:38] | INFO : Sending post:http://test.lemonban.com/futureloan/mvc/api/member/add {'memberId': 777777, 'title': 'test', 'amount': 900, 'loanRate': 20, 'loanTerm': 6, 'loanDateType': 0, 'repaymemtWay': 4, 'biddingDays': 1}
2019-06-14 02:28:42,688 | 7568 | [case_add.py-->line:47] | INFO : TestCase 添加项目失败，amount等于1000 starting------
2019-06-14 02:28:42,688 | 7568 | [R_request.py-->line:38] | INFO : Sending post:http://test.lemonban.com/futureloan/mvc/api/member/login {'mobilephone': '13912345611', 'pwd': '123456'}
2019-06-14 02:28:42,752 | 7568 | [R_request.py-->line:38] | INFO : Sending post:http://test.lemonban.com/futureloan/mvc/api/member/add {'memberId': 777777, 'title': 'test', 'amount': 1000, 'loanRate': 20, 'loanTerm': 6, 'loanDateType': 0, 'repaymemtWay': 4, 'biddingDays': 1}
2019-06-14 02:28:42,788 | 7568 | [case_add.py-->line:47] | INFO : TestCase 添加项目失败，amount不能被100整除 starting------
2019-06-14 02:28:42,788 | 7568 | [R_request.py-->line:38] | INFO : Sending post:http://test.lemonban.com/futureloan/mvc/api/member/login {'mobilephone': '13912345611', 'pwd': '123456'}
2019-06-14 02:28:42,859 | 7568 | [R_request.py-->line:38] | INFO : Sending post:http://test.lemonban.com/futureloan/mvc/api/member/add {'memberId': 777777, 'title': 'test', 'amount': 1001, 'loanRate': 20, 'loanTerm': 6, 'loanDateType': 0, 'repaymemtWay': 4, 'biddingDays': 1}
2019-06-14 02:28:42,899 | 7568 | [case_add.py-->line:47] | INFO : TestCase 添加项目失败，amount为小数 starting------
2019-06-14 02:28:42,899 | 7568 | [R_request.py-->line:38] | INFO : Sending post:http://test.lemonban.com/futureloan/mvc/api/member/login {'mobilephone': '13912345611', 'pwd': '123456'}
2019-06-14 02:28:42,988 | 7568 | [R_request.py-->line:38] | INFO : Sending post:http://test.lemonban.com/futureloan/mvc/api/member/add {'memberId': 777777, 'title': 'test', 'amount': 2000.5, 'loanRate': 20, 'loanTerm': 6, 'loanDateType': 0, 'repaymemtWay': 4, 'biddingDays': 1}
2019-06-14 02:28:43,025 | 7568 | [case_add.py-->line:47] | INFO : TestCase 添加项目失败，loanRate值必须小于0 starting------
2019-06-14 02:28:43,025 | 7568 | [R_request.py-->line:38] | INFO : Sending post:http://test.lemonban.com/futureloan/mvc/api/member/login {'mobilephone': '13912345611', 'pwd': '123456'}
2019-06-14 02:28:43,088 | 7568 | [R_request.py-->line:38] | INFO : Sending post:http://test.lemonban.com/futureloan/mvc/api/member/add {'memberId': 777777, 'title': 'test', 'amount': 2000, 'loanRate': -1, 'loanTerm': 6, 'loanDateType': 0, 'repaymemtWay': 4, 'biddingDays': 1}
2019-06-14 02:28:43,123 | 7568 | [case_add.py-->line:47] | INFO : TestCase 添加项目失败，loanRate值必须等于0 starting------
2019-06-14 02:28:43,123 | 7568 | [R_request.py-->line:38] | INFO : Sending post:http://test.lemonban.com/futureloan/mvc/api/member/login {'mobilephone': '13912345611', 'pwd': '123456'}
2019-06-14 02:28:43,190 | 7568 | [R_request.py-->line:38] | INFO : Sending post:http://test.lemonban.com/futureloan/mvc/api/member/add {'memberId': 777777, 'title': 'test', 'amount': 2000, 'loanRate': 0, 'loanTerm': 6, 'loanDateType': 0, 'repaymemtWay': 4, 'biddingDays': 1}
2019-06-14 02:28:43,226 | 7568 | [case_add.py-->line:47] | INFO : TestCase 添加项目失败，loanRate值大于24 starting------
2019-06-14 02:28:43,226 | 7568 | [R_request.py-->line:38] | INFO : Sending post:http://test.lemonban.com/futureloan/mvc/api/member/login {'mobilephone': '13912345611', 'pwd': '123456'}
2019-06-14 02:28:43,293 | 7568 | [R_request.py-->line:38] | INFO : Sending post:http://test.lemonban.com/futureloan/mvc/api/member/add {'memberId': 777777, 'title': 'test', 'amount': 2000, 'loanRate': 25, 'loanTerm': 6, 'loanDateType': 0, 'repaymemtWay': 4, 'biddingDays': 1}
2019-06-14 02:28:43,328 | 7568 | [case_add.py-->line:47] | INFO : TestCase 添加项目失败，loanDateType不为0,2,4 starting------
2019-06-14 02:28:43,329 | 7568 | [R_request.py-->line:38] | INFO : Sending post:http://test.lemonban.com/futureloan/mvc/api/member/login {'mobilephone': '13912345611', 'pwd': '123456'}
2019-06-14 02:28:43,395 | 7568 | [R_request.py-->line:38] | INFO : Sending post:http://test.lemonban.com/futureloan/mvc/api/member/add {'memberId': 777777, 'title': 'test', 'amount': 2000, 'loanRate': 20, 'loanTerm': 6, 'loanDateType': 1, 'repaymemtWay': 4, 'biddingDays': 1}
2019-06-14 02:28:43,434 | 7568 | [case_add.py-->line:47] | INFO : TestCase 添加项目失败，memberId非数字 starting------
2019-06-14 02:28:43,435 | 7568 | [R_request.py-->line:38] | INFO : Sending post:http://test.lemonban.com/futureloan/mvc/api/member/login {'mobilephone': '13912345611', 'pwd': '123456'}
2019-06-14 02:28:43,502 | 7568 | [R_request.py-->line:38] | INFO : Sending post:http://test.lemonban.com/futureloan/mvc/api/member/add {'memberId': 'abc', 'title': 'test', 'amount': 2000, 'loanRate': 20, 'loanTerm': 6, 'loanDateType': 0, 'repaymemtWay': 4, 'biddingDays': 1}
2019-06-14 02:28:43,537 | 7568 | [case_add.py-->line:47] | INFO : TestCase 添加项目失败，title非数字 starting------
2019-06-14 02:28:43,537 | 7568 | [R_request.py-->line:38] | INFO : Sending post:http://test.lemonban.com/futureloan/mvc/api/member/login {'mobilephone': '13912345611', 'pwd': '123456'}
2019-06-14 02:28:43,601 | 7568 | [R_request.py-->line:38] | INFO : Sending post:http://test.lemonban.com/futureloan/mvc/api/member/add {'memberId': 777777, 'title': 'abc', 'amount': 2000, 'loanRate': 20, 'loanTerm': 6, 'loanDateType': 0, 'repaymemtWay': 4, 'biddingDays': 1}
2019-06-14 02:28:43,637 | 7568 | [case_add.py-->line:47] | INFO : TestCase 添加项目失败，loanRate非数字 starting------
2019-06-14 02:28:43,637 | 7568 | [R_request.py-->line:38] | INFO : Sending post:http://test.lemonban.com/futureloan/mvc/api/member/login {'mobilephone': '13912345611', 'pwd': '123456'}
2019-06-14 02:28:43,706 | 7568 | [R_request.py-->line:38] | INFO : Sending post:http://test.lemonban.com/futureloan/mvc/api/member/add {'memberId': 777777, 'title': 'test', 'amount': 2000, 'loanRate': 'abc', 'loanTerm': 6, 'loanDateType': 0, 'repaymemtWay': 4, 'biddingDays': 1}
2019-06-14 02:28:43,744 | 7568 | [case_add.py-->line:47] | INFO : TestCase 添加项目失败，loanTerm非数字 starting------
2019-06-14 02:28:43,745 | 7568 | [R_request.py-->line:38] | INFO : Sending post:http://test.lemonban.com/futureloan/mvc/api/member/login {'mobilephone': '13912345611', 'pwd': '123456'}
2019-06-14 02:28:43,815 | 7568 | [R_request.py-->line:38] | INFO : Sending post:http://test.lemonban.com/futureloan/mvc/api/member/add {'memberId': 777777, 'title': 'test', 'amount': 2000, 'loanRate': 20, 'loanTerm': 'abc', 'loanDateType': 0, 'repaymemtWay': 4, 'biddingDays': 1}
2019-06-14 02:28:43,850 | 7568 | [case_add.py-->line:47] | INFO : TestCase 添加项目失败，loanDateType非数字 starting------
2019-06-14 02:28:43,850 | 7568 | [R_request.py-->line:38] | INFO : Sending post:http://test.lemonban.com/futureloan/mvc/api/member/login {'mobilephone': '13912345611', 'pwd': '123456'}
2019-06-14 02:28:43,913 | 7568 | [R_request.py-->line:38] | INFO : Sending post:http://test.lemonban.com/futureloan/mvc/api/member/add {'memberId': 777777, 'title': 'test', 'amount': 2000, 'loanRate': 20, 'loanTerm': 6, 'loanDateType': 'abc', 'repaymemtWay': 4, 'biddingDays': 1}
2019-06-14 02:28:43,949 | 7568 | [case_add.py-->line:47] | INFO : TestCase 添加项目失败，repaymemtWay非数字 starting------
2019-06-14 02:28:43,949 | 7568 | [R_request.py-->line:38] | INFO : Sending post:http://test.lemonban.com/futureloan/mvc/api/member/login {'mobilephone': '13912345611', 'pwd': '123456'}
2019-06-14 02:28:44,018 | 7568 | [R_request.py-->line:38] | INFO : Sending post:http://test.lemonban.com/futureloan/mvc/api/member/add {'memberId': 777777, 'title': 'test', 'amount': 2000, 'loanRate': 20, 'loanTerm': 6, 'loanDateType': 0, 'repaymemtWay': 'abc', 'biddingDays': 1}
2019-06-14 02:28:44,053 | 7568 | [case_add.py-->line:47] | INFO : TestCase 添加项目失败，biddingDays非数字 starting------
2019-06-14 02:28:44,053 | 7568 | [R_request.py-->line:38] | INFO : Sending post:http://test.lemonban.com/futureloan/mvc/api/member/login {'mobilephone': '13912345611', 'pwd': '123456'}
2019-06-14 02:28:44,118 | 7568 | [R_request.py-->line:38] | INFO : Sending post:http://test.lemonban.com/futureloan/mvc/api/member/add {'memberId': 777777, 'title': 'test', 'amount': 2000, 'loanRate': 20, 'loanTerm': 6, 'loanDateType': 0, 'repaymemtWay': 4, 'biddingDays': 'abc'}
2019-06-14 02:28:44,153 | 7568 | [case_add.py-->line:47] | INFO : TestCase 添加项目失败，amount非数字 starting------
2019-06-14 02:28:44,154 | 7568 | [R_request.py-->line:38] | INFO : Sending post:http://test.lemonban.com/futureloan/mvc/api/member/login {'mobilephone': '13912345611', 'pwd': '123456'}
2019-06-14 02:28:44,228 | 7568 | [R_request.py-->line:38] | INFO : Sending post:http://test.lemonban.com/futureloan/mvc/api/member/add {'memberId': 777777, 'title': 'test', 'amount': 'abc', 'loanRate': 20, 'loanTerm': 6, 'loanDateType': 0, 'repaymemtWay': 4, 'biddingDays': 1}
2019-06-14 02:28:44,496 | 7568 | [case_bidLoan.py-->line:47] | INFO : TestCase 竞标成功 starting------
2019-06-14 02:28:44,496 | 7568 | [R_request.py-->line:38] | INFO : Sending post:http://test.lemonban.com/futureloan/mvc/api/member/login {'mobilephone': '13912345611', 'pwd': '123456'}
2019-06-14 02:28:44,612 | 7568 | [R_request.py-->line:31] | INFO : Sending get:http://test.lemonban.com/futureloan/mvc/api/member/bidLoan {'memberId': 77777, 'password': '12345678', 'loanId': 66666, 'amount': 500}
2019-06-14 02:28:44,650 | 7568 | [case_bidLoan.py-->line:63] | ERROR: 【Failed】：E{'status': 1, 'code': '10001', 'data': None, 'msg': '成功'} != A{'status': 0, 'code': '', 'data': None, 'msg': '密码错误'}
2019-06-14 02:28:44,650 | 7568 | [case_bidLoan.py-->line:71] | INFO : TestCase 竞标成功 end------
2019-06-14 02:28:44,651 | 7568 | [case_bidLoan.py-->line:47] | INFO : TestCase 竞标失败，memberId为空 starting------
2019-06-14 02:28:44,651 | 7568 | [R_request.py-->line:38] | INFO : Sending post:http://test.lemonban.com/futureloan/mvc/api/member/login {'mobilephone': '13912345611', 'pwd': '123456'}
2019-06-14 02:28:44,715 | 7568 | [R_request.py-->line:38] | INFO : Sending post:http://test.lemonban.com/futureloan/mvc/api/member/add {'password': '12345678', 'loanId': 66666, 'amount': 500}
2019-06-14 02:28:44,752 | 7568 | [case_bidLoan.py-->line:47] | INFO : TestCase 竞标失败，loanId为空 starting------
2019-06-14 02:28:44,752 | 7568 | [R_request.py-->line:38] | INFO : Sending post:http://test.lemonban.com/futureloan/mvc/api/member/login {'mobilephone': '13912345611', 'pwd': '123456'}
2019-06-14 02:28:44,815 | 7568 | [R_request.py-->line:38] | INFO : Sending post:http://test.lemonban.com/futureloan/mvc/api/member/bidLoan {'memberId': 77777, 'password': '12345678', 'amount': 500}
2019-06-14 02:28:44,851 | 7568 | [case_bidLoan.py-->line:68] | INFO : 【Success】
2019-06-14 02:28:44,851 | 7568 | [case_bidLoan.py-->line:71] | INFO : TestCase 竞标失败，loanId为空 end------
2019-06-14 02:28:44,851 | 7568 | [case_bidLoan.py-->line:47] | INFO : TestCase 竞标失败，password为空 starting------
2019-06-14 02:28:44,851 | 7568 | [R_request.py-->line:38] | INFO : Sending post:http://test.lemonban.com/futureloan/mvc/api/member/login {'mobilephone': '13912345611', 'pwd': '123456'}
2019-06-14 02:28:44,921 | 7568 | [R_request.py-->line:38] | INFO : Sending post:http://test.lemonban.com/futureloan/mvc/api/member/bidLoan {'memberId': 77777, 'loanId': 66666, 'amount': 500}
2019-06-14 02:28:44,957 | 7568 | [case_bidLoan.py-->line:68] | INFO : 【Success】
2019-06-14 02:28:44,958 | 7568 | [case_bidLoan.py-->line:71] | INFO : TestCase 竞标失败，password为空 end------
2019-06-14 02:28:44,964 | 7568 | [case_bidLoan.py-->line:47] | INFO : TestCase 竞标失败，amount为空 starting------
2019-06-14 02:28:44,965 | 7568 | [R_request.py-->line:38] | INFO : Sending post:http://test.lemonban.com/futureloan/mvc/api/member/login {'mobilephone': '13912345611', 'pwd': '123456'}
2019-06-14 02:28:45,029 | 7568 | [R_request.py-->line:38] | INFO : Sending post:http://test.lemonban.com/futureloan/mvc/api/member/bidLoan {'memberId': 77777, 'password': '12345678', 'loanId': 66666}
2019-06-14 02:28:45,063 | 7568 | [case_bidLoan.py-->line:68] | INFO : 【Success】
2019-06-14 02:28:45,064 | 7568 | [case_bidLoan.py-->line:71] | INFO : TestCase 竞标失败，amount为空 end------
2019-06-14 02:28:45,064 | 7568 | [case_bidLoan.py-->line:47] | INFO : TestCase 竞标失败，memberId小于0 starting------
2019-06-14 02:28:45,064 | 7568 | [R_request.py-->line:38] | INFO : Sending post:http://test.lemonban.com/futureloan/mvc/api/member/login {'mobilephone': '13912345611', 'pwd': '123456'}
2019-06-14 02:28:45,136 | 7568 | [R_request.py-->line:38] | INFO : Sending post:http://test.lemonban.com/futureloan/mvc/api/member/bidLoan {'memberId': -1, 'password': '12345678', 'loanId': 66666, 'amount': 500}
2019-06-14 02:28:45,170 | 7568 | [case_bidLoan.py-->line:68] | INFO : 【Success】
2019-06-14 02:28:45,171 | 7568 | [case_bidLoan.py-->line:71] | INFO : TestCase 竞标失败，memberId小于0 end------
2019-06-14 02:28:45,171 | 7568 | [case_bidLoan.py-->line:47] | INFO : TestCase 竞标失败，memberId等于0 starting------
2019-06-14 02:28:45,171 | 7568 | [R_request.py-->line:38] | INFO : Sending post:http://test.lemonban.com/futureloan/mvc/api/member/login {'mobilephone': '13912345611', 'pwd': '123456'}
2019-06-14 02:28:45,238 | 7568 | [R_request.py-->line:38] | INFO : Sending post:http://test.lemonban.com/futureloan/mvc/api/member/bidLoan {'memberId': 0, 'password': '12345678', 'loanId': 66666, 'amount': 500}
2019-06-14 02:28:45,273 | 7568 | [case_bidLoan.py-->line:68] | INFO : 【Success】
2019-06-14 02:28:45,273 | 7568 | [case_bidLoan.py-->line:71] | INFO : TestCase 竞标失败，memberId等于0 end------
2019-06-14 02:28:45,273 | 7568 | [case_bidLoan.py-->line:47] | INFO : TestCase 竞标失败，memberId为小数 starting------
2019-06-14 02:28:45,273 | 7568 | [R_request.py-->line:38] | INFO : Sending post:http://test.lemonban.com/futureloan/mvc/api/member/login {'mobilephone': '13912345611', 'pwd': '123456'}
2019-06-14 02:28:45,340 | 7568 | [R_request.py-->line:38] | INFO : Sending post:http://test.lemonban.com/futureloan/mvc/api/member/bidLoan {'memberId': 77777.5, 'password': '12345678', 'loanId': 66666, 'amount': 500}
2019-06-14 02:28:45,376 | 7568 | [case_bidLoan.py-->line:63] | ERROR: 【Failed】：E{'status': 0, 'code': '11004', 'data': None, 'msg': '参数错误，memberId必须是大于0的正整数'} != A{'status': 0, 'code': '11013', 'data': None, 'msg': '请根据数值参数的类型对应输入合法的数字'}
2019-06-14 02:28:45,376 | 7568 | [case_bidLoan.py-->line:71] | INFO : TestCase 竞标失败，memberId为小数 end------
2019-06-14 02:28:45,377 | 7568 | [case_bidLoan.py-->line:47] | INFO : TestCase 竞标失败，loanId为小于0 starting------
2019-06-14 02:28:45,378 | 7568 | [R_request.py-->line:38] | INFO : Sending post:http://test.lemonban.com/futureloan/mvc/api/member/login {'mobilephone': '13912345611', 'pwd': '123456'}
2019-06-14 02:28:45,443 | 7568 | [R_request.py-->line:38] | INFO : Sending post:http://test.lemonban.com/futureloan/mvc/api/member/bidLoan {'memberId': 77777, 'password': '12345678', 'loanId': -1, 'amount': 500}
2019-06-14 02:28:45,487 | 7568 | [case_bidLoan.py-->line:63] | ERROR: 【Failed】：E{'status': 0, 'code': '11005', 'data': None, 'msg': '参数错误，loanId必须是大于0的正整数'} != A{'status': 0, 'code': '', 'data': None, 'msg': '密码错误'}
2019-06-14 02:28:45,487 | 7568 | [case_bidLoan.py-->line:71] | INFO : TestCase 竞标失败，loanId为小于0 end------
2019-06-14 02:28:45,488 | 7568 | [case_bidLoan.py-->line:47] | INFO : TestCase 竞标失败，loanId为等于0 starting------
2019-06-14 02:28:45,488 | 7568 | [R_request.py-->line:38] | INFO : Sending post:http://test.lemonban.com/futureloan/mvc/api/member/login {'mobilephone': '13912345611', 'pwd': '123456'}
2019-06-14 02:28:45,555 | 7568 | [R_request.py-->line:38] | INFO : Sending post:http://test.lemonban.com/futureloan/mvc/api/member/bidLoan {'memberId': 77777, 'password': '12345678', 'loanId': 0, 'amount': 500}
2019-06-14 02:28:45,591 | 7568 | [case_bidLoan.py-->line:63] | ERROR: 【Failed】：E{'status': 0, 'code': '11005', 'data': None, 'msg': '参数错误，loanId必须是大于0的正整数'} != A{'status': 0, 'code': '', 'data': None, 'msg': '密码错误'}
2019-06-14 02:28:45,591 | 7568 | [case_bidLoan.py-->line:71] | INFO : TestCase 竞标失败，loanId为等于0 end------
2019-06-14 02:28:45,592 | 7568 | [case_bidLoan.py-->line:47] | INFO : TestCase 竞标失败，loanId为小数 starting------
2019-06-14 02:28:45,592 | 7568 | [R_request.py-->line:38] | INFO : Sending post:http://test.lemonban.com/futureloan/mvc/api/member/login {'mobilephone': '13912345611', 'pwd': '123456'}
2019-06-14 02:28:45,658 | 7568 | [R_request.py-->line:38] | INFO : Sending post:http://test.lemonban.com/futureloan/mvc/api/member/bidLoan {'memberId': 77777, 'password': '12345678', 'loanId': 66666.6, 'amount': 500}
2019-06-14 02:28:45,694 | 7568 | [case_bidLoan.py-->line:63] | ERROR: 【Failed】：E{'status': 0, 'code': '11005', 'data': None, 'msg': '参数错误，loanId必须是大于0的正整数'} != A{'status': 0, 'code': '', 'data': None, 'msg': '密码错误'}
2019-06-14 02:28:45,695 | 7568 | [case_bidLoan.py-->line:71] | INFO : TestCase 竞标失败，loanId为小数 end------
2019-06-14 02:28:45,695 | 7568 | [case_bidLoan.py-->line:47] | INFO : TestCase 竞标失败，password长度小于6位 starting------
2019-06-14 02:28:45,696 | 7568 | [R_request.py-->line:38] | INFO : Sending post:http://test.lemonban.com/futureloan/mvc/api/member/login {'mobilephone': '13912345611', 'pwd': '123456'}
2019-06-14 02:28:45,761 | 7568 | [R_request.py-->line:38] | INFO : Sending post:http://test.lemonban.com/futureloan/mvc/api/member/bidLoan {'memberId': 77777, 'password': '123', 'loanId': 66666.6, 'amount': 500}
2019-06-14 02:28:45,796 | 7568 | [case_bidLoan.py-->line:68] | INFO : 【Success】
2019-06-14 02:28:45,797 | 7568 | [case_bidLoan.py-->line:71] | INFO : TestCase 竞标失败，password长度小于6位 end------
2019-06-14 02:28:45,797 | 7568 | [case_bidLoan.py-->line:47] | INFO : TestCase 竞标失败，password长度等于6位 starting------
2019-06-14 02:28:45,797 | 7568 | [R_request.py-->line:38] | INFO : Sending post:http://test.lemonban.com/futureloan/mvc/api/member/login {'mobilephone': '13912345611', 'pwd': '123456'}
2019-06-14 02:28:45,869 | 7568 | [R_request.py-->line:38] | INFO : Sending post:http://test.lemonban.com/futureloan/mvc/api/member/bidLoan {'memberId': 77777, 'password': '111111', 'loanId': 66666.6, 'amount': 500}
2019-06-14 02:28:45,906 | 7568 | [case_bidLoan.py-->line:63] | ERROR: 【Failed】：E{'status': 0, 'code': None, 'data': None, 'msg': '密码错误'} != A{'status': 0, 'code': '', 'data': None, 'msg': '密码错误'}
2019-06-14 02:28:45,906 | 7568 | [case_bidLoan.py-->line:71] | INFO : TestCase 竞标失败，password长度等于6位 end------
2019-06-14 02:28:45,907 | 7568 | [case_bidLoan.py-->line:47] | INFO : TestCase 竞标失败，password长度等于18位 starting------
2019-06-14 02:28:45,907 | 7568 | [R_request.py-->line:38] | INFO : Sending post:http://test.lemonban.com/futureloan/mvc/api/member/login {'mobilephone': '13912345611', 'pwd': '123456'}
2019-06-14 02:28:45,973 | 7568 | [R_request.py-->line:38] | INFO : Sending post:http://test.lemonban.com/futureloan/mvc/api/member/bidLoan {'memberId': 77777, 'password': '123456789123456789', 'loanId': 66666.6, 'amount': 500}
2019-06-14 02:28:46,011 | 7568 | [case_bidLoan.py-->line:63] | ERROR: 【Failed】：E{'status': 0, 'code': None, 'data': None, 'msg': '密码错误'} != A{'status': 0, 'code': '', 'data': None, 'msg': '密码错误'}
2019-06-14 02:28:46,011 | 7568 | [case_bidLoan.py-->line:71] | INFO : TestCase 竞标失败，password长度等于18位 end------
2019-06-14 02:28:46,012 | 7568 | [case_bidLoan.py-->line:47] | INFO : TestCase 竞标失败，password长度大于18位 starting------
2019-06-14 02:28:46,012 | 7568 | [R_request.py-->line:38] | INFO : Sending post:http://test.lemonban.com/futureloan/mvc/api/member/login {'mobilephone': '13912345611', 'pwd': '123456'}
2019-06-14 02:28:46,076 | 7568 | [R_request.py-->line:38] | INFO : Sending post:http://test.lemonban.com/futureloan/mvc/api/member/bidLoan {'memberId': 77777, 'password': '12345678912345678912', 'loanId': 66666.6, 'amount': 500}
2019-06-14 02:28:46,111 | 7568 | [case_bidLoan.py-->line:68] | INFO : 【Success】
2019-06-14 02:28:46,111 | 7568 | [case_bidLoan.py-->line:71] | INFO : TestCase 竞标失败，password长度大于18位 end------
2019-06-14 02:28:46,111 | 7568 | [case_bidLoan.py-->line:47] | INFO : TestCase 竞标失败，amount小于0 starting------
2019-06-14 02:28:46,111 | 7568 | [R_request.py-->line:38] | INFO : Sending post:http://test.lemonban.com/futureloan/mvc/api/member/login {'mobilephone': '13912345611', 'pwd': '123456'}
2019-06-14 02:28:46,196 | 7568 | [R_request.py-->line:38] | INFO : Sending post:http://test.lemonban.com/futureloan/mvc/api/member/bidLoan {'memberId': 77777, 'password': '12345678', 'loanId': 66666, 'amount': -500}
2019-06-14 02:28:46,230 | 7568 | [case_bidLoan.py-->line:68] | INFO : 【Success】
2019-06-14 02:28:46,231 | 7568 | [case_bidLoan.py-->line:71] | INFO : TestCase 竞标失败，amount小于0 end------
2019-06-14 02:28:46,231 | 7568 | [case_bidLoan.py-->line:47] | INFO : TestCase 竞标失败，amount为小数 starting------
2019-06-14 02:28:46,231 | 7568 | [R_request.py-->line:38] | INFO : Sending post:http://test.lemonban.com/futureloan/mvc/api/member/login {'mobilephone': '13912345611', 'pwd': '123456'}
2019-06-14 02:28:46,304 | 7568 | [R_request.py-->line:38] | INFO : Sending post:http://test.lemonban.com/futureloan/mvc/api/member/bidLoan {'memberId': 77777, 'password': '12345678', 'loanId': 66666, 'amount': 500.5}
2019-06-14 02:28:46,339 | 7568 | [case_bidLoan.py-->line:68] | INFO : 【Success】
2019-06-14 02:28:46,340 | 7568 | [case_bidLoan.py-->line:71] | INFO : TestCase 竞标失败，amount为小数 end------
2019-06-14 02:28:46,340 | 7568 | [case_bidLoan.py-->line:47] | INFO : TestCase 竞标失败，amount不能被500整除 starting------
2019-06-14 02:28:46,341 | 7568 | [R_request.py-->line:38] | INFO : Sending post:http://test.lemonban.com/futureloan/mvc/api/member/login {'mobilephone': '13912345611', 'pwd': '123456'}
2019-06-14 02:28:46,411 | 7568 | [R_request.py-->line:38] | INFO : Sending post:http://test.lemonban.com/futureloan/mvc/api/member/bidLoan {'memberId': 77777, 'password': '12345678', 'loanId': 66666, 'amount': 501}
2019-06-14 02:28:46,447 | 7568 | [case_bidLoan.py-->line:68] | INFO : 【Success】
2019-06-14 02:28:46,448 | 7568 | [case_bidLoan.py-->line:71] | INFO : TestCase 竞标失败，amount不能被500整除 end------
2019-06-14 02:28:46,448 | 7568 | [case_bidLoan.py-->line:47] | INFO : TestCase 竞标失败，不存在该用户 starting------
2019-06-14 02:28:46,448 | 7568 | [R_request.py-->line:38] | INFO : Sending post:http://test.lemonban.com/futureloan/mvc/api/member/login {'mobilephone': '13912345611', 'pwd': '123456'}
2019-06-14 02:28:46,524 | 7568 | [R_request.py-->line:38] | INFO : Sending post:http://test.lemonban.com/futureloan/mvc/api/member/bidLoan {'memberId': 'xxx', 'password': 'xxx', 'loanId': 'xxx', 'amount': 'xxx'}
2019-06-14 02:28:46,560 | 7568 | [case_bidLoan.py-->line:63] | ERROR: 【Failed】：E{'status': 0, 'code': '11008', 'data': None, 'msg': '不存在该用户'} != A{'status': 0, 'code': '11013', 'data': None, 'msg': '请根据数值参数的类型对应输入合法的数字'}
2019-06-14 02:28:46,561 | 7568 | [case_bidLoan.py-->line:71] | INFO : TestCase 竞标失败，不存在该用户 end------
2019-06-14 02:28:46,562 | 7568 | [case_bidLoan.py-->line:47] | INFO : TestCase 竞标失败，不存在该标的 starting------
2019-06-14 02:28:46,562 | 7568 | [R_request.py-->line:38] | INFO : Sending post:http://test.lemonban.com/futureloan/mvc/api/member/login {'mobilephone': '13912345611', 'pwd': '123456'}
2019-06-14 02:28:46,624 | 7568 | [R_request.py-->line:38] | INFO : Sending post:http://test.lemonban.com/futureloan/mvc/api/member/bidLoan {'memberId': 'xxx', 'password': 'xxx', 'loanId': 'xxx', 'amount': 'xxx'}
2019-06-14 02:28:46,662 | 7568 | [case_bidLoan.py-->line:63] | ERROR: 【Failed】：E{'status': 0, 'code': '11009', 'data': None, 'msg': '不存在该标的'} != A{'status': 0, 'code': '11013', 'data': None, 'msg': '请根据数值参数的类型对应输入合法的数字'}
2019-06-14 02:28:46,662 | 7568 | [case_bidLoan.py-->line:71] | INFO : TestCase 竞标失败，不存在该标的 end------
2019-06-14 02:28:46,663 | 7568 | [case_bidLoan.py-->line:47] | INFO : TestCase 竞标失败，该标不在竞标中状态，无法完成投标 starting------
2019-06-14 02:28:46,663 | 7568 | [R_request.py-->line:38] | INFO : Sending post:http://test.lemonban.com/futureloan/mvc/api/member/login {'mobilephone': '13912345611', 'pwd': '123456'}
2019-06-14 02:28:46,726 | 7568 | [R_request.py-->line:38] | INFO : Sending post:http://test.lemonban.com/futureloan/mvc/api/member/bidLoan {'memberId': 'xxx', 'password': 'xxx', 'loanId': 'xxx', 'amount': 'xxx'}
2019-06-14 02:28:46,776 | 7568 | [case_bidLoan.py-->line:63] | ERROR: 【Failed】：E{'status': 0, 'code': '11010', 'data': None, 'msg': '该标不在竞标中状态，无法完成投标'} != A{'status': 0, 'code': '11013', 'data': None, 'msg': '请根据数值参数的类型对应输入合法的数字'}
2019-06-14 02:28:46,776 | 7568 | [case_bidLoan.py-->line:71] | INFO : TestCase 竞标失败，该标不在竞标中状态，无法完成投标 end------
2019-06-14 02:28:46,777 | 7568 | [case_bidLoan.py-->line:47] | INFO : TestCase 竞标失败，该标已经满标,无法进行投资 starting------
2019-06-14 02:28:46,777 | 7568 | [R_request.py-->line:38] | INFO : Sending post:http://test.lemonban.com/futureloan/mvc/api/member/login {'mobilephone': '13912345611', 'pwd': '123456'}
2019-06-14 02:28:46,842 | 7568 | [R_request.py-->line:38] | INFO : Sending post:http://test.lemonban.com/futureloan/mvc/api/member/bidLoan {'memberId': 'xxx', 'password': 'xxx', 'loanId': 'xxx', 'amount': 'xxx'}
2019-06-14 02:28:46,878 | 7568 | [case_bidLoan.py-->line:63] | ERROR: 【Failed】：E{'status': 0, 'code': '11011', 'data': None, 'msg': '该标已经满标,无法进行投资'} != A{'status': 0, 'code': '11013', 'data': None, 'msg': '请根据数值参数的类型对应输入合法的数字'}
2019-06-14 02:28:46,879 | 7568 | [case_bidLoan.py-->line:71] | INFO : TestCase 竞标失败，该标已经满标,无法进行投资 end------
2019-06-14 02:28:46,880 | 7568 | [case_bidLoan.py-->line:47] | INFO : TestCase 竞标失败，该标可投金额不足 starting------
2019-06-14 02:28:46,880 | 7568 | [R_request.py-->line:38] | INFO : Sending post:http://test.lemonban.com/futureloan/mvc/api/member/login {'mobilephone': '13912345611', 'pwd': '123456'}
2019-06-14 02:28:46,967 | 7568 | [R_request.py-->line:38] | INFO : Sending post:http://test.lemonban.com/futureloan/mvc/api/member/bidLoan {'memberId': 'xxx', 'password': 'xxx', 'loanId': 'xxx', 'amount': 'xxx'}
2019-06-14 02:28:47,002 | 7568 | [case_bidLoan.py-->line:63] | ERROR: 【Failed】：E{'status': 0, 'code': '11012', 'data': None, 'msg': '该标可投金额不足'} != A{'status': 0, 'code': '11013', 'data': None, 'msg': '请根据数值参数的类型对应输入合法的数字'}
2019-06-14 02:28:47,002 | 7568 | [case_bidLoan.py-->line:71] | INFO : TestCase 竞标失败，该标可投金额不足 end------
2019-06-14 02:28:47,003 | 7568 | [case_bidLoan.py-->line:47] | INFO : TestCase 竞标失败，memberId非数字 starting------
2019-06-14 02:28:47,003 | 7568 | [R_request.py-->line:38] | INFO : Sending post:http://test.lemonban.com/futureloan/mvc/api/member/login {'mobilephone': '13912345611', 'pwd': '123456'}
2019-06-14 02:28:47,069 | 7568 | [R_request.py-->line:38] | INFO : Sending post:http://test.lemonban.com/futureloan/mvc/api/member/bidLoan {'memberId': 'abc', 'password': '12345678', 'loanId': 66666, 'amount': 500}
2019-06-14 02:28:47,103 | 7568 | [case_bidLoan.py-->line:68] | INFO : 【Success】
2019-06-14 02:28:47,104 | 7568 | [case_bidLoan.py-->line:71] | INFO : TestCase 竞标失败，memberId非数字 end------
2019-06-14 02:28:47,104 | 7568 | [case_bidLoan.py-->line:47] | INFO : TestCase 竞标失败，amount非数字 starting------
2019-06-14 02:28:47,104 | 7568 | [R_request.py-->line:38] | INFO : Sending post:http://test.lemonban.com/futureloan/mvc/api/member/login {'mobilephone': '13912345611', 'pwd': '123456'}
2019-06-14 02:28:47,172 | 7568 | [R_request.py-->line:38] | INFO : Sending post:http://test.lemonban.com/futureloan/mvc/api/member/bidLoan {'memberId': 77777, 'password': '12345678', 'loanId': 66666, 'amount': 'abc'}
2019-06-14 02:28:47,207 | 7568 | [case_bidLoan.py-->line:68] | INFO : 【Success】
2019-06-14 02:28:47,207 | 7568 | [case_bidLoan.py-->line:71] | INFO : TestCase 竞标失败，amount非数字 end------
2019-06-14 02:28:47,437 | 7568 | [case_login.py-->line:47] | INFO : TestCase 登陆成功 starting------
2019-06-14 02:28:47,437 | 7568 | [R_request.py-->line:38] | INFO : Sending post:http://test.lemonban.com/futureloan/mvc/api/member/login {'mobilephone': '13912345611', 'pwd': '123456'}
2019-06-14 02:28:47,546 | 7568 | [case_login.py-->line:65] | INFO : 【Success】：E{'status': 1, 'code': '10001', 'data': None, 'msg': '成功'} == A{'status': 1, 'code': '10001', 'data': None, 'msg': '登录成功'}
2019-06-14 02:28:47,546 | 7568 | [case_login.py-->line:68] | INFO : TestCase 登陆成功 end------
2019-06-14 02:28:47,547 | 7568 | [case_login.py-->line:47] | INFO : TestCase 登陆失败，手机号码为空 starting------
2019-06-14 02:28:47,547 | 7568 | [R_request.py-->line:38] | INFO : Sending post:http://test.lemonban.com/futureloan/mvc/api/member/login {'pwd': '123456'}
2019-06-14 02:28:47,581 | 7568 | [case_login.py-->line:65] | INFO : 【Success】：E{'status': 0, 'code': '20103', 'data': None, 'msg': '参数错误：参数不能为空'} == A{'status': 0, 'code': '20103', 'data': None, 'msg': '手机号不能为空'}
2019-06-14 02:28:47,582 | 7568 | [case_login.py-->line:68] | INFO : TestCase 登陆失败，手机号码为空 end------
2019-06-14 02:28:47,582 | 7568 | [case_login.py-->line:47] | INFO : TestCase 登陆失败，密码为空 starting------
2019-06-14 02:28:47,582 | 7568 | [R_request.py-->line:38] | INFO : Sending post:http://test.lemonban.com/futureloan/mvc/api/member/login {'mobilephone': '13912345611'}
2019-06-14 02:28:47,616 | 7568 | [case_login.py-->line:65] | INFO : 【Success】：E{'status': 0, 'code': '20103', 'data': None, 'msg': '参数错误：参数不能为空'} == A{'status': 0, 'code': '20103', 'data': None, 'msg': '密码不能为空'}
2019-06-14 02:28:47,617 | 7568 | [case_login.py-->line:68] | INFO : TestCase 登陆失败，密码为空 end------
2019-06-14 02:28:47,617 | 7568 | [case_login.py-->line:47] | INFO : TestCase 登陆失败，用户名或者密码错误 starting------
2019-06-14 02:28:47,617 | 7568 | [R_request.py-->line:38] | INFO : Sending post:http://test.lemonban.com/futureloan/mvc/api/member/login {'mobilephone': '13912345611', 'pwd': '123457'}
2019-06-14 02:28:47,685 | 7568 | [case_login.py-->line:65] | INFO : 【Success】：E{'status': 0, 'code': '20111', 'data': None, 'msg': '用户名或者密码错误'} == A{'status': 0, 'code': '20111', 'data': None, 'msg': '用户名或密码错误'}
2019-06-14 02:28:47,686 | 7568 | [case_login.py-->line:68] | INFO : TestCase 登陆失败，用户名或者密码错误 end------
2019-06-14 02:28:47,961 | 7568 | [case_recharge.py-->line:47] | INFO : TestCase 充值成功 starting------
2019-06-14 02:28:47,961 | 7568 | [R_request.py-->line:38] | INFO : Sending post:http://test.lemonban.com/futureloan/mvc/api/member/login {'mobilephone': '13912345611', 'pwd': '123456'}
2019-06-14 02:28:48,065 | 7568 | [R_request.py-->line:31] | INFO : Sending get:http://test.lemonban.com/futureloan/mvc/api/member/recharge {'mobilephone': '13912345611', 'amount': 500}
2019-06-14 02:28:48,230 | 7568 | [case_recharge.py-->line:68] | INFO : 【Success】
2019-06-14 02:28:48,230 | 7568 | [case_recharge.py-->line:71] | INFO : TestCase 充值成功 end------
2019-06-14 02:28:48,230 | 7568 | [case_recharge.py-->line:47] | INFO : TestCase 充值失败，手机号码为空 starting------
2019-06-14 02:28:48,230 | 7568 | [R_request.py-->line:38] | INFO : Sending post:http://test.lemonban.com/futureloan/mvc/api/member/login {'mobilephone': '13912345611', 'pwd': '123456'}
2019-06-14 02:28:48,301 | 7568 | [R_request.py-->line:31] | INFO : Sending get:http://test.lemonban.com/futureloan/mvc/api/member/recharge {'amount': 500}
2019-06-14 02:28:48,336 | 7568 | [case_recharge.py-->line:68] | INFO : 【Success】
2019-06-14 02:28:48,336 | 7568 | [case_recharge.py-->line:71] | INFO : TestCase 充值失败，手机号码为空 end------
2019-06-14 02:28:48,336 | 7568 | [case_recharge.py-->line:47] | INFO : TestCase 充值失败，此手机号对应的会员不存在 starting------
2019-06-14 02:28:48,336 | 7568 | [R_request.py-->line:38] | INFO : Sending post:http://test.lemonban.com/futureloan/mvc/api/member/login {'mobilephone': '13912345611', 'pwd': '123456'}
2019-06-14 02:28:48,404 | 7568 | [R_request.py-->line:31] | INFO : Sending get:http://test.lemonban.com/futureloan/mvc/api/member/recharge {'mobilephone': '13912345655', 'amount': 500}
2019-06-14 02:28:48,470 | 7568 | [case_recharge.py-->line:68] | INFO : 【Success】
2019-06-14 02:28:48,471 | 7568 | [case_recharge.py-->line:71] | INFO : TestCase 充值失败，此手机号对应的会员不存在 end------
2019-06-14 02:28:48,471 | 7568 | [case_recharge.py-->line:47] | INFO : TestCase 充值失败，手机格式不正确 starting------
2019-06-14 02:28:48,471 | 7568 | [R_request.py-->line:38] | INFO : Sending post:http://test.lemonban.com/futureloan/mvc/api/member/login {'mobilephone': '13912345611', 'pwd': '123456'}
2019-06-14 02:28:48,539 | 7568 | [R_request.py-->line:31] | INFO : Sending get:http://test.lemonban.com/futureloan/mvc/api/member/recharge {'mobilephone': '175', 'amount': 500}
2019-06-14 02:28:48,573 | 7568 | [case_recharge.py-->line:68] | INFO : 【Success】
2019-06-14 02:28:48,574 | 7568 | [case_recharge.py-->line:71] | INFO : TestCase 充值失败，手机格式不正确 end------
2019-06-14 02:28:48,574 | 7568 | [case_recharge.py-->line:47] | INFO : TestCase 充值失败，充值额度为空 starting------
2019-06-14 02:28:48,574 | 7568 | [R_request.py-->line:38] | INFO : Sending post:http://test.lemonban.com/futureloan/mvc/api/member/login {'mobilephone': '13912345611', 'pwd': '123456'}
2019-06-14 02:28:48,641 | 7568 | [R_request.py-->line:31] | INFO : Sending get:http://test.lemonban.com/futureloan/mvc/api/member/recharge {'mobilephone': '13912345611'}
2019-06-14 02:28:48,676 | 7568 | [case_recharge.py-->line:68] | INFO : 【Success】
2019-06-14 02:28:48,677 | 7568 | [case_recharge.py-->line:71] | INFO : TestCase 充值失败，充值额度为空 end------
2019-06-14 02:28:48,677 | 7568 | [case_recharge.py-->line:47] | INFO : TestCase 充值失败，输入金额小数超过两位 starting------
2019-06-14 02:28:48,677 | 7568 | [R_request.py-->line:38] | INFO : Sending post:http://test.lemonban.com/futureloan/mvc/api/member/login {'mobilephone': '13912345611', 'pwd': '123456'}
2019-06-14 02:28:48,746 | 7568 | [R_request.py-->line:31] | INFO : Sending get:http://test.lemonban.com/futureloan/mvc/api/member/recharge {'mobilephone': '13912345611', 'amount': 500.123}
2019-06-14 02:28:48,781 | 7568 | [case_recharge.py-->line:68] | INFO : 【Success】
2019-06-14 02:28:48,781 | 7568 | [case_recharge.py-->line:71] | INFO : TestCase 充值失败，输入金额小数超过两位 end------
2019-06-14 02:28:48,781 | 7568 | [case_recharge.py-->line:47] | INFO : TestCase 充值失败，充值额度低于0(负数) starting------
2019-06-14 02:28:48,781 | 7568 | [R_request.py-->line:38] | INFO : Sending post:http://test.lemonban.com/futureloan/mvc/api/member/login {'mobilephone': '13912345611', 'pwd': '123456'}
2019-06-14 02:28:48,848 | 7568 | [R_request.py-->line:31] | INFO : Sending get:http://test.lemonban.com/futureloan/mvc/api/member/recharge {'mobilephone': '13912345611', 'amount': -5}
2019-06-14 02:28:48,883 | 7568 | [case_recharge.py-->line:68] | INFO : 【Success】
2019-06-14 02:28:48,884 | 7568 | [case_recharge.py-->line:71] | INFO : TestCase 充值失败，充值额度低于0(负数) end------
2019-06-14 02:28:48,884 | 7568 | [case_recharge.py-->line:47] | INFO : TestCase 充值失败，充值额度高于50万 starting------
2019-06-14 02:28:48,884 | 7568 | [R_request.py-->line:38] | INFO : Sending post:http://test.lemonban.com/futureloan/mvc/api/member/login {'mobilephone': '13912345611', 'pwd': '123456'}
2019-06-14 02:28:48,948 | 7568 | [R_request.py-->line:31] | INFO : Sending get:http://test.lemonban.com/futureloan/mvc/api/member/recharge {'mobilephone': '13912345611', 'amount': 500001}
2019-06-14 02:28:48,984 | 7568 | [case_recharge.py-->line:68] | INFO : 【Success】
2019-06-14 02:28:48,984 | 7568 | [case_recharge.py-->line:71] | INFO : TestCase 充值失败，充值额度高于50万 end------
2019-06-14 02:28:48,984 | 7568 | [case_recharge.py-->line:47] | INFO : TestCase 充值失败，充值额度输入非数字 starting------
2019-06-14 02:28:48,984 | 7568 | [R_request.py-->line:38] | INFO : Sending post:http://test.lemonban.com/futureloan/mvc/api/member/login {'mobilephone': '13912345611', 'pwd': '123456'}
2019-06-14 02:28:49,048 | 7568 | [R_request.py-->line:31] | INFO : Sending get:http://test.lemonban.com/futureloan/mvc/api/member/recharge {'mobilephone': '13912345611', 'amount': 'abc'}
2019-06-14 02:28:49,085 | 7568 | [case_recharge.py-->line:68] | INFO : 【Success】
2019-06-14 02:28:49,085 | 7568 | [case_recharge.py-->line:71] | INFO : TestCase 充值失败，充值额度输入非数字 end------
2019-06-14 02:28:49,316 | 7568 | [case_withdraw.py-->line:47] | INFO : TestCase 取现成功 starting------
2019-06-14 02:28:49,316 | 7568 | [R_request.py-->line:38] | INFO : Sending post:http://test.lemonban.com/futureloan/mvc/api/member/login {'mobilephone': '13912345611', 'pwd': '123456'}
2019-06-14 02:28:49,421 | 7568 | [R_request.py-->line:31] | INFO : Sending get:http://test.lemonban.com/futureloan/mvc/api/member/withdraw {'mobilephone': '13912345611', 'amount': 500}
2019-06-14 02:28:49,595 | 7568 | [case_withdraw.py-->line:68] | INFO : 【Success】
2019-06-14 02:28:49,595 | 7568 | [case_withdraw.py-->line:71] | INFO : TestCase 取现成功 end------
2019-06-14 02:28:49,596 | 7568 | [case_withdraw.py-->line:47] | INFO : TestCase 取现失败，手机号码为空 starting------
2019-06-14 02:28:49,596 | 7568 | [R_request.py-->line:38] | INFO : Sending post:http://test.lemonban.com/futureloan/mvc/api/member/login {'mobilephone': '13912345611', 'pwd': '123456'}
2019-06-14 02:28:49,666 | 7568 | [R_request.py-->line:31] | INFO : Sending get:http://test.lemonban.com/futureloan/mvc/api/member/withdraw {'amount': 500}
2019-06-14 02:28:49,701 | 7568 | [case_withdraw.py-->line:68] | INFO : 【Success】
2019-06-14 02:28:49,701 | 7568 | [case_withdraw.py-->line:71] | INFO : TestCase 取现失败，手机号码为空 end------
2019-06-14 02:28:49,702 | 7568 | [case_withdraw.py-->line:47] | INFO : TestCase 取现失败，此手机号对应的会员不存在 starting------
2019-06-14 02:28:49,702 | 7568 | [R_request.py-->line:38] | INFO : Sending post:http://test.lemonban.com/futureloan/mvc/api/member/login {'mobilephone': '13912345611', 'pwd': '123456'}
2019-06-14 02:28:49,771 | 7568 | [R_request.py-->line:31] | INFO : Sending get:http://test.lemonban.com/futureloan/mvc/api/member/withdraw {'mobilephone': '13912345655', 'amount': 500}
2019-06-14 02:28:49,857 | 7568 | [case_withdraw.py-->line:63] | ERROR: 【Failed】：E{'status': 0, 'code': '20104', 'data': None, 'msg': '此手机号对应的会员不存在'} != A{'status': 1, 'code': '20104', 'data': None, 'msg': '此手机号对应的会员不存在'}
2019-06-14 02:28:49,857 | 7568 | [case_withdraw.py-->line:71] | INFO : TestCase 取现失败，此手机号对应的会员不存在 end------
2019-06-14 02:28:49,859 | 7568 | [case_withdraw.py-->line:47] | INFO : TestCase 取现失败，手机号码格式不正确 starting------
2019-06-14 02:28:49,859 | 7568 | [R_request.py-->line:38] | INFO : Sending post:http://test.lemonban.com/futureloan/mvc/api/member/login {'mobilephone': '13912345611', 'pwd': '123456'}
2019-06-14 02:28:49,930 | 7568 | [R_request.py-->line:31] | INFO : Sending get:http://test.lemonban.com/futureloan/mvc/api/member/withdraw {'mobilephone': '123', 'amount': 500}
2019-06-14 02:28:49,963 | 7568 | [case_withdraw.py-->line:68] | INFO : 【Success】
2019-06-14 02:28:49,963 | 7568 | [case_withdraw.py-->line:71] | INFO : TestCase 取现失败，手机号码格式不正确 end------
2019-06-14 02:28:49,963 | 7568 | [case_withdraw.py-->line:47] | INFO : TestCase 取现失败，请输入金额 starting------
2019-06-14 02:28:49,963 | 7568 | [R_request.py-->line:38] | INFO : Sending post:http://test.lemonban.com/futureloan/mvc/api/member/login {'mobilephone': '13912345611', 'pwd': '123456'}
2019-06-14 02:28:50,029 | 7568 | [R_request.py-->line:31] | INFO : Sending get:http://test.lemonban.com/futureloan/mvc/api/member/withdraw {'mobilephone': '13912345611'}
2019-06-14 02:28:50,064 | 7568 | [case_withdraw.py-->line:68] | INFO : 【Success】
2019-06-14 02:28:50,064 | 7568 | [case_withdraw.py-->line:71] | INFO : TestCase 取现失败，请输入金额 end------
2019-06-14 02:28:50,065 | 7568 | [case_withdraw.py-->line:47] | INFO : TestCase 取现失败，输入金额小数超过两位 starting------
2019-06-14 02:28:50,065 | 7568 | [R_request.py-->line:38] | INFO : Sending post:http://test.lemonban.com/futureloan/mvc/api/member/login {'mobilephone': '13912345611', 'pwd': '123456'}
2019-06-14 02:28:50,129 | 7568 | [R_request.py-->line:31] | INFO : Sending get:http://test.lemonban.com/futureloan/mvc/api/member/withdraw {'mobilephone': '13912345611', 'amount': 500.123}
2019-06-14 02:28:50,163 | 7568 | [case_withdraw.py-->line:68] | INFO : 【Success】
2019-06-14 02:28:50,163 | 7568 | [case_withdraw.py-->line:71] | INFO : TestCase 取现失败，输入金额小数超过两位 end------
2019-06-14 02:28:50,163 | 7568 | [case_withdraw.py-->line:47] | INFO : TestCase 取现失败，充值额度低于0(负数) starting------
2019-06-14 02:28:50,163 | 7568 | [R_request.py-->line:38] | INFO : Sending post:http://test.lemonban.com/futureloan/mvc/api/member/login {'mobilephone': '13912345611', 'pwd': '123456'}
2019-06-14 02:28:50,224 | 7568 | [R_request.py-->line:31] | INFO : Sending get:http://test.lemonban.com/futureloan/mvc/api/member/withdraw {'mobilephone': '13912345611', 'amount': -5}
2019-06-14 02:28:50,292 | 7568 | [case_withdraw.py-->line:68] | INFO : 【Success】
2019-06-14 02:28:50,293 | 7568 | [case_withdraw.py-->line:71] | INFO : TestCase 取现失败，充值额度低于0(负数) end------
2019-06-14 02:28:50,293 | 7568 | [case_withdraw.py-->line:47] | INFO : TestCase 取现失败，充值额度高于50万 starting------
2019-06-14 02:28:50,293 | 7568 | [R_request.py-->line:38] | INFO : Sending post:http://test.lemonban.com/futureloan/mvc/api/member/login {'mobilephone': '13912345611', 'pwd': '123456'}
2019-06-14 02:28:50,363 | 7568 | [R_request.py-->line:31] | INFO : Sending get:http://test.lemonban.com/futureloan/mvc/api/member/withdraw {'mobilephone': '13912345611', 'amount': 500001}
2019-06-14 02:28:50,448 | 7568 | [case_withdraw.py-->line:68] | INFO : 【Success】
2019-06-14 02:28:50,448 | 7568 | [case_withdraw.py-->line:71] | INFO : TestCase 取现失败，充值额度高于50万 end------
2019-06-14 02:28:50,448 | 7568 | [case_withdraw.py-->line:47] | INFO : TestCase 取现失败，取现额度输入非数字 starting------
2019-06-14 02:28:50,449 | 7568 | [R_request.py-->line:38] | INFO : Sending post:http://test.lemonban.com/futureloan/mvc/api/member/login {'mobilephone': '13912345611', 'pwd': '123456'}
2019-06-14 02:28:50,552 | 7568 | [R_request.py-->line:31] | INFO : Sending get:http://test.lemonban.com/futureloan/mvc/api/member/withdraw {'mobilephone': '13912345611', 'amount': 'abc'}
2019-06-14 02:28:50,587 | 7568 | [case_withdraw.py-->line:68] | INFO : 【Success】
2019-06-14 02:28:50,587 | 7568 | [case_withdraw.py-->line:71] | INFO : TestCase 取现失败，取现额度输入非数字 end------
2019-06-14 02:28:50,588 | 7568 | [case_withdraw.py-->line:47] | INFO : TestCase 取现失败，余额不足，请修改提现额度 starting------
2019-06-14 02:28:50,588 | 7568 | [R_request.py-->line:38] | INFO : Sending post:http://test.lemonban.com/futureloan/mvc/api/member/login {'mobilephone': '13912345611', 'pwd': '123456'}
2019-06-14 02:28:50,666 | 7568 | [R_request.py-->line:31] | INFO : Sending get:http://test.lemonban.com/futureloan/mvc/api/member/withdraw {'mobilephone': '13912345611', 'amount': 10000}
2019-06-14 02:28:50,734 | 7568 | [case_withdraw.py-->line:63] | ERROR: 【Failed】：E{'status': 0, 'code': '20119', 'data': None, 'msg': '余额不足，请修改提现额度'} != A{'status': 1, 'code': '20119', 'data': None, 'msg': '余额不足，请修改提现额度'}
2019-06-14 02:28:50,734 | 7568 | [case_withdraw.py-->line:71] | INFO : TestCase 取现失败，余额不足，请修改提现额度 end------
2019-06-14 02:28:50,735 | 7568 | [case_withdraw.py-->line:47] | INFO : TestCase None starting------
2019-06-14 02:28:50,735 | 7568 | [R_request.py-->line:38] | INFO : Sending post:http://test.lemonban.com/futureloan/mvc/api/member/login {'mobilephone': '13912345611', 'pwd': '123456'}
