2019-06-03 14:58:47,510 | 29992 | [hwk5_30_testcase.py-->line:41] | INFO : TestCase "正常账号july401" starting------
2019-06-03 14:58:47,510 | 29992 | [hwk5_30_testcase.py-->line:52] | INFO : 【Success】
2019-06-03 14:58:47,534 | 29992 | [hwk5_30_testcase.py-->line:55] | INFO : TestCase "正常账号july401" end
2019-06-03 14:58:47,534 | 29992 | [hwk5_30_testcase.py-->line:41] | INFO : TestCase "正常账号july402" starting------
2019-06-03 14:58:47,534 | 29992 | [hwk5_30_testcase.py-->line:52] | INFO : 【Success】
2019-06-03 14:58:47,554 | 29992 | [hwk5_30_testcase.py-->line:55] | INFO : TestCase "正常账号july402" end
2019-06-03 14:58:47,555 | 29992 | [hwk5_30_testcase.py-->line:41] | INFO : TestCase "注册重复账号python18" starting------
2019-06-03 14:58:47,555 | 29992 | [hwk5_30_testcase.py-->line:52] | INFO : 【Success】
2019-06-03 14:58:47,577 | 29992 | [hwk5_30_testcase.py-->line:55] | INFO : TestCase "注册重复账号python18" end
2019-06-03 14:58:47,577 | 29992 | [hwk5_30_testcase.py-->line:41] | INFO : TestCase "注册重复账号july401" starting------
2019-06-03 14:58:47,577 | 29992 | [hwk5_30_testcase.py-->line:52] | INFO : 【Success】
2019-06-03 14:58:47,600 | 29992 | [hwk5_30_testcase.py-->line:55] | INFO : TestCase "注册重复账号july401" end
2019-06-03 14:58:47,600 | 29992 | [hwk5_30_testcase.py-->line:41] | INFO : TestCase "两次密码不一致1" starting------
2019-06-03 14:58:47,600 | 29992 | [hwk5_30_testcase.py-->line:52] | INFO : 【Success】
2019-06-03 14:58:47,619 | 29992 | [hwk5_30_testcase.py-->line:55] | INFO : TestCase "两次密码不一致1" end
2019-06-03 14:58:47,619 | 29992 | [hwk5_30_testcase.py-->line:41] | INFO : TestCase "两次密码不一致2" starting------
2019-06-03 14:58:47,619 | 29992 | [hwk5_30_testcase.py-->line:52] | INFO : 【Success】
2019-06-03 14:58:47,641 | 29992 | [hwk5_30_testcase.py-->line:55] | INFO : TestCase "两次密码不一致2" end
2019-06-03 14:58:47,641 | 29992 | [hwk5_30_testcase.py-->line:41] | INFO : TestCase "密码长度低于6位" starting------
2019-06-03 14:58:47,641 | 29992 | [hwk5_30_testcase.py-->line:52] | INFO : 【Success】
2019-06-03 14:58:47,665 | 29992 | [hwk5_30_testcase.py-->line:55] | INFO : TestCase "密码长度低于6位" end
2019-06-03 14:58:47,665 | 29992 | [hwk5_30_testcase.py-->line:41] | INFO : TestCase "密码长度高于18位" starting------
2019-06-03 14:58:47,665 | 29992 | [hwk5_30_testcase.py-->line:52] | INFO : 【Success】
2019-06-03 14:58:47,686 | 29992 | [hwk5_30_testcase.py-->line:55] | INFO : TestCase "密码长度高于18位" end
2019-06-03 14:58:47,686 | 29992 | [hwk5_30_testcase.py-->line:41] | INFO : TestCase "账号长度低于6位" starting------
2019-06-03 14:58:47,686 | 29992 | [hwk5_30_testcase.py-->line:47] | ERROR: 【Failed】：E{"code": 1, "msg": "注册成功"} != A{'code': 0, 'msg': '账号和密码必须在6-18位之间'}
2019-06-03 14:58:47,707 | 29992 | [hwk5_30_testcase.py-->line:55] | INFO : TestCase "账号长度低于6位" end
2019-06-03 14:58:47,707 | 29992 | [hwk5_30_testcase.py-->line:41] | INFO : TestCase "账号长度高于18位" starting------
2019-06-03 14:58:47,708 | 29992 | [hwk5_30_testcase.py-->line:52] | INFO : 【Success】
2019-06-03 14:58:47,738 | 29992 | [hwk5_30_testcase.py-->line:55] | INFO : TestCase "账号长度高于18位" end
