2019-06-24 19:49:09,223 | 20736 | [test_all.py-->line:45] | INFO : TestCase 登陆成功 starting------
2019-06-24 19:49:09,223 | 20736 | [R_request.py-->line:46] | INFO : Sending post:/member/login {'mobilephone': '13912345611', 'pwd': '123456'}
2019-06-24 19:49:09,246 | 20736 | [test_all.py-->line:45] | INFO : TestCase 登陆失败，手机号码为空 starting------
2019-06-24 19:49:09,246 | 20736 | [R_request.py-->line:46] | INFO : Sending post:/member/login {'pwd': '123456'}
2019-06-24 19:49:09,248 | 20736 | [test_all.py-->line:45] | INFO : TestCase 登陆失败，密码为空 starting------
2019-06-24 19:49:09,248 | 20736 | [R_request.py-->line:46] | INFO : Sending post:/member/login {'mobilephone': '13912345611'}
2019-06-24 19:49:09,250 | 20736 | [test_all.py-->line:45] | INFO : TestCase 登陆失败，用户名或者密码错误 starting------
2019-06-24 19:49:09,250 | 20736 | [R_request.py-->line:46] | INFO : Sending post:/member/login {'mobilephone': '13912345611', 'pwd': '123457'}
2019-06-24 19:49:09,252 | 20736 | [R_request.py-->line:46] | INFO : Sending post:http://test.lemonban.com/futureloan/mvc/api/member/login {'mobilephone': '13912345611', 'pwd': '123456'}
2019-06-24 19:49:09,395 | 20736 | [test_all.py-->line:133] | INFO : TestCase 充值成功 starting------
2019-06-24 19:49:09,552 | 20736 | [R_request.py-->line:39] | INFO : Sending get:http://test.lemonban.com/futureloan/mvc/api/member/recharge {'mobilephone': '13912341111', 'amount': 500}
2019-06-24 19:49:10,035 | 20736 | [test_all.py-->line:154] | ERROR: 【Failed】：E{'status': 1, 'code': '10001', 'data': None, 'msg': '充值成功'} != A{'status': 1, 'code': '10001', 'data': {'id': 85010, 'regname': '${nickname1}', 'pwd': 'E10ADC3949BA59ABBE56E057F20F883E', 'mobilephone': '13912341111', 'leaveamount': '3000.00', 'type': '1', 'regtime': '2019-06-21 13:35:49.0'}, 'msg': '充值成功'}
2019-06-24 19:49:10,181 | 20736 | [test_all.py-->line:163] | INFO : TestCase 充值成功 end------
2019-06-24 19:49:10,182 | 20736 | [test_all.py-->line:133] | INFO : TestCase 充值失败，手机号码为空 starting------
2019-06-24 19:49:10,333 | 20736 | [R_request.py-->line:39] | INFO : Sending get:http://test.lemonban.com/futureloan/mvc/api/member/recharge {'amount': 500}
2019-06-24 19:49:10,522 | 20736 | [test_all.py-->line:154] | ERROR: 【Failed】：E{'status': 0, 'code': '20103', 'data': None, 'msg': '手机号不能为空'} != A{'status': 0, 'code': '20103', 'data': None, 'msg': '手机号不能为空'}
2019-06-24 19:49:10,689 | 20736 | [test_all.py-->line:163] | INFO : TestCase 充值失败，手机号码为空 end------
2019-06-24 19:49:10,691 | 20736 | [test_all.py-->line:133] | INFO : TestCase 充值失败，此手机号对应的会员不存在 starting------
2019-06-24 19:49:10,691 | 20736 | [R_request.py-->line:39] | INFO : Sending get:http://test.lemonban.com/futureloan/mvc/api/member/recharge {'mobilephone': '13912341112', 'amount': 500}
2019-06-24 19:49:10,812 | 20736 | [test_all.py-->line:159] | INFO : 【Success】：E{'status': 0, 'code': '20104', 'data': None, 'msg': '此手机号对应的会员不存在'} == A{'status': 0, 'code': '20104', 'data': None, 'msg': '此手机号对应的会员不存在'}
2019-06-24 19:49:10,957 | 20736 | [test_all.py-->line:163] | INFO : TestCase 充值失败，此手机号对应的会员不存在 end------
2019-06-24 19:49:10,958 | 20736 | [test_all.py-->line:133] | INFO : TestCase 充值失败，手机格式不正确 starting------
2019-06-24 19:49:10,958 | 20736 | [R_request.py-->line:39] | INFO : Sending get:http://test.lemonban.com/futureloan/mvc/api/member/recharge {'mobilephone': '123', 'amount': 500}
2019-06-24 19:49:10,994 | 20736 | [test_all.py-->line:159] | INFO : 【Success】：E{'status': 0, 'code': '20109', 'data': None, 'msg': '手机号码格式不正确'} == A{'status': 0, 'code': '20109', 'data': None, 'msg': '手机号码格式不正确'}
2019-06-24 19:49:11,144 | 20736 | [test_all.py-->line:163] | INFO : TestCase 充值失败，手机格式不正确 end------
2019-06-24 19:49:11,145 | 20736 | [test_all.py-->line:133] | INFO : TestCase 充值失败，充值额度为空 starting------
2019-06-24 19:49:11,145 | 20736 | [R_request.py-->line:39] | INFO : Sending get:http://test.lemonban.com/futureloan/mvc/api/member/recharge {'mobilephone': '13912341111'}
2019-06-24 19:49:11,182 | 20736 | [test_all.py-->line:159] | INFO : 【Success】：E{'status': 0, 'code': '20115', 'data': None, 'msg': '请输入金额'} == A{'status': 0, 'code': '20115', 'data': None, 'msg': '请输入金额'}
2019-06-24 19:49:11,361 | 20736 | [test_all.py-->line:163] | INFO : TestCase 充值失败，充值额度为空 end------
2019-06-24 19:49:11,361 | 20736 | [test_all.py-->line:133] | INFO : TestCase 充值失败，输入金额小数超过两位 starting------
2019-06-24 19:49:11,361 | 20736 | [R_request.py-->line:39] | INFO : Sending get:http://test.lemonban.com/futureloan/mvc/api/member/recharge {'mobilephone': '13912341111', 'amount': 500.123}
2019-06-24 19:49:11,398 | 20736 | [test_all.py-->line:159] | INFO : 【Success】：E{'status': 0, 'code': '20116', 'data': None, 'msg': '输入金额的金额小数不能超过两位'} == A{'status': 0, 'code': '20116', 'data': None, 'msg': '输入金额的金额小数不能超过两位'}
2019-06-24 19:49:11,546 | 20736 | [test_all.py-->line:163] | INFO : TestCase 充值失败，输入金额小数超过两位 end------
2019-06-24 19:49:11,546 | 20736 | [test_all.py-->line:133] | INFO : TestCase 充值失败，充值额度低于0(负数) starting------
2019-06-24 19:49:11,546 | 20736 | [R_request.py-->line:39] | INFO : Sending get:http://test.lemonban.com/futureloan/mvc/api/member/recharge {'mobilephone': '13912341111', 'amount': -5}
2019-06-24 19:49:11,582 | 20736 | [test_all.py-->line:159] | INFO : 【Success】：E{'status': 0, 'code': '20117', 'data': None, 'msg': '请输入范围在0到50万之间的正数金额'} == A{'status': 0, 'code': '20117', 'data': None, 'msg': '请输入范围在0到50万之间的正数金额'}
2019-06-24 19:49:11,729 | 20736 | [test_all.py-->line:163] | INFO : TestCase 充值失败，充值额度低于0(负数) end------
2019-06-24 19:49:11,729 | 20736 | [test_all.py-->line:133] | INFO : TestCase 充值失败，充值额度高于50万 starting------
2019-06-24 19:49:11,729 | 20736 | [R_request.py-->line:39] | INFO : Sending get:http://test.lemonban.com/futureloan/mvc/api/member/recharge {'mobilephone': '13912341111', 'amount': 500001}
2019-06-24 19:49:11,769 | 20736 | [test_all.py-->line:159] | INFO : 【Success】：E{'status': 0, 'code': '20117', 'data': None, 'msg': '请输入范围在0到50万之间的正数金额'} == A{'status': 0, 'code': '20117', 'data': None, 'msg': '请输入范围在0到50万之间的正数金额'}
2019-06-24 19:49:11,918 | 20736 | [test_all.py-->line:163] | INFO : TestCase 充值失败，充值额度高于50万 end------
2019-06-24 19:49:11,918 | 20736 | [test_all.py-->line:133] | INFO : TestCase 充值失败，充值额度输入非数字 starting------
2019-06-24 19:49:11,919 | 20736 | [R_request.py-->line:39] | INFO : Sending get:http://test.lemonban.com/futureloan/mvc/api/member/recharge {'mobilephone': '13912341111', 'amount': 'abc'}
2019-06-24 19:49:11,955 | 20736 | [test_all.py-->line:159] | INFO : 【Success】：E{'status': 0, 'code': '20118', 'data': None, 'msg': '请输入数字'} == A{'status': 0, 'code': '20118', 'data': None, 'msg': '请输入数字'}
2019-06-24 19:49:12,101 | 20736 | [test_all.py-->line:163] | INFO : TestCase 充值失败，充值额度输入非数字 end------
2019-06-24 19:49:12,187 | 20736 | [test_all.py-->line:90] | INFO : TestCase 注册成功，昵称为空 starting------
2019-06-24 19:49:12,352 | 20736 | [R_request.py-->line:46] | INFO : Sending post:http://test.lemonban.com/futureloan/mvc/api/member/register {'mobilephone': '13969458648', 'pwd': '123456'}
2019-06-24 19:49:12,529 | 20736 | [test_all.py-->line:110] | INFO : 【Success】：E{'status': 1, 'code': '10001', 'data': None, 'msg': '成功'} == A{'status': 1, 'code': '10001', 'data': None, 'msg': '注册成功'}
2019-06-24 19:49:12,679 | 20736 | [test_all.py-->line:113] | INFO : TestCase 注册成功，昵称为空 end------
2019-06-24 19:49:12,680 | 20736 | [test_all.py-->line:90] | INFO : TestCase 注册成功，昵称不为空 starting------
2019-06-24 19:49:12,870 | 20736 | [R_request.py-->line:46] | INFO : Sending post:http://test.lemonban.com/futureloan/mvc/api/member/register {'mobilephone': '13962126139', 'pwd': '123456', 'regname': 'july'}
2019-06-24 19:49:13,012 | 20736 | [test_all.py-->line:110] | INFO : 【Success】：E{'status': 1, 'code': '10001', 'data': None, 'msg': '成功'} == A{'status': 1, 'code': '10001', 'data': None, 'msg': '注册成功'}
2019-06-24 19:49:13,202 | 20736 | [test_all.py-->line:113] | INFO : TestCase 注册成功，昵称不为空 end------
2019-06-24 19:49:13,203 | 20736 | [test_all.py-->line:90] | INFO : TestCase 注册失败，手机号码为空 starting------
2019-06-24 19:49:13,203 | 20736 | [R_request.py-->line:46] | INFO : Sending post:http://test.lemonban.com/futureloan/mvc/api/member/register {'pwd': '123456', 'regname': 'august'}
2019-06-24 19:49:13,240 | 20736 | [test_all.py-->line:110] | INFO : 【Success】：E{'status': 0, 'code': '20103', 'data': None, 'msg': '参数错误：参数不能为空'} == A{'status': 0, 'code': '20103', 'data': None, 'msg': '手机号不能为空'}
2019-06-24 19:49:13,392 | 20736 | [test_all.py-->line:113] | INFO : TestCase 注册失败，手机号码为空 end------
2019-06-24 19:49:13,393 | 20736 | [test_all.py-->line:90] | INFO : TestCase 注册失败，密码为空 starting------
2019-06-24 19:49:13,393 | 20736 | [R_request.py-->line:46] | INFO : Sending post:http://test.lemonban.com/futureloan/mvc/api/member/register {'mobilephone': '13912541272', 'regname': 'september'}
2019-06-24 19:49:13,429 | 20736 | [test_all.py-->line:110] | INFO : 【Success】：E{'status': 0, 'code': '20103', 'data': None, 'msg': '参数错误：参数不能为空'} == A{'status': 0, 'code': '20103', 'data': None, 'msg': '密码不能为空'}
2019-06-24 19:49:13,576 | 20736 | [test_all.py-->line:113] | INFO : TestCase 注册失败，密码为空 end------
2019-06-24 19:49:13,577 | 20736 | [test_all.py-->line:90] | INFO : TestCase 注册失败，密码长度小于6位 starting------
2019-06-24 19:49:13,577 | 20736 | [R_request.py-->line:46] | INFO : Sending post:http://test.lemonban.com/futureloan/mvc/api/member/register {'mobilephone': '13912541273', 'pwd': '123', 'regname': 'october'}
2019-06-24 19:49:13,614 | 20736 | [test_all.py-->line:110] | INFO : 【Success】：E{'status': 0, 'code': '20108', 'data': None, 'msg': '密码长度必须为6~18'} == A{'status': 0, 'code': '20108', 'data': None, 'msg': '密码长度必须为6~18'}
2019-06-24 19:49:13,763 | 20736 | [test_all.py-->line:113] | INFO : TestCase 注册失败，密码长度小于6位 end------
2019-06-24 19:49:13,764 | 20736 | [test_all.py-->line:90] | INFO : TestCase 注册失败，密码长度大于18位 starting------
2019-06-24 19:49:13,764 | 20736 | [R_request.py-->line:46] | INFO : Sending post:http://test.lemonban.com/futureloan/mvc/api/member/register {'mobilephone': '13912541274', 'pwd': '12345678901234567890', 'regname': 'november'}
2019-06-24 19:49:13,800 | 20736 | [test_all.py-->line:110] | INFO : 【Success】：E{'status': 0, 'code': '20108', 'data': None, 'msg': '密码长度必须为6~18'} == A{'status': 0, 'code': '20108', 'data': None, 'msg': '密码长度必须为6~18'}
2019-06-24 19:49:13,947 | 20736 | [test_all.py-->line:113] | INFO : TestCase 注册失败，密码长度大于18位 end------
2019-06-24 19:49:13,948 | 20736 | [test_all.py-->line:90] | INFO : TestCase 注册失败，手机格式不正确 starting------
2019-06-24 19:49:13,948 | 20736 | [R_request.py-->line:46] | INFO : Sending post:http://test.lemonban.com/futureloan/mvc/api/member/register {'mobilephone': '175', 'pwd': '123456', 'regname': 'december'}
2019-06-24 19:49:13,985 | 20736 | [test_all.py-->line:110] | INFO : 【Success】：E{'status': 0, 'code': '20109', 'data': None, 'msg': '手机号码格式不正确'} == A{'status': 0, 'code': '20109', 'data': None, 'msg': '手机号码格式不正确'}
2019-06-24 19:49:14,159 | 20736 | [test_all.py-->line:113] | INFO : TestCase 注册失败，手机格式不正确 end------
2019-06-24 19:49:14,159 | 20736 | [test_all.py-->line:90] | INFO : TestCase 注册失败，手机号码已被注册 starting------
2019-06-24 19:49:14,160 | 20736 | [R_request.py-->line:46] | INFO : Sending post:http://test.lemonban.com/futureloan/mvc/api/member/register {'mobilephone': '13912341111', 'pwd': '123456', 'regname': 'january'}
2019-06-24 19:49:14,257 | 20736 | [test_all.py-->line:110] | INFO : 【Success】：E{'status': 0, 'code': '20110', 'data': None, 'msg': '手机号码已被注册'} == A{'status': 0, 'code': '20110', 'data': None, 'msg': '手机号码已被注册'}
2019-06-24 19:49:14,405 | 20736 | [test_all.py-->line:113] | INFO : TestCase 注册失败，手机号码已被注册 end------
2019-06-24 19:49:14,405 | 20736 | [R_request.py-->line:46] | INFO : Sending post:http://test.lemonban.com/futureloan/mvc/api/member/login {'mobilephone': '13912345611', 'pwd': '123456'}
2019-06-24 19:49:14,533 | 20736 | [test_all.py-->line:234] | INFO : TestCase 取现成功 starting------
2019-06-24 19:49:14,534 | 20736 | [test_all.py-->line:234] | INFO : TestCase 取现失败，手机号码为空 starting------
2019-06-24 19:49:14,535 | 20736 | [test_all.py-->line:234] | INFO : TestCase 取现失败，此手机号对应的会员不存在 starting------
2019-06-24 19:49:14,536 | 20736 | [test_all.py-->line:234] | INFO : TestCase 取现失败，手机号码格式不正确 starting------
2019-06-24 19:49:14,537 | 20736 | [test_all.py-->line:234] | INFO : TestCase 取现失败，请输入金额 starting------
2019-06-24 19:49:14,537 | 20736 | [test_all.py-->line:234] | INFO : TestCase 取现失败，输入金额小数超过两位 starting------
2019-06-24 19:49:14,538 | 20736 | [test_all.py-->line:234] | INFO : TestCase 取现失败，充值额度低于0(负数) starting------
2019-06-24 19:49:14,539 | 20736 | [test_all.py-->line:234] | INFO : TestCase 取现失败，充值额度高于50万 starting------
2019-06-24 19:49:14,540 | 20736 | [test_all.py-->line:234] | INFO : TestCase 取现失败，取现额度输入非数字 starting------
2019-06-24 19:49:14,541 | 20736 | [test_all.py-->line:234] | INFO : TestCase 取现失败，余额不足，请修改提现额度 starting------
2019-06-24 19:52:09,749 | 15524 | [test_all.py-->line:45] | INFO : TestCase 登陆成功 starting------
2019-06-24 19:52:09,749 | 15524 | [R_request.py-->line:46] | INFO : Sending post:http://test.lemonban.com/futureloan/mvc/api/member/login {'mobilephone': '13912345611', 'pwd': '123456'}
2019-06-24 19:52:09,910 | 15524 | [test_all.py-->line:63] | INFO : 【Success】：E{'status': 1, 'code': '10001', 'data': None, 'msg': '成功'} == A{'status': 1, 'code': '10001', 'data': None, 'msg': '登录成功'}
2019-06-24 19:52:10,112 | 15524 | [test_all.py-->line:66] | INFO : TestCase 登陆成功 end------
2019-06-24 19:52:10,113 | 15524 | [test_all.py-->line:45] | INFO : TestCase 登陆失败，手机号码为空 starting------
2019-06-24 19:52:10,113 | 15524 | [R_request.py-->line:46] | INFO : Sending post:http://test.lemonban.com/futureloan/mvc/api/member/login {'pwd': '123456'}
2019-06-24 19:52:10,145 | 15524 | [test_all.py-->line:63] | INFO : 【Success】：E{'status': 0, 'code': '20103', 'data': None, 'msg': '参数错误：参数不能为空'} == A{'status': 0, 'code': '20103', 'data': None, 'msg': '手机号不能为空'}
2019-06-24 19:52:10,297 | 15524 | [test_all.py-->line:66] | INFO : TestCase 登陆失败，手机号码为空 end------
2019-06-24 19:52:10,297 | 15524 | [test_all.py-->line:45] | INFO : TestCase 登陆失败，密码为空 starting------
2019-06-24 19:52:10,298 | 15524 | [R_request.py-->line:46] | INFO : Sending post:http://test.lemonban.com/futureloan/mvc/api/member/login {'mobilephone': '13912345611'}
2019-06-24 19:52:10,331 | 15524 | [test_all.py-->line:63] | INFO : 【Success】：E{'status': 0, 'code': '20103', 'data': None, 'msg': '参数错误：参数不能为空'} == A{'status': 0, 'code': '20103', 'data': None, 'msg': '密码不能为空'}
2019-06-24 19:52:10,485 | 15524 | [test_all.py-->line:66] | INFO : TestCase 登陆失败，密码为空 end------
2019-06-24 19:52:10,486 | 15524 | [test_all.py-->line:45] | INFO : TestCase 登陆失败，用户名或者密码错误 starting------
2019-06-24 19:52:10,486 | 15524 | [R_request.py-->line:46] | INFO : Sending post:http://test.lemonban.com/futureloan/mvc/api/member/login {'mobilephone': '13912345611', 'pwd': '123457'}
2019-06-24 19:52:10,631 | 15524 | [test_all.py-->line:63] | INFO : 【Success】：E{'status': 0, 'code': '20111', 'data': None, 'msg': '用户名或者密码错误'} == A{'status': 0, 'code': '20111', 'data': None, 'msg': '用户名或密码错误'}
2019-06-24 19:52:10,775 | 15524 | [test_all.py-->line:66] | INFO : TestCase 登陆失败，用户名或者密码错误 end------
2019-06-24 19:52:10,776 | 15524 | [R_request.py-->line:46] | INFO : Sending post:http://test.lemonban.com/futureloan/mvc/api/member/login {'mobilephone': '13912345611', 'pwd': '123456'}
2019-06-24 19:52:10,883 | 15524 | [test_all.py-->line:134] | INFO : TestCase 充值成功 starting------
2019-06-24 19:52:11,053 | 15524 | [R_request.py-->line:39] | INFO : Sending get:http://test.lemonban.com/futureloan/mvc/api/member/recharge {'mobilephone': '13912341111', 'amount': 500}
2019-06-24 19:52:11,537 | 15524 | [test_all.py-->line:155] | ERROR: 【Failed】：E{'status': 1, 'code': '10001', 'data': None, 'msg': '充值成功'} != A{'status': 1, 'code': '10001', 'data': {'id': 85010, 'regname': '${nickname1}', 'pwd': 'E10ADC3949BA59ABBE56E057F20F883E', 'mobilephone': '13912341111', 'leaveamount': '3500.00', 'type': '1', 'regtime': '2019-06-21 13:35:49.0'}, 'msg': '充值成功'}
2019-06-24 19:52:11,687 | 15524 | [test_all.py-->line:164] | INFO : TestCase 充值成功 end------
2019-06-24 19:52:11,689 | 15524 | [test_all.py-->line:134] | INFO : TestCase 充值失败，手机号码为空 starting------
2019-06-24 19:52:11,855 | 15524 | [R_request.py-->line:39] | INFO : Sending get:http://test.lemonban.com/futureloan/mvc/api/member/recharge {'amount': 500}
2019-06-24 19:52:12,034 | 15524 | [test_all.py-->line:155] | ERROR: 【Failed】：E{'status': 0, 'code': '20103', 'data': None, 'msg': '手机号不能为空'} != A{'status': 0, 'code': '20103', 'data': None, 'msg': '手机号不能为空'}
2019-06-24 19:52:12,192 | 15524 | [test_all.py-->line:164] | INFO : TestCase 充值失败，手机号码为空 end------
2019-06-24 19:52:12,193 | 15524 | [test_all.py-->line:134] | INFO : TestCase 充值失败，此手机号对应的会员不存在 starting------
2019-06-24 19:52:12,194 | 15524 | [R_request.py-->line:39] | INFO : Sending get:http://test.lemonban.com/futureloan/mvc/api/member/recharge {'mobilephone': '13912341112', 'amount': 500}
2019-06-24 19:52:12,293 | 15524 | [test_all.py-->line:160] | INFO : 【Success】：E{'status': 0, 'code': '20104', 'data': None, 'msg': '此手机号对应的会员不存在'} == A{'status': 0, 'code': '20104', 'data': None, 'msg': '此手机号对应的会员不存在'}
2019-06-24 19:52:12,474 | 15524 | [test_all.py-->line:164] | INFO : TestCase 充值失败，此手机号对应的会员不存在 end------
2019-06-24 19:52:12,475 | 15524 | [test_all.py-->line:134] | INFO : TestCase 充值失败，手机格式不正确 starting------
2019-06-24 19:52:12,475 | 15524 | [R_request.py-->line:39] | INFO : Sending get:http://test.lemonban.com/futureloan/mvc/api/member/recharge {'mobilephone': '123', 'amount': 500}
2019-06-24 19:52:12,507 | 15524 | [test_all.py-->line:160] | INFO : 【Success】：E{'status': 0, 'code': '20109', 'data': None, 'msg': '手机号码格式不正确'} == A{'status': 0, 'code': '20109', 'data': None, 'msg': '手机号码格式不正确'}
2019-06-24 19:52:12,654 | 15524 | [test_all.py-->line:164] | INFO : TestCase 充值失败，手机格式不正确 end------
2019-06-24 19:52:12,654 | 15524 | [test_all.py-->line:134] | INFO : TestCase 充值失败，充值额度为空 starting------
2019-06-24 19:52:12,654 | 15524 | [R_request.py-->line:39] | INFO : Sending get:http://test.lemonban.com/futureloan/mvc/api/member/recharge {'mobilephone': '13912341111'}
2019-06-24 19:52:12,687 | 15524 | [test_all.py-->line:160] | INFO : 【Success】：E{'status': 0, 'code': '20115', 'data': None, 'msg': '请输入金额'} == A{'status': 0, 'code': '20115', 'data': None, 'msg': '请输入金额'}
2019-06-24 19:52:12,836 | 15524 | [test_all.py-->line:164] | INFO : TestCase 充值失败，充值额度为空 end------
2019-06-24 19:52:12,836 | 15524 | [test_all.py-->line:134] | INFO : TestCase 充值失败，输入金额小数超过两位 starting------
2019-06-24 19:52:12,836 | 15524 | [R_request.py-->line:39] | INFO : Sending get:http://test.lemonban.com/futureloan/mvc/api/member/recharge {'mobilephone': '13912341111', 'amount': 500.123}
2019-06-24 19:52:12,868 | 15524 | [test_all.py-->line:160] | INFO : 【Success】：E{'status': 0, 'code': '20116', 'data': None, 'msg': '输入金额的金额小数不能超过两位'} == A{'status': 0, 'code': '20116', 'data': None, 'msg': '输入金额的金额小数不能超过两位'}
2019-06-24 19:52:13,015 | 15524 | [test_all.py-->line:164] | INFO : TestCase 充值失败，输入金额小数超过两位 end------
2019-06-24 19:52:13,015 | 15524 | [test_all.py-->line:134] | INFO : TestCase 充值失败，充值额度低于0(负数) starting------
2019-06-24 19:52:13,015 | 15524 | [R_request.py-->line:39] | INFO : Sending get:http://test.lemonban.com/futureloan/mvc/api/member/recharge {'mobilephone': '13912341111', 'amount': -5}
2019-06-24 19:52:13,048 | 15524 | [test_all.py-->line:160] | INFO : 【Success】：E{'status': 0, 'code': '20117', 'data': None, 'msg': '请输入范围在0到50万之间的正数金额'} == A{'status': 0, 'code': '20117', 'data': None, 'msg': '请输入范围在0到50万之间的正数金额'}
2019-06-24 19:52:13,197 | 15524 | [test_all.py-->line:164] | INFO : TestCase 充值失败，充值额度低于0(负数) end------
2019-06-24 19:52:13,197 | 15524 | [test_all.py-->line:134] | INFO : TestCase 充值失败，充值额度高于50万 starting------
2019-06-24 19:52:13,197 | 15524 | [R_request.py-->line:39] | INFO : Sending get:http://test.lemonban.com/futureloan/mvc/api/member/recharge {'mobilephone': '13912341111', 'amount': 500001}
2019-06-24 19:52:13,230 | 15524 | [test_all.py-->line:160] | INFO : 【Success】：E{'status': 0, 'code': '20117', 'data': None, 'msg': '请输入范围在0到50万之间的正数金额'} == A{'status': 0, 'code': '20117', 'data': None, 'msg': '请输入范围在0到50万之间的正数金额'}
2019-06-24 19:52:13,376 | 15524 | [test_all.py-->line:164] | INFO : TestCase 充值失败，充值额度高于50万 end------
2019-06-24 19:52:13,377 | 15524 | [test_all.py-->line:134] | INFO : TestCase 充值失败，充值额度输入非数字 starting------
2019-06-24 19:52:13,377 | 15524 | [R_request.py-->line:39] | INFO : Sending get:http://test.lemonban.com/futureloan/mvc/api/member/recharge {'mobilephone': '13912341111', 'amount': 'abc'}
2019-06-24 19:52:13,409 | 15524 | [test_all.py-->line:160] | INFO : 【Success】：E{'status': 0, 'code': '20118', 'data': None, 'msg': '请输入数字'} == A{'status': 0, 'code': '20118', 'data': None, 'msg': '请输入数字'}
2019-06-24 19:52:13,588 | 15524 | [test_all.py-->line:164] | INFO : TestCase 充值失败，充值额度输入非数字 end------
2019-06-24 19:52:13,676 | 15524 | [test_all.py-->line:91] | INFO : TestCase 注册成功，昵称为空 starting------
2019-06-24 19:52:13,827 | 15524 | [R_request.py-->line:46] | INFO : Sending post:http://test.lemonban.com/futureloan/mvc/api/member/register {'mobilephone': '13988333773', 'pwd': '123456'}
2019-06-24 19:52:13,966 | 15524 | [test_all.py-->line:111] | INFO : 【Success】：E{'status': 1, 'code': '10001', 'data': None, 'msg': '成功'} == A{'status': 1, 'code': '10001', 'data': None, 'msg': '注册成功'}
2019-06-24 19:52:14,119 | 15524 | [test_all.py-->line:114] | INFO : TestCase 注册成功，昵称为空 end------
2019-06-24 19:52:14,120 | 15524 | [test_all.py-->line:91] | INFO : TestCase 注册成功，昵称不为空 starting------
2019-06-24 19:52:14,273 | 15524 | [R_request.py-->line:46] | INFO : Sending post:http://test.lemonban.com/futureloan/mvc/api/member/register {'mobilephone': '13902911069', 'pwd': '123456', 'regname': 'july'}
2019-06-24 19:52:14,365 | 15524 | [test_all.py-->line:111] | INFO : 【Success】：E{'status': 1, 'code': '10001', 'data': None, 'msg': '成功'} == A{'status': 1, 'code': '10001', 'data': None, 'msg': '注册成功'}
2019-06-24 19:52:14,515 | 15524 | [test_all.py-->line:114] | INFO : TestCase 注册成功，昵称不为空 end------
2019-06-24 19:52:14,516 | 15524 | [test_all.py-->line:91] | INFO : TestCase 注册失败，手机号码为空 starting------
2019-06-24 19:52:14,516 | 15524 | [R_request.py-->line:46] | INFO : Sending post:http://test.lemonban.com/futureloan/mvc/api/member/register {'pwd': '123456', 'regname': 'august'}
2019-06-24 19:52:14,548 | 15524 | [test_all.py-->line:111] | INFO : 【Success】：E{'status': 0, 'code': '20103', 'data': None, 'msg': '参数错误：参数不能为空'} == A{'status': 0, 'code': '20103', 'data': None, 'msg': '手机号不能为空'}
2019-06-24 19:52:14,697 | 15524 | [test_all.py-->line:114] | INFO : TestCase 注册失败，手机号码为空 end------
2019-06-24 19:52:14,698 | 15524 | [test_all.py-->line:91] | INFO : TestCase 注册失败，密码为空 starting------
2019-06-24 19:52:14,698 | 15524 | [R_request.py-->line:46] | INFO : Sending post:http://test.lemonban.com/futureloan/mvc/api/member/register {'mobilephone': '13912541272', 'regname': 'september'}
2019-06-24 19:52:14,730 | 15524 | [test_all.py-->line:111] | INFO : 【Success】：E{'status': 0, 'code': '20103', 'data': None, 'msg': '参数错误：参数不能为空'} == A{'status': 0, 'code': '20103', 'data': None, 'msg': '密码不能为空'}
2019-06-24 19:52:14,875 | 15524 | [test_all.py-->line:114] | INFO : TestCase 注册失败，密码为空 end------
2019-06-24 19:52:14,876 | 15524 | [test_all.py-->line:91] | INFO : TestCase 注册失败，密码长度小于6位 starting------
2019-06-24 19:52:14,876 | 15524 | [R_request.py-->line:46] | INFO : Sending post:http://test.lemonban.com/futureloan/mvc/api/member/register {'mobilephone': '13912541273', 'pwd': '123', 'regname': 'october'}
2019-06-24 19:52:14,909 | 15524 | [test_all.py-->line:111] | INFO : 【Success】：E{'status': 0, 'code': '20108', 'data': None, 'msg': '密码长度必须为6~18'} == A{'status': 0, 'code': '20108', 'data': None, 'msg': '密码长度必须为6~18'}
2019-06-24 19:52:15,056 | 15524 | [test_all.py-->line:114] | INFO : TestCase 注册失败，密码长度小于6位 end------
2019-06-24 19:52:15,057 | 15524 | [test_all.py-->line:91] | INFO : TestCase 注册失败，密码长度大于18位 starting------
2019-06-24 19:52:15,057 | 15524 | [R_request.py-->line:46] | INFO : Sending post:http://test.lemonban.com/futureloan/mvc/api/member/register {'mobilephone': '13912541274', 'pwd': '12345678901234567890', 'regname': 'november'}
2019-06-24 19:52:15,090 | 15524 | [test_all.py-->line:111] | INFO : 【Success】：E{'status': 0, 'code': '20108', 'data': None, 'msg': '密码长度必须为6~18'} == A{'status': 0, 'code': '20108', 'data': None, 'msg': '密码长度必须为6~18'}
2019-06-24 19:52:15,255 | 15524 | [test_all.py-->line:114] | INFO : TestCase 注册失败，密码长度大于18位 end------
2019-06-24 19:52:15,256 | 15524 | [test_all.py-->line:91] | INFO : TestCase 注册失败，手机格式不正确 starting------
2019-06-24 19:52:15,256 | 15524 | [R_request.py-->line:46] | INFO : Sending post:http://test.lemonban.com/futureloan/mvc/api/member/register {'mobilephone': '175', 'pwd': '123456', 'regname': 'december'}
2019-06-24 19:52:15,288 | 15524 | [test_all.py-->line:111] | INFO : 【Success】：E{'status': 0, 'code': '20109', 'data': None, 'msg': '手机号码格式不正确'} == A{'status': 0, 'code': '20109', 'data': None, 'msg': '手机号码格式不正确'}
2019-06-24 19:52:15,467 | 15524 | [test_all.py-->line:114] | INFO : TestCase 注册失败，手机格式不正确 end------
2019-06-24 19:52:15,467 | 15524 | [test_all.py-->line:91] | INFO : TestCase 注册失败，手机号码已被注册 starting------
2019-06-24 19:52:15,467 | 15524 | [R_request.py-->line:46] | INFO : Sending post:http://test.lemonban.com/futureloan/mvc/api/member/register {'mobilephone': '13912341111', 'pwd': '123456', 'regname': 'january'}
2019-06-24 19:52:15,559 | 15524 | [test_all.py-->line:111] | INFO : 【Success】：E{'status': 0, 'code': '20110', 'data': None, 'msg': '手机号码已被注册'} == A{'status': 0, 'code': '20110', 'data': None, 'msg': '手机号码已被注册'}
2019-06-24 19:52:15,709 | 15524 | [test_all.py-->line:114] | INFO : TestCase 注册失败，手机号码已被注册 end------
2019-06-24 19:52:15,710 | 15524 | [R_request.py-->line:46] | INFO : Sending post:http://test.lemonban.com/futureloan/mvc/api/member/login {'mobilephone': '13912345611', 'pwd': '123456'}
2019-06-24 19:52:15,800 | 15524 | [test_all.py-->line:185] | INFO : TestCase 取现成功 starting------
2019-06-24 19:52:15,912 | 15524 | [test_all.py-->line:185] | INFO : TestCase 取现失败，手机号码为空 starting------
2019-06-24 19:52:15,975 | 15524 | [test_all.py-->line:185] | INFO : TestCase 取现失败，此手机号对应的会员不存在 starting------
2019-06-24 19:52:15,975 | 15524 | [R_request.py-->line:39] | INFO : Sending get:http://test.lemonban.com/futureloan/mvc/api/member/withdraw {'mobilephone': '13912345655', 'amount': 500}
2019-06-24 19:52:16,066 | 15524 | [test_all.py-->line:185] | INFO : TestCase 取现失败，手机号码格式不正确 starting------
2019-06-24 19:52:16,066 | 15524 | [R_request.py-->line:39] | INFO : Sending get:http://test.lemonban.com/futureloan/mvc/api/member/withdraw {'mobilephone': '123', 'amount': 500}
2019-06-24 19:52:16,100 | 15524 | [test_all.py-->line:185] | INFO : TestCase 取现失败，请输入金额 starting------
2019-06-24 19:52:16,100 | 15524 | [R_request.py-->line:39] | INFO : Sending get:http://test.lemonban.com/futureloan/mvc/api/member/withdraw {'mobilephone': '13912345611'}
2019-06-24 19:52:16,134 | 15524 | [test_all.py-->line:185] | INFO : TestCase 取现失败，输入金额小数超过两位 starting------
2019-06-24 19:52:16,134 | 15524 | [R_request.py-->line:39] | INFO : Sending get:http://test.lemonban.com/futureloan/mvc/api/member/withdraw {'mobilephone': '13912345611', 'amount': 500.123}
2019-06-24 19:52:16,168 | 15524 | [test_all.py-->line:185] | INFO : TestCase 取现失败，充值额度低于0(负数) starting------
2019-06-24 19:52:16,169 | 15524 | [R_request.py-->line:39] | INFO : Sending get:http://test.lemonban.com/futureloan/mvc/api/member/withdraw {'mobilephone': '13912345611', 'amount': -5}
2019-06-24 19:52:16,302 | 15524 | [test_all.py-->line:185] | INFO : TestCase 取现失败，充值额度高于50万 starting------
2019-06-24 19:52:16,302 | 15524 | [R_request.py-->line:39] | INFO : Sending get:http://test.lemonban.com/futureloan/mvc/api/member/withdraw {'mobilephone': '13912345611', 'amount': 500001}
2019-06-24 19:52:16,397 | 15524 | [test_all.py-->line:185] | INFO : TestCase 取现失败，取现额度输入非数字 starting------
2019-06-24 19:52:16,397 | 15524 | [R_request.py-->line:39] | INFO : Sending get:http://test.lemonban.com/futureloan/mvc/api/member/withdraw {'mobilephone': '13912345611', 'amount': 'abc'}
2019-06-24 19:52:16,432 | 15524 | [test_all.py-->line:185] | INFO : TestCase 取现失败，余额不足，请修改提现额度 starting------
2019-06-24 19:52:16,432 | 15524 | [R_request.py-->line:39] | INFO : Sending get:http://test.lemonban.com/futureloan/mvc/api/member/withdraw {'mobilephone': '13912345611', 'amount': 10000}
2019-06-24 19:54:33,549 | 11168 | [R_request.py-->line:46] | INFO : Sending post:http://test.lemonban.com/futureloan/mvc/api/member/login {'mobilephone': '13912345611', 'pwd': '123456'}
2019-06-24 19:54:33,691 | 11168 | [test_all.py-->line:185] | INFO : TestCase 取现成功 starting------
2019-06-24 19:55:38,564 | 22480 | [R_request.py-->line:46] | INFO : Sending post:http://test.lemonban.com/futureloan/mvc/api/member/login {'mobilephone': '13912345611', 'pwd': '123456'}
2019-06-24 19:55:38,685 | 22480 | [test_all.py-->line:185] | INFO : TestCase 取现成功 starting------
2019-06-24 19:55:38,857 | 22480 | [R_request.py-->line:39] | INFO : Sending get:http://test.lemonban.com/futureloan/mvc/api/member/withdraw {'mobilephone': '13912345611', 'amount': 500}
2019-06-24 19:55:39,352 | 22480 | [test_all.py-->line:185] | INFO : TestCase 取现失败，手机号码为空 starting------
2019-06-24 19:55:39,521 | 22480 | [R_request.py-->line:39] | INFO : Sending get:http://test.lemonban.com/futureloan/mvc/api/member/withdraw {'amount': 500}
2019-06-24 19:55:39,701 | 22480 | [test_all.py-->line:185] | INFO : TestCase 取现失败，此手机号对应的会员不存在 starting------
2019-06-24 19:55:39,701 | 22480 | [R_request.py-->line:39] | INFO : Sending get:http://test.lemonban.com/futureloan/mvc/api/member/withdraw {'mobilephone': '13912345655', 'amount': 500}
2019-06-24 19:55:39,822 | 22480 | [test_all.py-->line:185] | INFO : TestCase 取现失败，手机号码格式不正确 starting------
2019-06-24 19:55:39,822 | 22480 | [R_request.py-->line:39] | INFO : Sending get:http://test.lemonban.com/futureloan/mvc/api/member/withdraw {'mobilephone': '123', 'amount': 500}
2019-06-24 19:55:39,855 | 22480 | [test_all.py-->line:185] | INFO : TestCase 取现失败，请输入金额 starting------
2019-06-24 19:55:39,855 | 22480 | [R_request.py-->line:39] | INFO : Sending get:http://test.lemonban.com/futureloan/mvc/api/member/withdraw {'mobilephone': '13912345611'}
2019-06-24 19:55:39,888 | 22480 | [test_all.py-->line:185] | INFO : TestCase 取现失败，输入金额小数超过两位 starting------
2019-06-24 19:55:39,888 | 22480 | [R_request.py-->line:39] | INFO : Sending get:http://test.lemonban.com/futureloan/mvc/api/member/withdraw {'mobilephone': '13912345611', 'amount': 500.123}
2019-06-24 19:55:39,921 | 22480 | [test_all.py-->line:185] | INFO : TestCase 取现失败，充值额度低于0(负数) starting------
2019-06-24 19:55:39,922 | 22480 | [R_request.py-->line:39] | INFO : Sending get:http://test.lemonban.com/futureloan/mvc/api/member/withdraw {'mobilephone': '13912345611', 'amount': -5}
2019-06-24 19:55:40,006 | 22480 | [test_all.py-->line:185] | INFO : TestCase 取现失败，充值额度高于50万 starting------
2019-06-24 19:55:40,006 | 22480 | [R_request.py-->line:39] | INFO : Sending get:http://test.lemonban.com/futureloan/mvc/api/member/withdraw {'mobilephone': '13912345611', 'amount': 500001}
2019-06-24 19:55:40,141 | 22480 | [test_all.py-->line:185] | INFO : TestCase 取现失败，取现额度输入非数字 starting------
2019-06-24 19:55:40,141 | 22480 | [R_request.py-->line:39] | INFO : Sending get:http://test.lemonban.com/futureloan/mvc/api/member/withdraw {'mobilephone': '13912345611', 'amount': 'abc'}
2019-06-24 19:55:40,174 | 22480 | [test_all.py-->line:185] | INFO : TestCase 取现失败，余额不足，请修改提现额度 starting------
2019-06-24 19:55:40,174 | 22480 | [R_request.py-->line:39] | INFO : Sending get:http://test.lemonban.com/futureloan/mvc/api/member/withdraw {'mobilephone': '13912345611', 'amount': 10000}
2019-06-24 19:58:20,909 | 18760 | [R_request.py-->line:46] | INFO : Sending post:http://test.lemonban.com/futureloan/mvc/api/member/login {'mobilephone': '13912345611', 'pwd': '123456'}
2019-06-24 19:58:21,036 | 18760 | [test_all.py-->line:185] | INFO : TestCase 取现成功 starting------
2019-06-24 19:58:21,205 | 18760 | [R_request.py-->line:39] | INFO : Sending get:http://test.lemonban.com/futureloan/mvc/api/member/withdraw {'mobilephone': '13912345611', 'amount': 500}
2019-06-24 19:58:21,875 | 18760 | [test_all.py-->line:216] | INFO : TestCase 取现成功 end------
2019-06-24 19:58:21,877 | 18760 | [test_all.py-->line:185] | INFO : TestCase 取现失败，手机号码为空 starting------
2019-06-24 19:58:22,018 | 18760 | [R_request.py-->line:39] | INFO : Sending get:http://test.lemonban.com/futureloan/mvc/api/member/withdraw {'amount': 500}
2019-06-24 19:58:22,364 | 18760 | [test_all.py-->line:216] | INFO : TestCase 取现失败，手机号码为空 end------
2019-06-24 19:58:22,365 | 18760 | [test_all.py-->line:185] | INFO : TestCase 取现失败，此手机号对应的会员不存在 starting------
2019-06-24 19:58:22,365 | 18760 | [R_request.py-->line:39] | INFO : Sending get:http://test.lemonban.com/futureloan/mvc/api/member/withdraw {'mobilephone': '13912345655', 'amount': 500}
2019-06-24 19:58:22,644 | 18760 | [test_all.py-->line:216] | INFO : TestCase 取现失败，此手机号对应的会员不存在 end------
2019-06-24 19:58:22,645 | 18760 | [test_all.py-->line:185] | INFO : TestCase 取现失败，手机号码格式不正确 starting------
2019-06-24 19:58:22,645 | 18760 | [R_request.py-->line:39] | INFO : Sending get:http://test.lemonban.com/futureloan/mvc/api/member/withdraw {'mobilephone': '123', 'amount': 500}
2019-06-24 19:58:22,834 | 18760 | [test_all.py-->line:216] | INFO : TestCase 取现失败，手机号码格式不正确 end------
2019-06-24 19:58:22,836 | 18760 | [test_all.py-->line:185] | INFO : TestCase 取现失败，请输入金额 starting------
2019-06-24 19:58:22,836 | 18760 | [R_request.py-->line:39] | INFO : Sending get:http://test.lemonban.com/futureloan/mvc/api/member/withdraw {'mobilephone': '13912345611'}
2019-06-24 19:58:23,016 | 18760 | [test_all.py-->line:216] | INFO : TestCase 取现失败，请输入金额 end------
2019-06-24 19:58:23,017 | 18760 | [test_all.py-->line:185] | INFO : TestCase 取现失败，输入金额小数超过两位 starting------
2019-06-24 19:58:23,017 | 18760 | [R_request.py-->line:39] | INFO : Sending get:http://test.lemonban.com/futureloan/mvc/api/member/withdraw {'mobilephone': '13912345611', 'amount': 500.123}
2019-06-24 19:58:23,194 | 18760 | [test_all.py-->line:216] | INFO : TestCase 取现失败，输入金额小数超过两位 end------
2019-06-24 19:58:23,195 | 18760 | [test_all.py-->line:185] | INFO : TestCase 取现失败，充值额度低于0(负数) starting------
2019-06-24 19:58:23,195 | 18760 | [R_request.py-->line:39] | INFO : Sending get:http://test.lemonban.com/futureloan/mvc/api/member/withdraw {'mobilephone': '13912345611', 'amount': -5}
2019-06-24 19:58:23,493 | 18760 | [test_all.py-->line:216] | INFO : TestCase 取现失败，充值额度低于0(负数) end------
2019-06-24 19:58:23,494 | 18760 | [test_all.py-->line:185] | INFO : TestCase 取现失败，充值额度高于50万 starting------
2019-06-24 19:58:23,494 | 18760 | [R_request.py-->line:39] | INFO : Sending get:http://test.lemonban.com/futureloan/mvc/api/member/withdraw {'mobilephone': '13912345611', 'amount': 500001}
2019-06-24 19:58:23,766 | 18760 | [test_all.py-->line:216] | INFO : TestCase 取现失败，充值额度高于50万 end------
2019-06-24 19:58:23,767 | 18760 | [test_all.py-->line:185] | INFO : TestCase 取现失败，取现额度输入非数字 starting------
2019-06-24 19:58:23,767 | 18760 | [R_request.py-->line:39] | INFO : Sending get:http://test.lemonban.com/futureloan/mvc/api/member/withdraw {'mobilephone': '13912345611', 'amount': 'abc'}
2019-06-24 19:58:23,948 | 18760 | [test_all.py-->line:216] | INFO : TestCase 取现失败，取现额度输入非数字 end------
2019-06-24 19:58:23,950 | 18760 | [test_all.py-->line:185] | INFO : TestCase 取现失败，余额不足，请修改提现额度 starting------
2019-06-24 19:58:23,950 | 18760 | [R_request.py-->line:39] | INFO : Sending get:http://test.lemonban.com/futureloan/mvc/api/member/withdraw {'mobilephone': '13912345611', 'amount': 10000}
2019-06-24 19:58:24,196 | 18760 | [test_all.py-->line:216] | INFO : TestCase 取现失败，余额不足，请修改提现额度 end------
2019-06-24 19:59:09,419 | 1252 | [R_request.py-->line:46] | INFO : Sending post:http://test.lemonban.com/futureloan/mvc/api/member/login {'mobilephone': '13912345611', 'pwd': '123456'}
2019-06-24 19:59:09,561 | 1252 | [test_all.py-->line:185] | INFO : TestCase 取现成功 starting------
2019-06-24 19:59:30,684 | 1252 | [R_request.py-->line:39] | INFO : Sending get:http://test.lemonban.com/futureloan/mvc/api/member/withdraw {'mobilephone': '13912345611', 'amount': 500}
