2019-06-24 15:53:48,033 | 12016 | [test_all.py-->line:84] | INFO : TestCase 注册成功，昵称为空 starting------
2019-06-24 15:53:48,162 | 12016 | [R_request.py-->line:46] | INFO : Sending post:http://test.lemonban.com/futureloan/mvc/api/member/register {'mobilephone': '1391254|0000-9999|', 'pwd': '123456'}
2019-06-24 15:53:49,074 | 12016 | [test_all.py-->line:110] | ERROR: 【Failed】：E{'status': 1, 'code': '10001', 'data': None, 'msg': '成功'} != A{'status': 0, 'code': '20109', 'data': None, 'msg': '手机号码格式不正确'}
2019-06-24 15:53:49,149 | 12016 | [test_all.py-->line:119] | INFO : TestCase 注册成功，昵称为空 end------
2019-06-24 15:53:49,152 | 12016 | [test_all.py-->line:84] | INFO : TestCase 注册成功，昵称不为空 starting------
2019-06-24 15:53:49,258 | 12016 | [R_request.py-->line:46] | INFO : Sending post:http://test.lemonban.com/futureloan/mvc/api/member/register {'mobilephone': '1391254|0000-9999|', 'pwd': '123456', 'regname': '${nickname1}'}
2019-06-24 15:53:49,291 | 12016 | [test_all.py-->line:110] | ERROR: 【Failed】：E{'status': 1, 'code': '10001', 'data': None, 'msg': '成功'} != A{'status': 0, 'code': '20109', 'data': None, 'msg': '手机号码格式不正确'}
2019-06-24 15:53:49,379 | 12016 | [test_all.py-->line:119] | INFO : TestCase 注册成功，昵称不为空 end------
2019-06-24 15:53:49,381 | 12016 | [test_all.py-->line:84] | INFO : TestCase 注册失败，手机号码为空 starting------
2019-06-24 15:53:49,381 | 12016 | [R_request.py-->line:46] | INFO : Sending post:http://test.lemonban.com/futureloan/mvc/api/member/register {'pwd': '123456', 'regname': '${nickname1}'}
2019-06-24 15:53:49,414 | 12016 | [test_all.py-->line:115] | INFO : 【Success】：E{'status': 0, 'code': '20103', 'data': None, 'msg': '参数错误：参数不能为空'} == A{'status': 0, 'code': '20103', 'data': None, 'msg': '手机号不能为空'}
2019-06-24 15:53:49,506 | 12016 | [test_all.py-->line:119] | INFO : TestCase 注册失败，手机号码为空 end------
2019-06-24 15:53:49,507 | 12016 | [test_all.py-->line:84] | INFO : TestCase 注册失败，密码为空 starting------
2019-06-24 15:53:49,507 | 12016 | [R_request.py-->line:46] | INFO : Sending post:http://test.lemonban.com/futureloan/mvc/api/member/register {'mobilephone': '13912541272', 'regname': '${nickname1}'}
2019-06-24 15:53:49,539 | 12016 | [test_all.py-->line:115] | INFO : 【Success】：E{'status': 0, 'code': '20103', 'data': None, 'msg': '参数错误：参数不能为空'} == A{'status': 0, 'code': '20103', 'data': None, 'msg': '密码不能为空'}
2019-06-24 15:53:49,643 | 12016 | [test_all.py-->line:119] | INFO : TestCase 注册失败，密码为空 end------
2019-06-24 15:53:49,644 | 12016 | [test_all.py-->line:84] | INFO : TestCase 注册失败，密码长度小于6位 starting------
2019-06-24 15:53:49,644 | 12016 | [R_request.py-->line:46] | INFO : Sending post:http://test.lemonban.com/futureloan/mvc/api/member/register {'mobilephone': '13912541273', 'pwd': '123', 'regname': '${nickname1}'}
2019-06-24 15:53:49,677 | 12016 | [test_all.py-->line:115] | INFO : 【Success】：E{'status': 0, 'code': '20108', 'data': None, 'msg': '密码长度必须为6~18'} == A{'status': 0, 'code': '20108', 'data': None, 'msg': '密码长度必须为6~18'}
2019-06-24 15:53:49,791 | 12016 | [test_all.py-->line:119] | INFO : TestCase 注册失败，密码长度小于6位 end------
2019-06-24 15:53:49,791 | 12016 | [test_all.py-->line:84] | INFO : TestCase 注册失败，密码长度大于18位 starting------
2019-06-24 15:53:49,791 | 12016 | [R_request.py-->line:46] | INFO : Sending post:http://test.lemonban.com/futureloan/mvc/api/member/register {'mobilephone': '13912541274', 'pwd': '12345678901234567890', 'regname': '${nickname1}'}
2019-06-24 15:53:49,825 | 12016 | [test_all.py-->line:115] | INFO : 【Success】：E{'status': 0, 'code': '20108', 'data': None, 'msg': '密码长度必须为6~18'} == A{'status': 0, 'code': '20108', 'data': None, 'msg': '密码长度必须为6~18'}
2019-06-24 15:53:49,952 | 12016 | [test_all.py-->line:119] | INFO : TestCase 注册失败，密码长度大于18位 end------
2019-06-24 15:53:49,953 | 12016 | [test_all.py-->line:84] | INFO : TestCase 注册失败，手机格式不正确 starting------
2019-06-24 15:53:49,953 | 12016 | [R_request.py-->line:46] | INFO : Sending post:http://test.lemonban.com/futureloan/mvc/api/member/register {'mobilephone': '175', 'pwd': '123456', 'regname': '${nickname1}'}
2019-06-24 15:53:49,986 | 12016 | [test_all.py-->line:115] | INFO : 【Success】：E{'status': 0, 'code': '20109', 'data': None, 'msg': '手机号码格式不正确'} == A{'status': 0, 'code': '20109', 'data': None, 'msg': '手机号码格式不正确'}
2019-06-24 15:53:50,127 | 12016 | [test_all.py-->line:119] | INFO : TestCase 注册失败，手机格式不正确 end------
2019-06-24 15:53:50,127 | 12016 | [test_all.py-->line:84] | INFO : TestCase 注册失败，手机号码已被注册 starting------
2019-06-24 15:53:50,128 | 12016 | [R_request.py-->line:46] | INFO : Sending post:http://test.lemonban.com/futureloan/mvc/api/member/register {'mobilephone': '${phone}', 'pwd': '${pwd}', 'regname': '${nickname1}'}
2019-06-24 15:53:50,160 | 12016 | [test_all.py-->line:110] | ERROR: 【Failed】：E{'status': 0, 'code': '20110', 'data': None, 'msg': '手机号码已被注册'} != A{'status': 0, 'code': '20109', 'data': None, 'msg': '手机号码格式不正确'}
2019-06-24 15:53:50,322 | 12016 | [test_all.py-->line:119] | INFO : TestCase 注册失败，手机号码已被注册 end------
2019-06-24 15:55:52,906 | 19148 | [test_all.py-->line:84] | INFO : TestCase 注册成功，昵称为空 starting------
2019-06-24 15:55:53,031 | 19148 | [R_request.py-->line:46] | INFO : Sending post:http://test.lemonban.com/futureloan/mvc/api/member/register {'mobilephone': '1391254|0000-9999|', 'pwd': '123456'}
2019-06-24 15:55:53,094 | 19148 | [test_all.py-->line:110] | ERROR: 【Failed】：E{'status': 1, 'code': '10001', 'data': None, 'msg': '成功'} != A{'status': 0, 'code': '20109', 'data': None, 'msg': '手机号码格式不正确'}
2019-06-24 15:55:53,170 | 19148 | [test_all.py-->line:119] | INFO : TestCase 注册成功，昵称为空 end------
2019-06-24 15:55:53,172 | 19148 | [test_all.py-->line:84] | INFO : TestCase 注册成功，昵称不为空 starting------
2019-06-24 15:55:53,273 | 19148 | [R_request.py-->line:46] | INFO : Sending post:http://test.lemonban.com/futureloan/mvc/api/member/register {'mobilephone': '1391254|0000-9999|', 'pwd': '123456', 'regname': '${nickname1}'}
2019-06-24 15:55:53,306 | 19148 | [test_all.py-->line:110] | ERROR: 【Failed】：E{'status': 1, 'code': '10001', 'data': None, 'msg': '成功'} != A{'status': 0, 'code': '20109', 'data': None, 'msg': '手机号码格式不正确'}
2019-06-24 15:55:53,390 | 19148 | [test_all.py-->line:119] | INFO : TestCase 注册成功，昵称不为空 end------
2019-06-24 15:55:53,391 | 19148 | [test_all.py-->line:84] | INFO : TestCase 注册失败，手机号码为空 starting------
2019-06-24 15:55:53,391 | 19148 | [R_request.py-->line:46] | INFO : Sending post:http://test.lemonban.com/futureloan/mvc/api/member/register {'pwd': '123456', 'regname': '${nickname1}'}
2019-06-24 15:55:53,423 | 19148 | [test_all.py-->line:115] | INFO : 【Success】：E{'status': 0, 'code': '20103', 'data': None, 'msg': '参数错误：参数不能为空'} == A{'status': 0, 'code': '20103', 'data': None, 'msg': '手机号不能为空'}
2019-06-24 15:55:53,516 | 19148 | [test_all.py-->line:119] | INFO : TestCase 注册失败，手机号码为空 end------
2019-06-24 15:55:53,517 | 19148 | [test_all.py-->line:84] | INFO : TestCase 注册失败，密码为空 starting------
2019-06-24 15:55:53,517 | 19148 | [R_request.py-->line:46] | INFO : Sending post:http://test.lemonban.com/futureloan/mvc/api/member/register {'mobilephone': '13912541272', 'regname': '${nickname1}'}
2019-06-24 15:55:53,550 | 19148 | [test_all.py-->line:115] | INFO : 【Success】：E{'status': 0, 'code': '20103', 'data': None, 'msg': '参数错误：参数不能为空'} == A{'status': 0, 'code': '20103', 'data': None, 'msg': '密码不能为空'}
2019-06-24 15:55:53,654 | 19148 | [test_all.py-->line:119] | INFO : TestCase 注册失败，密码为空 end------
2019-06-24 15:55:53,654 | 19148 | [test_all.py-->line:84] | INFO : TestCase 注册失败，密码长度小于6位 starting------
2019-06-24 15:55:53,654 | 19148 | [R_request.py-->line:46] | INFO : Sending post:http://test.lemonban.com/futureloan/mvc/api/member/register {'mobilephone': '13912541273', 'pwd': '123', 'regname': '${nickname1}'}
2019-06-24 15:55:53,685 | 19148 | [test_all.py-->line:115] | INFO : 【Success】：E{'status': 0, 'code': '20108', 'data': None, 'msg': '密码长度必须为6~18'} == A{'status': 0, 'code': '20108', 'data': None, 'msg': '密码长度必须为6~18'}
2019-06-24 15:55:53,800 | 19148 | [test_all.py-->line:119] | INFO : TestCase 注册失败，密码长度小于6位 end------
2019-06-24 15:55:53,801 | 19148 | [test_all.py-->line:84] | INFO : TestCase 注册失败，密码长度大于18位 starting------
2019-06-24 15:55:53,801 | 19148 | [R_request.py-->line:46] | INFO : Sending post:http://test.lemonban.com/futureloan/mvc/api/member/register {'mobilephone': '13912541274', 'pwd': '12345678901234567890', 'regname': '${nickname1}'}
2019-06-24 15:55:53,833 | 19148 | [test_all.py-->line:115] | INFO : 【Success】：E{'status': 0, 'code': '20108', 'data': None, 'msg': '密码长度必须为6~18'} == A{'status': 0, 'code': '20108', 'data': None, 'msg': '密码长度必须为6~18'}
2019-06-24 15:55:53,964 | 19148 | [test_all.py-->line:119] | INFO : TestCase 注册失败，密码长度大于18位 end------
2019-06-24 15:55:53,964 | 19148 | [test_all.py-->line:84] | INFO : TestCase 注册失败，手机格式不正确 starting------
2019-06-24 15:55:53,964 | 19148 | [R_request.py-->line:46] | INFO : Sending post:http://test.lemonban.com/futureloan/mvc/api/member/register {'mobilephone': '175', 'pwd': '123456', 'regname': '${nickname1}'}
2019-06-24 15:55:54,000 | 19148 | [test_all.py-->line:115] | INFO : 【Success】：E{'status': 0, 'code': '20109', 'data': None, 'msg': '手机号码格式不正确'} == A{'status': 0, 'code': '20109', 'data': None, 'msg': '手机号码格式不正确'}
2019-06-24 15:55:54,146 | 19148 | [test_all.py-->line:119] | INFO : TestCase 注册失败，手机格式不正确 end------
2019-06-24 15:55:54,146 | 19148 | [test_all.py-->line:84] | INFO : TestCase 注册失败，手机号码已被注册 starting------
2019-06-24 15:55:54,146 | 19148 | [R_request.py-->line:46] | INFO : Sending post:http://test.lemonban.com/futureloan/mvc/api/member/register {'mobilephone': '13912341111', 'pwd': '123456', 'regname': '${nickname1}'}
2019-06-24 15:55:54,272 | 19148 | [test_all.py-->line:115] | INFO : 【Success】：E{'status': 0, 'code': '20110', 'data': None, 'msg': '手机号码已被注册'} == A{'status': 0, 'code': '20110', 'data': None, 'msg': '手机号码已被注册'}
2019-06-24 15:55:54,434 | 19148 | [test_all.py-->line:119] | INFO : TestCase 注册失败，手机号码已被注册 end------
2019-06-24 15:56:59,704 | 19864 | [test_all.py-->line:84] | INFO : TestCase 注册成功，昵称为空 starting------
