2019-06-24 16:26:06,940 | 9484 | [test_all.py-->line:83] | INFO : TestCase 注册成功，昵称为空 starting------
2019-06-24 16:26:07,023 | 9484 | [test_all.py-->line:83] | INFO : TestCase 注册成功，昵称不为空 starting------
2019-06-24 16:26:07,127 | 9484 | [test_all.py-->line:83] | INFO : TestCase 注册失败，手机号码为空 starting------
2019-06-24 16:26:07,127 | 9484 | [R_request.py-->line:46] | INFO : Sending post:/member/registerhttp://test.lemonban.com/futureloan/mvc/api {'pwd': '123456', 'regname': 'august'}
2019-06-24 16:26:07,155 | 9484 | [test_all.py-->line:83] | INFO : TestCase 注册失败，密码为空 starting------
2019-06-24 16:26:07,155 | 9484 | [R_request.py-->line:46] | INFO : Sending post:/member/registerhttp://test.lemonban.com/futureloan/mvc/api {'mobilephone': '13912541272', 'regname': 'september'}
2019-06-24 16:26:07,157 | 9484 | [test_all.py-->line:83] | INFO : TestCase 注册失败，密码长度小于6位 starting------
2019-06-24 16:26:07,157 | 9484 | [R_request.py-->line:46] | INFO : Sending post:/member/registerhttp://test.lemonban.com/futureloan/mvc/api {'mobilephone': '13912541273', 'pwd': '123', 'regname': 'october'}
2019-06-24 16:26:07,159 | 9484 | [test_all.py-->line:83] | INFO : TestCase 注册失败，密码长度大于18位 starting------
2019-06-24 16:26:07,159 | 9484 | [R_request.py-->line:46] | INFO : Sending post:/member/registerhttp://test.lemonban.com/futureloan/mvc/api {'mobilephone': '13912541274', 'pwd': '12345678901234567890', 'regname': 'november'}
2019-06-24 16:26:07,161 | 9484 | [test_all.py-->line:83] | INFO : TestCase 注册失败，手机格式不正确 starting------
2019-06-24 16:26:07,161 | 9484 | [R_request.py-->line:46] | INFO : Sending post:/member/registerhttp://test.lemonban.com/futureloan/mvc/api {'mobilephone': '175', 'pwd': '123456', 'regname': 'december'}
2019-06-24 16:26:07,163 | 9484 | [test_all.py-->line:83] | INFO : TestCase 注册失败，手机号码已被注册 starting------
2019-06-24 16:26:07,163 | 9484 | [R_request.py-->line:46] | INFO : Sending post:/member/registerhttp://test.lemonban.com/futureloan/mvc/api {'mobilephone': '13912341111', 'pwd': '123456', 'regname': 'january'}
2019-06-24 16:31:08,256 | 17656 | [test_all.py-->line:83] | INFO : TestCase 注册成功，昵称为空 starting------
2019-06-24 16:31:08,395 | 17656 | [test_all.py-->line:83] | INFO : TestCase 注册成功，昵称不为空 starting------
2019-06-24 16:31:08,507 | 17656 | [test_all.py-->line:83] | INFO : TestCase 注册失败，手机号码为空 starting------
2019-06-24 16:31:08,507 | 17656 | [R_request.py-->line:46] | INFO : Sending post:/member/registerhttp://test.lemonban.com/futureloan/mvc/api {'pwd': '123456', 'regname': 'august'}
2019-06-24 16:31:08,512 | 17656 | [test_all.py-->line:83] | INFO : TestCase 注册失败，密码为空 starting------
2019-06-24 16:31:08,513 | 17656 | [R_request.py-->line:46] | INFO : Sending post:/member/registerhttp://test.lemonban.com/futureloan/mvc/api {'mobilephone': '13912541272', 'regname': 'september'}
2019-06-24 16:31:08,514 | 17656 | [test_all.py-->line:83] | INFO : TestCase 注册失败，密码长度小于6位 starting------
2019-06-24 16:31:08,514 | 17656 | [R_request.py-->line:46] | INFO : Sending post:/member/registerhttp://test.lemonban.com/futureloan/mvc/api {'mobilephone': '13912541273', 'pwd': '123', 'regname': 'october'}
2019-06-24 16:31:08,520 | 17656 | [test_all.py-->line:83] | INFO : TestCase 注册失败，密码长度大于18位 starting------
2019-06-24 16:31:08,520 | 17656 | [R_request.py-->line:46] | INFO : Sending post:/member/registerhttp://test.lemonban.com/futureloan/mvc/api {'mobilephone': '13912541274', 'pwd': '12345678901234567890', 'regname': 'november'}
2019-06-24 16:31:08,522 | 17656 | [test_all.py-->line:83] | INFO : TestCase 注册失败，手机格式不正确 starting------
2019-06-24 16:31:08,522 | 17656 | [R_request.py-->line:46] | INFO : Sending post:/member/registerhttp://test.lemonban.com/futureloan/mvc/api {'mobilephone': '175', 'pwd': '123456', 'regname': 'december'}
2019-06-24 16:31:08,523 | 17656 | [test_all.py-->line:83] | INFO : TestCase 注册失败，手机号码已被注册 starting------
2019-06-24 16:31:08,524 | 17656 | [R_request.py-->line:46] | INFO : Sending post:/member/registerhttp://test.lemonban.com/futureloan/mvc/api {'mobilephone': '13912341111', 'pwd': '123456', 'regname': 'january'}
2019-06-24 16:33:12,449 | 20520 | [test_all.py-->line:83] | INFO : TestCase 注册成功，昵称为空 starting------
2019-06-24 16:33:12,592 | 20520 | [test_all.py-->line:83] | INFO : TestCase 注册成功，昵称不为空 starting------
2019-06-24 16:33:12,691 | 20520 | [test_all.py-->line:83] | INFO : TestCase 注册失败，手机号码为空 starting------
2019-06-24 16:33:12,692 | 20520 | [R_request.py-->line:46] | INFO : Sending post:/member/registerhttp://test.lemonban.com/futureloan/mvc/api {'pwd': '123456', 'regname': 'august'}
2019-06-24 16:33:12,695 | 20520 | [test_all.py-->line:83] | INFO : TestCase 注册失败，密码为空 starting------
2019-06-24 16:33:12,695 | 20520 | [R_request.py-->line:46] | INFO : Sending post:/member/registerhttp://test.lemonban.com/futureloan/mvc/api {'mobilephone': '13912541272', 'regname': 'september'}
2019-06-24 16:33:12,696 | 20520 | [test_all.py-->line:83] | INFO : TestCase 注册失败，密码长度小于6位 starting------
2019-06-24 16:33:12,696 | 20520 | [R_request.py-->line:46] | INFO : Sending post:/member/registerhttp://test.lemonban.com/futureloan/mvc/api {'mobilephone': '13912541273', 'pwd': '123', 'regname': 'october'}
2019-06-24 16:33:12,698 | 20520 | [test_all.py-->line:83] | INFO : TestCase 注册失败，密码长度大于18位 starting------
2019-06-24 16:33:12,698 | 20520 | [R_request.py-->line:46] | INFO : Sending post:/member/registerhttp://test.lemonban.com/futureloan/mvc/api {'mobilephone': '13912541274', 'pwd': '12345678901234567890', 'regname': 'november'}
2019-06-24 16:33:12,700 | 20520 | [test_all.py-->line:83] | INFO : TestCase 注册失败，手机格式不正确 starting------
2019-06-24 16:33:12,700 | 20520 | [R_request.py-->line:46] | INFO : Sending post:/member/registerhttp://test.lemonban.com/futureloan/mvc/api {'mobilephone': '175', 'pwd': '123456', 'regname': 'december'}
2019-06-24 16:33:12,701 | 20520 | [test_all.py-->line:83] | INFO : TestCase 注册失败，手机号码已被注册 starting------
2019-06-24 16:33:12,701 | 20520 | [R_request.py-->line:46] | INFO : Sending post:/member/registerhttp://test.lemonban.com/futureloan/mvc/api {'mobilephone': '13912341111', 'pwd': '123456', 'regname': 'january'}
2019-06-24 16:36:28,718 | 23308 | [test_all.py-->line:83] | INFO : TestCase 注册成功，昵称为空 starting------
2019-06-24 16:36:28,805 | 23308 | [test_all.py-->line:83] | INFO : TestCase 注册成功，昵称不为空 starting------
2019-06-24 16:36:28,939 | 23308 | [test_all.py-->line:83] | INFO : TestCase 注册失败，手机号码为空 starting------
2019-06-24 16:36:28,939 | 23308 | [R_request.py-->line:46] | INFO : Sending post:/member/registerhttp://test.lemonban.com/futureloan/mvc/api {'pwd': '123456', 'regname': 'august'}
2019-06-24 16:36:28,944 | 23308 | [test_all.py-->line:83] | INFO : TestCase 注册失败，密码为空 starting------
2019-06-24 16:36:28,944 | 23308 | [R_request.py-->line:46] | INFO : Sending post:/member/registerhttp://test.lemonban.com/futureloan/mvc/api {'mobilephone': '13912541272', 'regname': 'september'}
2019-06-24 16:36:28,946 | 23308 | [test_all.py-->line:83] | INFO : TestCase 注册失败，密码长度小于6位 starting------
2019-06-24 16:36:28,946 | 23308 | [R_request.py-->line:46] | INFO : Sending post:/member/registerhttp://test.lemonban.com/futureloan/mvc/api {'mobilephone': '13912541273', 'pwd': '123', 'regname': 'october'}
2019-06-24 16:36:28,948 | 23308 | [test_all.py-->line:83] | INFO : TestCase 注册失败，密码长度大于18位 starting------
2019-06-24 16:36:28,948 | 23308 | [R_request.py-->line:46] | INFO : Sending post:/member/registerhttp://test.lemonban.com/futureloan/mvc/api {'mobilephone': '13912541274', 'pwd': '12345678901234567890', 'regname': 'november'}
2019-06-24 16:36:28,949 | 23308 | [test_all.py-->line:83] | INFO : TestCase 注册失败，手机格式不正确 starting------
2019-06-24 16:36:28,949 | 23308 | [R_request.py-->line:46] | INFO : Sending post:/member/registerhttp://test.lemonban.com/futureloan/mvc/api {'mobilephone': '175', 'pwd': '123456', 'regname': 'december'}
2019-06-24 16:36:28,955 | 23308 | [test_all.py-->line:83] | INFO : TestCase 注册失败，手机号码已被注册 starting------
2019-06-24 16:36:28,956 | 23308 | [R_request.py-->line:46] | INFO : Sending post:/member/registerhttp://test.lemonban.com/futureloan/mvc/api {'mobilephone': '13912341111', 'pwd': '123456', 'regname': 'january'}
2019-06-24 16:37:42,126 | 1516 | [test_all.py-->line:83] | INFO : TestCase 注册成功，昵称为空 starting------
2019-06-24 16:38:44,708 | 1516 | [test_all.py-->line:83] | INFO : TestCase 注册成功，昵称不为空 starting------
2019-06-24 16:38:44,867 | 1516 | [test_all.py-->line:83] | INFO : TestCase 注册失败，手机号码为空 starting------
2019-06-24 16:38:44,868 | 1516 | [R_request.py-->line:46] | INFO : Sending post:/member/registerhttp://test.lemonban.com/futureloan/mvc/api {'pwd': '123456', 'regname': 'august'}
2019-06-24 16:38:44,916 | 1516 | [test_all.py-->line:83] | INFO : TestCase 注册失败，密码为空 starting------
2019-06-24 16:38:44,917 | 1516 | [R_request.py-->line:46] | INFO : Sending post:/member/registerhttp://test.lemonban.com/futureloan/mvc/api {'mobilephone': '13912541272', 'regname': 'september'}
2019-06-24 16:38:44,954 | 1516 | [test_all.py-->line:83] | INFO : TestCase 注册失败，密码长度小于6位 starting------
2019-06-24 16:38:44,955 | 1516 | [R_request.py-->line:46] | INFO : Sending post:/member/registerhttp://test.lemonban.com/futureloan/mvc/api {'mobilephone': '13912541273', 'pwd': '123', 'regname': 'october'}
2019-06-24 16:38:44,992 | 1516 | [test_all.py-->line:83] | INFO : TestCase 注册失败，密码长度大于18位 starting------
2019-06-24 16:38:44,993 | 1516 | [R_request.py-->line:46] | INFO : Sending post:/member/registerhttp://test.lemonban.com/futureloan/mvc/api {'mobilephone': '13912541274', 'pwd': '12345678901234567890', 'regname': 'november'}
2019-06-24 16:38:45,030 | 1516 | [test_all.py-->line:83] | INFO : TestCase 注册失败，手机格式不正确 starting------
2019-06-24 16:38:45,031 | 1516 | [R_request.py-->line:46] | INFO : Sending post:/member/registerhttp://test.lemonban.com/futureloan/mvc/api {'mobilephone': '175', 'pwd': '123456', 'regname': 'december'}
2019-06-24 16:38:45,069 | 1516 | [test_all.py-->line:83] | INFO : TestCase 注册失败，手机号码已被注册 starting------
2019-06-24 16:38:45,070 | 1516 | [R_request.py-->line:46] | INFO : Sending post:/member/registerhttp://test.lemonban.com/futureloan/mvc/api {'mobilephone': '13912341111', 'pwd': '123456', 'regname': 'january'}
2019-06-24 16:40:17,493 | 15660 | [test_all.py-->line:83] | INFO : TestCase 注册成功，昵称为空 starting------
2019-06-24 16:42:29,416 | 14900 | [test_all.py-->line:83] | INFO : TestCase 注册成功，昵称为空 starting------
2019-06-24 16:43:36,382 | 5456 | [test_all.py-->line:83] | INFO : TestCase 注册成功，昵称为空 starting------
2019-06-24 16:44:25,361 | 14256 | [test_all.py-->line:83] | INFO : TestCase 注册成功，昵称为空 starting------
2019-06-24 16:44:25,468 | 14256 | [R_request.py-->line:46] | INFO : Sending post:/member/registerhttp://test.lemonban.com/futureloan/mvc/api {'mobilephone': '13946468927', 'pwd': '123456'}
2019-06-24 16:44:25,472 | 14256 | [test_all.py-->line:83] | INFO : TestCase 注册成功，昵称不为空 starting------
2019-06-24 16:44:25,549 | 14256 | [R_request.py-->line:46] | INFO : Sending post:/member/registerhttp://test.lemonban.com/futureloan/mvc/api {'mobilephone': '13997006955', 'pwd': '123456', 'regname': 'july'}
2019-06-24 16:44:25,551 | 14256 | [test_all.py-->line:83] | INFO : TestCase 注册失败，手机号码为空 starting------
2019-06-24 16:44:25,552 | 14256 | [test_all.py-->line:83] | INFO : TestCase 注册失败，密码为空 starting------
2019-06-24 16:44:25,553 | 14256 | [test_all.py-->line:83] | INFO : TestCase 注册失败，密码长度小于6位 starting------
2019-06-24 16:44:25,554 | 14256 | [test_all.py-->line:83] | INFO : TestCase 注册失败，密码长度大于18位 starting------
2019-06-24 16:44:25,555 | 14256 | [test_all.py-->line:83] | INFO : TestCase 注册失败，手机格式不正确 starting------
2019-06-24 16:44:25,556 | 14256 | [test_all.py-->line:83] | INFO : TestCase 注册失败，手机号码已被注册 starting------
2019-06-24 16:46:52,311 | 5016 | [test_all.py-->line:83] | INFO : TestCase 注册成功，昵称为空 starting------
2019-06-24 16:46:52,407 | 5016 | [R_request.py-->line:46] | INFO : Sending post:/member/registerhttp://test.lemonban.com/futureloan/mvc/api {'mobilephone': '13934078258', 'pwd': '123456'}
2019-06-24 16:46:52,412 | 5016 | [test_all.py-->line:83] | INFO : TestCase 注册成功，昵称不为空 starting------
2019-06-24 16:46:52,511 | 5016 | [R_request.py-->line:46] | INFO : Sending post:/member/registerhttp://test.lemonban.com/futureloan/mvc/api {'mobilephone': '13954574393', 'pwd': '123456', 'regname': 'july'}
2019-06-24 16:46:52,513 | 5016 | [test_all.py-->line:83] | INFO : TestCase 注册失败，手机号码为空 starting------
2019-06-24 16:46:52,517 | 5016 | [test_all.py-->line:83] | INFO : TestCase 注册失败，密码为空 starting------
2019-06-24 16:46:52,518 | 5016 | [test_all.py-->line:83] | INFO : TestCase 注册失败，密码长度小于6位 starting------
2019-06-24 16:46:52,519 | 5016 | [test_all.py-->line:83] | INFO : TestCase 注册失败，密码长度大于18位 starting------
2019-06-24 16:46:52,521 | 5016 | [test_all.py-->line:83] | INFO : TestCase 注册失败，手机格式不正确 starting------
2019-06-24 16:46:52,522 | 5016 | [test_all.py-->line:83] | INFO : TestCase 注册失败，手机号码已被注册 starting------
2019-06-24 16:47:05,860 | 15420 | [test_all.py-->line:83] | INFO : TestCase 注册成功，昵称为空 starting------
2019-06-24 16:47:05,960 | 15420 | [R_request.py-->line:46] | INFO : Sending post:http://test.lemonban.com/futureloan/mvc/api/member/register {'mobilephone': '13904976723', 'pwd': '123456'}
2019-06-24 16:47:06,120 | 15420 | [test_all.py-->line:109] | INFO : 【Success】：E{'status': 1, 'code': '10001', 'data': None, 'msg': '成功'} == A{'status': 1, 'code': '10001', 'data': None, 'msg': '注册成功'}
2019-06-24 16:47:06,193 | 15420 | [test_all.py-->line:112] | INFO : TestCase 注册成功，昵称为空 end------
2019-06-24 16:47:06,193 | 15420 | [test_all.py-->line:83] | INFO : TestCase 注册成功，昵称不为空 starting------
2019-06-24 16:47:06,287 | 15420 | [R_request.py-->line:46] | INFO : Sending post:http://test.lemonban.com/futureloan/mvc/api/member/register {'mobilephone': '13949829940', 'pwd': '123456', 'regname': 'july'}
2019-06-24 16:47:06,419 | 15420 | [test_all.py-->line:109] | INFO : 【Success】：E{'status': 1, 'code': '10001', 'data': None, 'msg': '成功'} == A{'status': 1, 'code': '10001', 'data': None, 'msg': '注册成功'}
2019-06-24 16:47:06,500 | 15420 | [test_all.py-->line:112] | INFO : TestCase 注册成功，昵称不为空 end------
2019-06-24 16:47:06,500 | 15420 | [test_all.py-->line:83] | INFO : TestCase 注册失败，手机号码为空 starting------
2019-06-24 16:47:06,502 | 15420 | [test_all.py-->line:83] | INFO : TestCase 注册失败，密码为空 starting------
2019-06-24 16:47:06,503 | 15420 | [test_all.py-->line:83] | INFO : TestCase 注册失败，密码长度小于6位 starting------
2019-06-24 16:47:06,504 | 15420 | [test_all.py-->line:83] | INFO : TestCase 注册失败，密码长度大于18位 starting------
2019-06-24 16:47:06,505 | 15420 | [test_all.py-->line:83] | INFO : TestCase 注册失败，手机格式不正确 starting------
2019-06-24 16:47:06,510 | 15420 | [test_all.py-->line:83] | INFO : TestCase 注册失败，手机号码已被注册 starting------
2019-06-24 16:48:16,055 | 24412 | [test_all.py-->line:83] | INFO : TestCase 注册成功，昵称为空 starting------
2019-06-24 16:48:16,157 | 24412 | [R_request.py-->line:46] | INFO : Sending post:http://test.lemonban.com/futureloan/mvc/api/member/register {'mobilephone': '13915723938', 'pwd': '123456'}
2019-06-24 16:48:16,321 | 24412 | [test_all.py-->line:109] | INFO : 【Success】：E{'status': 1, 'code': '10001', 'data': None, 'msg': '成功'} == A{'status': 1, 'code': '10001', 'data': None, 'msg': '注册成功'}
2019-06-24 16:48:16,396 | 24412 | [test_all.py-->line:112] | INFO : TestCase 注册成功，昵称为空 end------
2019-06-24 16:48:16,397 | 24412 | [test_all.py-->line:83] | INFO : TestCase 注册成功，昵称不为空 starting------
2019-06-24 16:48:16,498 | 24412 | [R_request.py-->line:46] | INFO : Sending post:http://test.lemonban.com/futureloan/mvc/api/member/register {'mobilephone': '13942804393', 'pwd': '123456', 'regname': 'july'}
2019-06-24 16:48:16,620 | 24412 | [test_all.py-->line:109] | INFO : 【Success】：E{'status': 1, 'code': '10001', 'data': None, 'msg': '成功'} == A{'status': 1, 'code': '10001', 'data': None, 'msg': '注册成功'}
2019-06-24 16:48:16,703 | 24412 | [test_all.py-->line:112] | INFO : TestCase 注册成功，昵称不为空 end------
2019-06-24 16:48:16,704 | 24412 | [test_all.py-->line:83] | INFO : TestCase 注册失败，手机号码为空 starting------
2019-06-24 16:48:16,704 | 24412 | [R_request.py-->line:46] | INFO : Sending post:http://test.lemonban.com/futureloan/mvc/api/member/register {'pwd': '123456', 'regname': 'august'}
2019-06-24 16:48:16,738 | 24412 | [test_all.py-->line:109] | INFO : 【Success】：E{'status': 0, 'code': '20103', 'data': None, 'msg': '参数错误：参数不能为空'} == A{'status': 0, 'code': '20103', 'data': None, 'msg': '手机号不能为空'}
2019-06-24 16:48:16,831 | 24412 | [test_all.py-->line:112] | INFO : TestCase 注册失败，手机号码为空 end------
2019-06-24 16:48:16,831 | 24412 | [test_all.py-->line:83] | INFO : TestCase 注册失败，密码为空 starting------
2019-06-24 16:48:16,831 | 24412 | [R_request.py-->line:46] | INFO : Sending post:http://test.lemonban.com/futureloan/mvc/api/member/register {'mobilephone': '13912541272', 'regname': 'september'}
2019-06-24 16:48:16,866 | 24412 | [test_all.py-->line:109] | INFO : 【Success】：E{'status': 0, 'code': '20103', 'data': None, 'msg': '参数错误：参数不能为空'} == A{'status': 0, 'code': '20103', 'data': None, 'msg': '密码不能为空'}
2019-06-24 16:48:16,971 | 24412 | [test_all.py-->line:112] | INFO : TestCase 注册失败，密码为空 end------
2019-06-24 16:48:16,971 | 24412 | [test_all.py-->line:83] | INFO : TestCase 注册失败，密码长度小于6位 starting------
2019-06-24 16:48:16,972 | 24412 | [R_request.py-->line:46] | INFO : Sending post:http://test.lemonban.com/futureloan/mvc/api/member/register {'mobilephone': '13912541273', 'pwd': '123', 'regname': 'october'}
2019-06-24 16:48:17,004 | 24412 | [test_all.py-->line:109] | INFO : 【Success】：E{'status': 0, 'code': '20108', 'data': None, 'msg': '密码长度必须为6~18'} == A{'status': 0, 'code': '20108', 'data': None, 'msg': '密码长度必须为6~18'}
2019-06-24 16:48:17,118 | 24412 | [test_all.py-->line:112] | INFO : TestCase 注册失败，密码长度小于6位 end------
2019-06-24 16:48:17,118 | 24412 | [test_all.py-->line:83] | INFO : TestCase 注册失败，密码长度大于18位 starting------
2019-06-24 16:48:17,118 | 24412 | [R_request.py-->line:46] | INFO : Sending post:http://test.lemonban.com/futureloan/mvc/api/member/register {'mobilephone': '13912541274', 'pwd': '12345678901234567890', 'regname': 'november'}
2019-06-24 16:48:17,151 | 24412 | [test_all.py-->line:109] | INFO : 【Success】：E{'status': 0, 'code': '20108', 'data': None, 'msg': '密码长度必须为6~18'} == A{'status': 0, 'code': '20108', 'data': None, 'msg': '密码长度必须为6~18'}
2019-06-24 16:48:17,302 | 24412 | [test_all.py-->line:112] | INFO : TestCase 注册失败，密码长度大于18位 end------
2019-06-24 16:48:17,302 | 24412 | [test_all.py-->line:83] | INFO : TestCase 注册失败，手机格式不正确 starting------
2019-06-24 16:48:17,302 | 24412 | [R_request.py-->line:46] | INFO : Sending post:http://test.lemonban.com/futureloan/mvc/api/member/register {'mobilephone': '175', 'pwd': '123456', 'regname': 'december'}
2019-06-24 16:48:17,336 | 24412 | [test_all.py-->line:109] | INFO : 【Success】：E{'status': 0, 'code': '20109', 'data': None, 'msg': '手机号码格式不正确'} == A{'status': 0, 'code': '20109', 'data': None, 'msg': '手机号码格式不正确'}
2019-06-24 16:48:17,475 | 24412 | [test_all.py-->line:112] | INFO : TestCase 注册失败，手机格式不正确 end------
2019-06-24 16:48:17,476 | 24412 | [test_all.py-->line:83] | INFO : TestCase 注册失败，手机号码已被注册 starting------
2019-06-24 16:48:17,476 | 24412 | [R_request.py-->line:46] | INFO : Sending post:http://test.lemonban.com/futureloan/mvc/api/member/register {'mobilephone': '#phone#', 'pwd': '#pwd#', 'regname': 'january'}
2019-06-24 16:48:17,510 | 24412 | [test_all.py-->line:104] | ERROR: 【Failed】：E{'status': 0, 'code': '20110', 'data': None, 'msg': '手机号码已被注册'} != A{'status': 0, 'code': '20108', 'data': None, 'msg': '密码长度必须为6~18'}
2019-06-24 16:48:17,671 | 24412 | [test_all.py-->line:112] | INFO : TestCase 注册失败，手机号码已被注册 end------
2019-06-24 16:52:25,348 | 20016 | [test_all.py-->line:83] | INFO : TestCase 注册成功，昵称为空 starting------
2019-06-24 16:52:25,460 | 20016 | [R_request.py-->line:46] | INFO : Sending post:http://test.lemonban.com/futureloan/mvc/api/member/register {'mobilephone': '13941332015', 'pwd': '123456'}
2019-06-24 16:52:25,625 | 20016 | [test_all.py-->line:109] | INFO : 【Success】：E{'status': 1, 'code': '10001', 'data': None, 'msg': '成功'} == A{'status': 1, 'code': '10001', 'data': None, 'msg': '注册成功'}
2019-06-24 16:52:25,721 | 20016 | [test_all.py-->line:112] | INFO : TestCase 注册成功，昵称为空 end------
2019-06-24 16:52:25,722 | 20016 | [test_all.py-->line:83] | INFO : TestCase 注册成功，昵称不为空 starting------
2019-06-24 16:52:25,842 | 20016 | [R_request.py-->line:46] | INFO : Sending post:http://test.lemonban.com/futureloan/mvc/api/member/register {'mobilephone': '13966854578', 'pwd': '123456', 'regname': 'july'}
2019-06-24 16:52:26,049 | 20016 | [test_all.py-->line:109] | INFO : 【Success】：E{'status': 1, 'code': '10001', 'data': None, 'msg': '成功'} == A{'status': 1, 'code': '10001', 'data': None, 'msg': '注册成功'}
2019-06-24 16:52:26,133 | 20016 | [test_all.py-->line:112] | INFO : TestCase 注册成功，昵称不为空 end------
2019-06-24 16:52:26,134 | 20016 | [test_all.py-->line:83] | INFO : TestCase 注册失败，手机号码为空 starting------
2019-06-24 16:52:26,134 | 20016 | [R_request.py-->line:46] | INFO : Sending post:http://test.lemonban.com/futureloan/mvc/api/member/register {'pwd': '123456', 'regname': 'august'}
2019-06-24 16:52:26,168 | 20016 | [test_all.py-->line:109] | INFO : 【Success】：E{'status': 0, 'code': '20103', 'data': None, 'msg': '参数错误：参数不能为空'} == A{'status': 0, 'code': '20103', 'data': None, 'msg': '手机号不能为空'}
2019-06-24 16:52:26,261 | 20016 | [test_all.py-->line:112] | INFO : TestCase 注册失败，手机号码为空 end------
2019-06-24 16:52:26,261 | 20016 | [test_all.py-->line:83] | INFO : TestCase 注册失败，密码为空 starting------
2019-06-24 16:52:26,262 | 20016 | [R_request.py-->line:46] | INFO : Sending post:http://test.lemonban.com/futureloan/mvc/api/member/register {'mobilephone': '13912541272', 'regname': 'september'}
2019-06-24 16:52:26,297 | 20016 | [test_all.py-->line:109] | INFO : 【Success】：E{'status': 0, 'code': '20103', 'data': None, 'msg': '参数错误：参数不能为空'} == A{'status': 0, 'code': '20103', 'data': None, 'msg': '密码不能为空'}
2019-06-24 16:52:26,399 | 20016 | [test_all.py-->line:112] | INFO : TestCase 注册失败，密码为空 end------
2019-06-24 16:52:26,399 | 20016 | [test_all.py-->line:83] | INFO : TestCase 注册失败，密码长度小于6位 starting------
2019-06-24 16:52:26,400 | 20016 | [R_request.py-->line:46] | INFO : Sending post:http://test.lemonban.com/futureloan/mvc/api/member/register {'mobilephone': '13912541273', 'pwd': '123', 'regname': 'october'}
2019-06-24 16:52:26,433 | 20016 | [test_all.py-->line:109] | INFO : 【Success】：E{'status': 0, 'code': '20108', 'data': None, 'msg': '密码长度必须为6~18'} == A{'status': 0, 'code': '20108', 'data': None, 'msg': '密码长度必须为6~18'}
2019-06-24 16:52:26,550 | 20016 | [test_all.py-->line:112] | INFO : TestCase 注册失败，密码长度小于6位 end------
2019-06-24 16:52:26,551 | 20016 | [test_all.py-->line:83] | INFO : TestCase 注册失败，密码长度大于18位 starting------
2019-06-24 16:52:26,551 | 20016 | [R_request.py-->line:46] | INFO : Sending post:http://test.lemonban.com/futureloan/mvc/api/member/register {'mobilephone': '13912541274', 'pwd': '12345678901234567890', 'regname': 'november'}
2019-06-24 16:52:26,586 | 20016 | [test_all.py-->line:109] | INFO : 【Success】：E{'status': 0, 'code': '20108', 'data': None, 'msg': '密码长度必须为6~18'} == A{'status': 0, 'code': '20108', 'data': None, 'msg': '密码长度必须为6~18'}
2019-06-24 16:52:26,713 | 20016 | [test_all.py-->line:112] | INFO : TestCase 注册失败，密码长度大于18位 end------
2019-06-24 16:52:26,714 | 20016 | [test_all.py-->line:83] | INFO : TestCase 注册失败，手机格式不正确 starting------
2019-06-24 16:52:26,714 | 20016 | [R_request.py-->line:46] | INFO : Sending post:http://test.lemonban.com/futureloan/mvc/api/member/register {'mobilephone': '175', 'pwd': '123456', 'regname': 'december'}
2019-06-24 16:52:26,748 | 20016 | [test_all.py-->line:109] | INFO : 【Success】：E{'status': 0, 'code': '20109', 'data': None, 'msg': '手机号码格式不正确'} == A{'status': 0, 'code': '20109', 'data': None, 'msg': '手机号码格式不正确'}
2019-06-24 16:52:26,891 | 20016 | [test_all.py-->line:112] | INFO : TestCase 注册失败，手机格式不正确 end------
2019-06-24 16:52:26,891 | 20016 | [test_all.py-->line:83] | INFO : TestCase 注册失败，手机号码已被注册 starting------
2019-06-24 16:52:26,891 | 20016 | [R_request.py-->line:46] | INFO : Sending post:http://test.lemonban.com/futureloan/mvc/api/member/register {'mobilephone': '#phone#', 'pwd': '#pwd#', 'regname': 'january'}
2019-06-24 16:52:26,926 | 20016 | [test_all.py-->line:104] | ERROR: 【Failed】：E{'status': 0, 'code': '20110', 'data': None, 'msg': '手机号码已被注册'} != A{'status': 0, 'code': '20108', 'data': None, 'msg': '密码长度必须为6~18'}
2019-06-24 16:52:27,088 | 20016 | [test_all.py-->line:112] | INFO : TestCase 注册失败，手机号码已被注册 end------
2019-06-24 16:52:51,395 | 22676 | [test_all.py-->line:83] | INFO : TestCase 注册成功，昵称为空 starting------
2019-06-24 16:52:51,478 | 22676 | [R_request.py-->line:46] | INFO : Sending post:http://test.lemonban.com/futureloan/mvc/api/member/register {'mobilephone': '13989294473', 'pwd': '123456'}
2019-06-24 16:52:51,623 | 22676 | [test_all.py-->line:109] | INFO : 【Success】：E{'status': 1, 'code': '10001', 'data': None, 'msg': '成功'} == A{'status': 1, 'code': '10001', 'data': None, 'msg': '注册成功'}
2019-06-24 16:52:51,720 | 22676 | [test_all.py-->line:112] | INFO : TestCase 注册成功，昵称为空 end------
2019-06-24 16:52:51,721 | 22676 | [test_all.py-->line:83] | INFO : TestCase 注册成功，昵称不为空 starting------
2019-06-24 16:52:51,832 | 22676 | [R_request.py-->line:46] | INFO : Sending post:http://test.lemonban.com/futureloan/mvc/api/member/register {'mobilephone': '13959667687', 'pwd': '123456', 'regname': 'july'}
2019-06-24 16:52:51,931 | 22676 | [test_all.py-->line:109] | INFO : 【Success】：E{'status': 1, 'code': '10001', 'data': None, 'msg': '成功'} == A{'status': 1, 'code': '10001', 'data': None, 'msg': '注册成功'}
2019-06-24 16:52:52,013 | 22676 | [test_all.py-->line:112] | INFO : TestCase 注册成功，昵称不为空 end------
2019-06-24 16:52:52,014 | 22676 | [test_all.py-->line:83] | INFO : TestCase 注册失败，手机号码为空 starting------
2019-06-24 16:52:52,014 | 22676 | [R_request.py-->line:46] | INFO : Sending post:http://test.lemonban.com/futureloan/mvc/api/member/register {'pwd': '123456', 'regname': 'august'}
2019-06-24 16:52:52,047 | 22676 | [test_all.py-->line:109] | INFO : 【Success】：E{'status': 0, 'code': '20103', 'data': None, 'msg': '参数错误：参数不能为空'} == A{'status': 0, 'code': '20103', 'data': None, 'msg': '手机号不能为空'}
2019-06-24 16:52:52,139 | 22676 | [test_all.py-->line:112] | INFO : TestCase 注册失败，手机号码为空 end------
2019-06-24 16:52:52,140 | 22676 | [test_all.py-->line:83] | INFO : TestCase 注册失败，密码为空 starting------
2019-06-24 16:52:52,140 | 22676 | [R_request.py-->line:46] | INFO : Sending post:http://test.lemonban.com/futureloan/mvc/api/member/register {'mobilephone': '13912541272', 'regname': 'september'}
2019-06-24 16:52:52,174 | 22676 | [test_all.py-->line:109] | INFO : 【Success】：E{'status': 0, 'code': '20103', 'data': None, 'msg': '参数错误：参数不能为空'} == A{'status': 0, 'code': '20103', 'data': None, 'msg': '密码不能为空'}
2019-06-24 16:52:52,276 | 22676 | [test_all.py-->line:112] | INFO : TestCase 注册失败，密码为空 end------
2019-06-24 16:52:52,277 | 22676 | [test_all.py-->line:83] | INFO : TestCase 注册失败，密码长度小于6位 starting------
2019-06-24 16:52:52,277 | 22676 | [R_request.py-->line:46] | INFO : Sending post:http://test.lemonban.com/futureloan/mvc/api/member/register {'mobilephone': '13912541273', 'pwd': '123', 'regname': 'october'}
2019-06-24 16:52:52,309 | 22676 | [test_all.py-->line:109] | INFO : 【Success】：E{'status': 0, 'code': '20108', 'data': None, 'msg': '密码长度必须为6~18'} == A{'status': 0, 'code': '20108', 'data': None, 'msg': '密码长度必须为6~18'}
2019-06-24 16:52:52,425 | 22676 | [test_all.py-->line:112] | INFO : TestCase 注册失败，密码长度小于6位 end------
2019-06-24 16:52:52,425 | 22676 | [test_all.py-->line:83] | INFO : TestCase 注册失败，密码长度大于18位 starting------
2019-06-24 16:52:52,425 | 22676 | [R_request.py-->line:46] | INFO : Sending post:http://test.lemonban.com/futureloan/mvc/api/member/register {'mobilephone': '13912541274', 'pwd': '12345678901234567890', 'regname': 'november'}
2019-06-24 16:52:52,458 | 22676 | [test_all.py-->line:109] | INFO : 【Success】：E{'status': 0, 'code': '20108', 'data': None, 'msg': '密码长度必须为6~18'} == A{'status': 0, 'code': '20108', 'data': None, 'msg': '密码长度必须为6~18'}
2019-06-24 16:52:52,585 | 22676 | [test_all.py-->line:112] | INFO : TestCase 注册失败，密码长度大于18位 end------
2019-06-24 16:52:52,585 | 22676 | [test_all.py-->line:83] | INFO : TestCase 注册失败，手机格式不正确 starting------
2019-06-24 16:52:52,585 | 22676 | [R_request.py-->line:46] | INFO : Sending post:http://test.lemonban.com/futureloan/mvc/api/member/register {'mobilephone': '175', 'pwd': '123456', 'regname': 'december'}
2019-06-24 16:52:52,618 | 22676 | [test_all.py-->line:109] | INFO : 【Success】：E{'status': 0, 'code': '20109', 'data': None, 'msg': '手机号码格式不正确'} == A{'status': 0, 'code': '20109', 'data': None, 'msg': '手机号码格式不正确'}
2019-06-24 16:52:52,761 | 22676 | [test_all.py-->line:112] | INFO : TestCase 注册失败，手机格式不正确 end------
2019-06-24 16:52:52,762 | 22676 | [test_all.py-->line:83] | INFO : TestCase 注册失败，手机号码已被注册 starting------
2019-06-24 16:52:52,762 | 22676 | [R_request.py-->line:46] | INFO : Sending post:http://test.lemonban.com/futureloan/mvc/api/member/register {'mobilephone': '#phone#', 'pwd': '#pwd#', 'regname': 'january'}
2019-06-24 16:52:52,796 | 22676 | [test_all.py-->line:104] | ERROR: 【Failed】：E{'status': 0, 'code': '20110', 'data': None, 'msg': '手机号码已被注册'} != A{'status': 0, 'code': '20108', 'data': None, 'msg': '密码长度必须为6~18'}
2019-06-24 16:52:52,955 | 22676 | [test_all.py-->line:112] | INFO : TestCase 注册失败，手机号码已被注册 end------
2019-06-24 16:53:16,512 | 22992 | [test_all.py-->line:83] | INFO : TestCase 注册成功，昵称为空 starting------
2019-06-24 16:53:16,629 | 22992 | [R_request.py-->line:46] | INFO : Sending post:http://test.lemonban.com/futureloan/mvc/api/member/register {'mobilephone': '13911218942', 'pwd': '123456'}
2019-06-24 16:53:16,777 | 22992 | [test_all.py-->line:109] | INFO : 【Success】：E{'status': 1, 'code': '10001', 'data': None, 'msg': '成功'} == A{'status': 1, 'code': '10001', 'data': None, 'msg': '注册成功'}
2019-06-24 16:53:16,874 | 22992 | [test_all.py-->line:112] | INFO : TestCase 注册成功，昵称为空 end------
2019-06-24 16:53:16,874 | 22992 | [test_all.py-->line:83] | INFO : TestCase 注册成功，昵称不为空 starting------
2019-06-24 16:53:16,977 | 22992 | [R_request.py-->line:46] | INFO : Sending post:http://test.lemonban.com/futureloan/mvc/api/member/register {'mobilephone': '13952606947', 'pwd': '123456', 'regname': 'july'}
2019-06-24 16:53:17,146 | 22992 | [test_all.py-->line:109] | INFO : 【Success】：E{'status': 1, 'code': '10001', 'data': None, 'msg': '成功'} == A{'status': 1, 'code': '10001', 'data': None, 'msg': '注册成功'}
2019-06-24 16:53:17,227 | 22992 | [test_all.py-->line:112] | INFO : TestCase 注册成功，昵称不为空 end------
2019-06-24 16:53:17,227 | 22992 | [test_all.py-->line:83] | INFO : TestCase 注册失败，手机号码为空 starting------
2019-06-24 16:53:17,227 | 22992 | [R_request.py-->line:46] | INFO : Sending post:http://test.lemonban.com/futureloan/mvc/api/member/register {'pwd': '123456', 'regname': 'august'}
2019-06-24 16:53:17,263 | 22992 | [test_all.py-->line:109] | INFO : 【Success】：E{'status': 0, 'code': '20103', 'data': None, 'msg': '参数错误：参数不能为空'} == A{'status': 0, 'code': '20103', 'data': None, 'msg': '手机号不能为空'}
2019-06-24 16:53:17,361 | 22992 | [test_all.py-->line:112] | INFO : TestCase 注册失败，手机号码为空 end------
2019-06-24 16:53:17,361 | 22992 | [test_all.py-->line:83] | INFO : TestCase 注册失败，密码为空 starting------
2019-06-24 16:53:17,361 | 22992 | [R_request.py-->line:46] | INFO : Sending post:http://test.lemonban.com/futureloan/mvc/api/member/register {'mobilephone': '13912541272', 'regname': 'september'}
2019-06-24 16:53:17,397 | 22992 | [test_all.py-->line:109] | INFO : 【Success】：E{'status': 0, 'code': '20103', 'data': None, 'msg': '参数错误：参数不能为空'} == A{'status': 0, 'code': '20103', 'data': None, 'msg': '密码不能为空'}
2019-06-24 16:53:17,500 | 22992 | [test_all.py-->line:112] | INFO : TestCase 注册失败，密码为空 end------
2019-06-24 16:53:17,500 | 22992 | [test_all.py-->line:83] | INFO : TestCase 注册失败，密码长度小于6位 starting------
2019-06-24 16:53:17,500 | 22992 | [R_request.py-->line:46] | INFO : Sending post:http://test.lemonban.com/futureloan/mvc/api/member/register {'mobilephone': '13912541273', 'pwd': '123', 'regname': 'october'}
2019-06-24 16:53:17,537 | 22992 | [test_all.py-->line:109] | INFO : 【Success】：E{'status': 0, 'code': '20108', 'data': None, 'msg': '密码长度必须为6~18'} == A{'status': 0, 'code': '20108', 'data': None, 'msg': '密码长度必须为6~18'}
2019-06-24 16:53:17,653 | 22992 | [test_all.py-->line:112] | INFO : TestCase 注册失败，密码长度小于6位 end------
2019-06-24 16:53:17,654 | 22992 | [test_all.py-->line:83] | INFO : TestCase 注册失败，密码长度大于18位 starting------
2019-06-24 16:53:17,654 | 22992 | [R_request.py-->line:46] | INFO : Sending post:http://test.lemonban.com/futureloan/mvc/api/member/register {'mobilephone': '13912541274', 'pwd': '12345678901234567890', 'regname': 'november'}
2019-06-24 16:53:17,688 | 22992 | [test_all.py-->line:109] | INFO : 【Success】：E{'status': 0, 'code': '20108', 'data': None, 'msg': '密码长度必须为6~18'} == A{'status': 0, 'code': '20108', 'data': None, 'msg': '密码长度必须为6~18'}
2019-06-24 16:53:17,816 | 22992 | [test_all.py-->line:112] | INFO : TestCase 注册失败，密码长度大于18位 end------
2019-06-24 16:53:17,816 | 22992 | [test_all.py-->line:83] | INFO : TestCase 注册失败，手机格式不正确 starting------
2019-06-24 16:53:17,817 | 22992 | [R_request.py-->line:46] | INFO : Sending post:http://test.lemonban.com/futureloan/mvc/api/member/register {'mobilephone': '175', 'pwd': '123456', 'regname': 'december'}
2019-06-24 16:53:17,851 | 22992 | [test_all.py-->line:109] | INFO : 【Success】：E{'status': 0, 'code': '20109', 'data': None, 'msg': '手机号码格式不正确'} == A{'status': 0, 'code': '20109', 'data': None, 'msg': '手机号码格式不正确'}
2019-06-24 16:53:17,993 | 22992 | [test_all.py-->line:112] | INFO : TestCase 注册失败，手机格式不正确 end------
2019-06-24 16:53:17,993 | 22992 | [test_all.py-->line:83] | INFO : TestCase 注册失败，手机号码已被注册 starting------
2019-06-24 16:53:17,993 | 22992 | [R_request.py-->line:46] | INFO : Sending post:http://test.lemonban.com/futureloan/mvc/api/member/register {'mobilephone': '#phone#', 'pwd': '#pwd#', 'regname': 'january'}
2019-06-24 16:53:18,027 | 22992 | [test_all.py-->line:104] | ERROR: 【Failed】：E{'status': 0, 'code': '20110', 'data': None, 'msg': '手机号码已被注册'} != A{'status': 0, 'code': '20108', 'data': None, 'msg': '密码长度必须为6~18'}
2019-06-24 16:53:18,187 | 22992 | [test_all.py-->line:112] | INFO : TestCase 注册失败，手机号码已被注册 end------
2019-06-24 16:53:49,447 | 21844 | [test_all.py-->line:83] | INFO : TestCase 注册成功，昵称为空 starting------
2019-06-24 16:53:49,575 | 21844 | [R_request.py-->line:46] | INFO : Sending post:http://test.lemonban.com/futureloan/mvc/api/member/register {'mobilephone': '13927837101', 'pwd': '123456'}
2019-06-24 16:53:49,769 | 21844 | [test_all.py-->line:109] | INFO : 【Success】：E{'status': 1, 'code': '10001', 'data': None, 'msg': '成功'} == A{'status': 1, 'code': '10001', 'data': None, 'msg': '注册成功'}
2019-06-24 16:53:49,842 | 21844 | [test_all.py-->line:112] | INFO : TestCase 注册成功，昵称为空 end------
2019-06-24 16:53:49,842 | 21844 | [test_all.py-->line:83] | INFO : TestCase 注册成功，昵称不为空 starting------
2019-06-24 16:53:49,937 | 21844 | [R_request.py-->line:46] | INFO : Sending post:http://test.lemonban.com/futureloan/mvc/api/member/register {'mobilephone': '13994332354', 'pwd': '123456', 'regname': 'july'}
2019-06-24 16:53:50,123 | 21844 | [test_all.py-->line:109] | INFO : 【Success】：E{'status': 1, 'code': '10001', 'data': None, 'msg': '成功'} == A{'status': 1, 'code': '10001', 'data': None, 'msg': '注册成功'}
2019-06-24 16:53:50,203 | 21844 | [test_all.py-->line:112] | INFO : TestCase 注册成功，昵称不为空 end------
2019-06-24 16:53:50,204 | 21844 | [test_all.py-->line:83] | INFO : TestCase 注册失败，手机号码为空 starting------
2019-06-24 16:53:50,204 | 21844 | [R_request.py-->line:46] | INFO : Sending post:http://test.lemonban.com/futureloan/mvc/api/member/register {'pwd': '123456', 'regname': 'august'}
2019-06-24 16:53:50,238 | 21844 | [test_all.py-->line:109] | INFO : 【Success】：E{'status': 0, 'code': '20103', 'data': None, 'msg': '参数错误：参数不能为空'} == A{'status': 0, 'code': '20103', 'data': None, 'msg': '手机号不能为空'}
2019-06-24 16:53:50,332 | 21844 | [test_all.py-->line:112] | INFO : TestCase 注册失败，手机号码为空 end------
2019-06-24 16:53:50,332 | 21844 | [test_all.py-->line:83] | INFO : TestCase 注册失败，密码为空 starting------
2019-06-24 16:53:50,332 | 21844 | [R_request.py-->line:46] | INFO : Sending post:http://test.lemonban.com/futureloan/mvc/api/member/register {'mobilephone': '13912541272', 'regname': 'september'}
2019-06-24 16:53:50,367 | 21844 | [test_all.py-->line:109] | INFO : 【Success】：E{'status': 0, 'code': '20103', 'data': None, 'msg': '参数错误：参数不能为空'} == A{'status': 0, 'code': '20103', 'data': None, 'msg': '密码不能为空'}
2019-06-24 16:53:50,471 | 21844 | [test_all.py-->line:112] | INFO : TestCase 注册失败，密码为空 end------
2019-06-24 16:53:50,472 | 21844 | [test_all.py-->line:83] | INFO : TestCase 注册失败，密码长度小于6位 starting------
2019-06-24 16:53:50,472 | 21844 | [R_request.py-->line:46] | INFO : Sending post:http://test.lemonban.com/futureloan/mvc/api/member/register {'mobilephone': '13912541273', 'pwd': '123', 'regname': 'october'}
2019-06-24 16:53:50,510 | 21844 | [test_all.py-->line:109] | INFO : 【Success】：E{'status': 0, 'code': '20108', 'data': None, 'msg': '密码长度必须为6~18'} == A{'status': 0, 'code': '20108', 'data': None, 'msg': '密码长度必须为6~18'}
2019-06-24 16:53:50,640 | 21844 | [test_all.py-->line:112] | INFO : TestCase 注册失败，密码长度小于6位 end------
2019-06-24 16:53:50,640 | 21844 | [test_all.py-->line:83] | INFO : TestCase 注册失败，密码长度大于18位 starting------
2019-06-24 16:53:50,640 | 21844 | [R_request.py-->line:46] | INFO : Sending post:http://test.lemonban.com/futureloan/mvc/api/member/register {'mobilephone': '13912541274', 'pwd': '12345678901234567890', 'regname': 'november'}
2019-06-24 16:53:50,675 | 21844 | [test_all.py-->line:109] | INFO : 【Success】：E{'status': 0, 'code': '20108', 'data': None, 'msg': '密码长度必须为6~18'} == A{'status': 0, 'code': '20108', 'data': None, 'msg': '密码长度必须为6~18'}
2019-06-24 16:53:50,803 | 21844 | [test_all.py-->line:112] | INFO : TestCase 注册失败，密码长度大于18位 end------
2019-06-24 16:53:50,804 | 21844 | [test_all.py-->line:83] | INFO : TestCase 注册失败，手机格式不正确 starting------
2019-06-24 16:53:50,804 | 21844 | [R_request.py-->line:46] | INFO : Sending post:http://test.lemonban.com/futureloan/mvc/api/member/register {'mobilephone': '175', 'pwd': '123456', 'regname': 'december'}
2019-06-24 16:53:50,838 | 21844 | [test_all.py-->line:109] | INFO : 【Success】：E{'status': 0, 'code': '20109', 'data': None, 'msg': '手机号码格式不正确'} == A{'status': 0, 'code': '20109', 'data': None, 'msg': '手机号码格式不正确'}
2019-06-24 16:53:50,977 | 21844 | [test_all.py-->line:112] | INFO : TestCase 注册失败，手机格式不正确 end------
2019-06-24 16:53:50,978 | 21844 | [test_all.py-->line:83] | INFO : TestCase 注册失败，手机号码已被注册 starting------
2019-06-24 16:53:50,978 | 21844 | [R_request.py-->line:46] | INFO : Sending post:http://test.lemonban.com/futureloan/mvc/api/member/register {'mobilephone': '#phone#', 'pwd': '#pwd#', 'regname': 'january'}
2019-06-24 16:53:51,012 | 21844 | [test_all.py-->line:104] | ERROR: 【Failed】：E{'status': 0, 'code': '20110', 'data': None, 'msg': '手机号码已被注册'} != A{'status': 0, 'code': '20108', 'data': None, 'msg': '密码长度必须为6~18'}
2019-06-24 16:53:51,171 | 21844 | [test_all.py-->line:112] | INFO : TestCase 注册失败，手机号码已被注册 end------
2019-06-24 16:55:29,352 | 4084 | [test_all.py-->line:83] | INFO : TestCase 注册成功，昵称为空 starting------
2019-06-24 16:55:39,262 | 4084 | [R_request.py-->line:46] | INFO : Sending post:http://test.lemonban.com/futureloan/mvc/api/member/register {'mobilephone': '13925425660', 'pwd': '123456'}
2019-06-24 16:55:39,443 | 4084 | [test_all.py-->line:109] | INFO : 【Success】：E{'status': 1, 'code': '10001', 'data': None, 'msg': '成功'} == A{'status': 1, 'code': '10001', 'data': None, 'msg': '注册成功'}
2019-06-24 16:55:39,580 | 4084 | [test_all.py-->line:112] | INFO : TestCase 注册成功，昵称为空 end------
2019-06-24 16:55:39,582 | 4084 | [test_all.py-->line:83] | INFO : TestCase 注册成功，昵称不为空 starting------
2019-06-24 16:55:47,285 | 4084 | [R_request.py-->line:46] | INFO : Sending post:http://test.lemonban.com/futureloan/mvc/api/member/register {'mobilephone': '13937118255', 'pwd': '123456', 'regname': 'july'}
2019-06-24 16:55:47,398 | 4084 | [test_all.py-->line:109] | INFO : 【Success】：E{'status': 1, 'code': '10001', 'data': None, 'msg': '成功'} == A{'status': 1, 'code': '10001', 'data': None, 'msg': '注册成功'}
2019-06-24 16:55:47,553 | 4084 | [test_all.py-->line:112] | INFO : TestCase 注册成功，昵称不为空 end------
2019-06-24 16:55:47,554 | 4084 | [test_all.py-->line:83] | INFO : TestCase 注册失败，手机号码为空 starting------
2019-06-24 16:55:47,554 | 4084 | [R_request.py-->line:46] | INFO : Sending post:http://test.lemonban.com/futureloan/mvc/api/member/register {'pwd': '123456', 'regname': 'august'}
2019-06-24 16:55:47,588 | 4084 | [test_all.py-->line:109] | INFO : 【Success】：E{'status': 0, 'code': '20103', 'data': None, 'msg': '参数错误：参数不能为空'} == A{'status': 0, 'code': '20103', 'data': None, 'msg': '手机号不能为空'}
2019-06-24 16:55:47,769 | 4084 | [test_all.py-->line:112] | INFO : TestCase 注册失败，手机号码为空 end------
2019-06-24 16:55:47,770 | 4084 | [test_all.py-->line:83] | INFO : TestCase 注册失败，密码为空 starting------
2019-06-24 16:55:47,771 | 4084 | [R_request.py-->line:46] | INFO : Sending post:http://test.lemonban.com/futureloan/mvc/api/member/register {'mobilephone': '13912541272', 'regname': 'september'}
2019-06-24 16:55:47,804 | 4084 | [test_all.py-->line:109] | INFO : 【Success】：E{'status': 0, 'code': '20103', 'data': None, 'msg': '参数错误：参数不能为空'} == A{'status': 0, 'code': '20103', 'data': None, 'msg': '密码不能为空'}
2019-06-24 16:55:48,016 | 4084 | [test_all.py-->line:112] | INFO : TestCase 注册失败，密码为空 end------
2019-06-24 16:55:48,017 | 4084 | [test_all.py-->line:83] | INFO : TestCase 注册失败，密码长度小于6位 starting------
2019-06-24 16:55:48,017 | 4084 | [R_request.py-->line:46] | INFO : Sending post:http://test.lemonban.com/futureloan/mvc/api/member/register {'mobilephone': '13912541273', 'pwd': '123', 'regname': 'october'}
2019-06-24 16:55:48,050 | 4084 | [test_all.py-->line:109] | INFO : 【Success】：E{'status': 0, 'code': '20108', 'data': None, 'msg': '密码长度必须为6~18'} == A{'status': 0, 'code': '20108', 'data': None, 'msg': '密码长度必须为6~18'}
2019-06-24 16:55:48,299 | 4084 | [test_all.py-->line:112] | INFO : TestCase 注册失败，密码长度小于6位 end------
2019-06-24 16:55:48,299 | 4084 | [test_all.py-->line:83] | INFO : TestCase 注册失败，密码长度大于18位 starting------
2019-06-24 16:55:48,300 | 4084 | [R_request.py-->line:46] | INFO : Sending post:http://test.lemonban.com/futureloan/mvc/api/member/register {'mobilephone': '13912541274', 'pwd': '12345678901234567890', 'regname': 'november'}
2019-06-24 16:55:48,333 | 4084 | [test_all.py-->line:109] | INFO : 【Success】：E{'status': 0, 'code': '20108', 'data': None, 'msg': '密码长度必须为6~18'} == A{'status': 0, 'code': '20108', 'data': None, 'msg': '密码长度必须为6~18'}
2019-06-24 16:55:48,626 | 4084 | [test_all.py-->line:112] | INFO : TestCase 注册失败，密码长度大于18位 end------
2019-06-24 16:55:48,627 | 4084 | [test_all.py-->line:83] | INFO : TestCase 注册失败，手机格式不正确 starting------
2019-06-24 16:55:48,627 | 4084 | [R_request.py-->line:46] | INFO : Sending post:http://test.lemonban.com/futureloan/mvc/api/member/register {'mobilephone': '175', 'pwd': '123456', 'regname': 'december'}
2019-06-24 16:55:48,659 | 4084 | [test_all.py-->line:109] | INFO : 【Success】：E{'status': 0, 'code': '20109', 'data': None, 'msg': '手机号码格式不正确'} == A{'status': 0, 'code': '20109', 'data': None, 'msg': '手机号码格式不正确'}
2019-06-24 16:55:49,004 | 4084 | [test_all.py-->line:112] | INFO : TestCase 注册失败，手机格式不正确 end------
2019-06-24 16:55:49,005 | 4084 | [test_all.py-->line:83] | INFO : TestCase 注册失败，手机号码已被注册 starting------
2019-06-24 16:55:49,006 | 4084 | [R_request.py-->line:46] | INFO : Sending post:http://test.lemonban.com/futureloan/mvc/api/member/register {'mobilephone': '#phone#', 'pwd': '#pwd#', 'regname': 'january'}
2019-06-24 16:55:49,039 | 4084 | [test_all.py-->line:104] | ERROR: 【Failed】：E{'status': 0, 'code': '20110', 'data': None, 'msg': '手机号码已被注册'} != A{'status': 0, 'code': '20108', 'data': None, 'msg': '密码长度必须为6~18'}
2019-06-24 16:55:49,450 | 4084 | [test_all.py-->line:112] | INFO : TestCase 注册失败，手机号码已被注册 end------
2019-06-24 16:56:04,030 | 20552 | [test_all.py-->line:83] | INFO : TestCase 注册成功，昵称为空 starting------
2019-06-24 16:56:04,148 | 20552 | [R_request.py-->line:46] | INFO : Sending post:http://test.lemonban.com/futureloan/mvc/api/member/register {'mobilephone': '13908453190', 'pwd': '123456'}
2019-06-24 16:56:04,311 | 20552 | [test_all.py-->line:109] | INFO : 【Success】：E{'status': 1, 'code': '10001', 'data': None, 'msg': '成功'} == A{'status': 1, 'code': '10001', 'data': None, 'msg': '注册成功'}
2019-06-24 16:56:04,425 | 20552 | [test_all.py-->line:112] | INFO : TestCase 注册成功，昵称为空 end------
2019-06-24 16:56:04,425 | 20552 | [test_all.py-->line:83] | INFO : TestCase 注册成功，昵称不为空 starting------
2019-06-24 16:56:04,536 | 20552 | [R_request.py-->line:46] | INFO : Sending post:http://test.lemonban.com/futureloan/mvc/api/member/register {'mobilephone': '13918149209', 'pwd': '123456', 'regname': 'july'}
2019-06-24 16:56:04,649 | 20552 | [test_all.py-->line:109] | INFO : 【Success】：E{'status': 1, 'code': '10001', 'data': None, 'msg': '成功'} == A{'status': 1, 'code': '10001', 'data': None, 'msg': '注册成功'}
2019-06-24 16:56:04,733 | 20552 | [test_all.py-->line:112] | INFO : TestCase 注册成功，昵称不为空 end------
2019-06-24 16:56:04,734 | 20552 | [test_all.py-->line:83] | INFO : TestCase 注册失败，手机号码为空 starting------
2019-06-24 16:56:04,734 | 20552 | [R_request.py-->line:46] | INFO : Sending post:http://test.lemonban.com/futureloan/mvc/api/member/register {'pwd': '123456', 'regname': 'august'}
2019-06-24 16:56:04,769 | 20552 | [test_all.py-->line:109] | INFO : 【Success】：E{'status': 0, 'code': '20103', 'data': None, 'msg': '参数错误：参数不能为空'} == A{'status': 0, 'code': '20103', 'data': None, 'msg': '手机号不能为空'}
2019-06-24 16:56:04,872 | 20552 | [test_all.py-->line:112] | INFO : TestCase 注册失败，手机号码为空 end------
2019-06-24 16:56:04,872 | 20552 | [test_all.py-->line:83] | INFO : TestCase 注册失败，密码为空 starting------
2019-06-24 16:56:04,872 | 20552 | [R_request.py-->line:46] | INFO : Sending post:http://test.lemonban.com/futureloan/mvc/api/member/register {'mobilephone': '13912541272', 'regname': 'september'}
2019-06-24 16:56:04,906 | 20552 | [test_all.py-->line:109] | INFO : 【Success】：E{'status': 0, 'code': '20103', 'data': None, 'msg': '参数错误：参数不能为空'} == A{'status': 0, 'code': '20103', 'data': None, 'msg': '密码不能为空'}
2019-06-24 16:56:05,016 | 20552 | [test_all.py-->line:112] | INFO : TestCase 注册失败，密码为空 end------
2019-06-24 16:56:05,016 | 20552 | [test_all.py-->line:83] | INFO : TestCase 注册失败，密码长度小于6位 starting------
2019-06-24 16:56:05,016 | 20552 | [R_request.py-->line:46] | INFO : Sending post:http://test.lemonban.com/futureloan/mvc/api/member/register {'mobilephone': '13912541273', 'pwd': '123', 'regname': 'october'}
2019-06-24 16:56:05,050 | 20552 | [test_all.py-->line:109] | INFO : 【Success】：E{'status': 0, 'code': '20108', 'data': None, 'msg': '密码长度必须为6~18'} == A{'status': 0, 'code': '20108', 'data': None, 'msg': '密码长度必须为6~18'}
2019-06-24 16:56:05,170 | 20552 | [test_all.py-->line:112] | INFO : TestCase 注册失败，密码长度小于6位 end------
2019-06-24 16:56:05,170 | 20552 | [test_all.py-->line:83] | INFO : TestCase 注册失败，密码长度大于18位 starting------
2019-06-24 16:56:05,170 | 20552 | [R_request.py-->line:46] | INFO : Sending post:http://test.lemonban.com/futureloan/mvc/api/member/register {'mobilephone': '13912541274', 'pwd': '12345678901234567890', 'regname': 'november'}
2019-06-24 16:56:05,203 | 20552 | [test_all.py-->line:109] | INFO : 【Success】：E{'status': 0, 'code': '20108', 'data': None, 'msg': '密码长度必须为6~18'} == A{'status': 0, 'code': '20108', 'data': None, 'msg': '密码长度必须为6~18'}
2019-06-24 16:56:05,331 | 20552 | [test_all.py-->line:112] | INFO : TestCase 注册失败，密码长度大于18位 end------
2019-06-24 16:56:05,332 | 20552 | [test_all.py-->line:83] | INFO : TestCase 注册失败，手机格式不正确 starting------
2019-06-24 16:56:05,332 | 20552 | [R_request.py-->line:46] | INFO : Sending post:http://test.lemonban.com/futureloan/mvc/api/member/register {'mobilephone': '175', 'pwd': '123456', 'regname': 'december'}
2019-06-24 16:56:10,115 | 20552 | [test_all.py-->line:109] | INFO : 【Success】：E{'status': 0, 'code': '20109', 'data': None, 'msg': '手机号码格式不正确'} == A{'status': 0, 'code': '20109', 'data': None, 'msg': '手机号码格式不正确'}
2019-06-24 16:56:10,256 | 20552 | [test_all.py-->line:112] | INFO : TestCase 注册失败，手机格式不正确 end------
2019-06-24 16:56:10,257 | 20552 | [test_all.py-->line:83] | INFO : TestCase 注册失败，手机号码已被注册 starting------
2019-06-24 16:56:10,358 | 20552 | [R_request.py-->line:46] | INFO : Sending post:http://test.lemonban.com/futureloan/mvc/api/member/register {'mobilephone': '13912348521', 'pwd': '12345678', 'regname': 'january'}
2019-06-24 16:56:10,510 | 20552 | [test_all.py-->line:104] | ERROR: 【Failed】：E{'status': 0, 'code': '20110', 'data': None, 'msg': '手机号码已被注册'} != A{'status': 1, 'code': '10001', 'data': None, 'msg': '注册成功'}
2019-06-24 16:56:10,670 | 20552 | [test_all.py-->line:112] | INFO : TestCase 注册失败，手机号码已被注册 end------
2019-06-24 16:56:36,254 | 9500 | [test_all.py-->line:83] | INFO : TestCase 注册成功，昵称为空 starting------
2019-06-24 16:56:36,343 | 9500 | [R_request.py-->line:46] | INFO : Sending post:http://test.lemonban.com/futureloan/mvc/api/member/register {'mobilephone': '13990068074', 'pwd': '123456'}
2019-06-24 16:56:36,493 | 9500 | [test_all.py-->line:109] | INFO : 【Success】：E{'status': 1, 'code': '10001', 'data': None, 'msg': '成功'} == A{'status': 1, 'code': '10001', 'data': None, 'msg': '注册成功'}
2019-06-24 16:56:36,590 | 9500 | [test_all.py-->line:112] | INFO : TestCase 注册成功，昵称为空 end------
2019-06-24 16:56:36,590 | 9500 | [test_all.py-->line:83] | INFO : TestCase 注册成功，昵称不为空 starting------
2019-06-24 16:56:36,701 | 9500 | [R_request.py-->line:46] | INFO : Sending post:http://test.lemonban.com/futureloan/mvc/api/member/register {'mobilephone': '13900352581', 'pwd': '123456', 'regname': 'july'}
2019-06-24 16:56:36,803 | 9500 | [test_all.py-->line:109] | INFO : 【Success】：E{'status': 1, 'code': '10001', 'data': None, 'msg': '成功'} == A{'status': 1, 'code': '10001', 'data': None, 'msg': '注册成功'}
2019-06-24 16:56:36,887 | 9500 | [test_all.py-->line:112] | INFO : TestCase 注册成功，昵称不为空 end------
2019-06-24 16:56:36,887 | 9500 | [test_all.py-->line:83] | INFO : TestCase 注册失败，手机号码为空 starting------
2019-06-24 16:56:36,887 | 9500 | [R_request.py-->line:46] | INFO : Sending post:http://test.lemonban.com/futureloan/mvc/api/member/register {'pwd': '123456', 'regname': 'august'}
2019-06-24 16:56:36,919 | 9500 | [test_all.py-->line:109] | INFO : 【Success】：E{'status': 0, 'code': '20103', 'data': None, 'msg': '参数错误：参数不能为空'} == A{'status': 0, 'code': '20103', 'data': None, 'msg': '手机号不能为空'}
2019-06-24 16:56:37,012 | 9500 | [test_all.py-->line:112] | INFO : TestCase 注册失败，手机号码为空 end------
2019-06-24 16:56:37,013 | 9500 | [test_all.py-->line:83] | INFO : TestCase 注册失败，密码为空 starting------
2019-06-24 16:56:37,013 | 9500 | [R_request.py-->line:46] | INFO : Sending post:http://test.lemonban.com/futureloan/mvc/api/member/register {'mobilephone': '13912541272', 'regname': 'september'}
2019-06-24 16:56:37,045 | 9500 | [test_all.py-->line:109] | INFO : 【Success】：E{'status': 0, 'code': '20103', 'data': None, 'msg': '参数错误：参数不能为空'} == A{'status': 0, 'code': '20103', 'data': None, 'msg': '密码不能为空'}
2019-06-24 16:56:37,149 | 9500 | [test_all.py-->line:112] | INFO : TestCase 注册失败，密码为空 end------
2019-06-24 16:56:37,149 | 9500 | [test_all.py-->line:83] | INFO : TestCase 注册失败，密码长度小于6位 starting------
2019-06-24 16:56:37,149 | 9500 | [R_request.py-->line:46] | INFO : Sending post:http://test.lemonban.com/futureloan/mvc/api/member/register {'mobilephone': '13912541273', 'pwd': '123', 'regname': 'october'}
2019-06-24 16:56:37,181 | 9500 | [test_all.py-->line:109] | INFO : 【Success】：E{'status': 0, 'code': '20108', 'data': None, 'msg': '密码长度必须为6~18'} == A{'status': 0, 'code': '20108', 'data': None, 'msg': '密码长度必须为6~18'}
2019-06-24 16:56:37,295 | 9500 | [test_all.py-->line:112] | INFO : TestCase 注册失败，密码长度小于6位 end------
2019-06-24 16:56:37,295 | 9500 | [test_all.py-->line:83] | INFO : TestCase 注册失败，密码长度大于18位 starting------
2019-06-24 16:56:37,295 | 9500 | [R_request.py-->line:46] | INFO : Sending post:http://test.lemonban.com/futureloan/mvc/api/member/register {'mobilephone': '13912541274', 'pwd': '12345678901234567890', 'regname': 'november'}
2019-06-24 16:56:37,327 | 9500 | [test_all.py-->line:109] | INFO : 【Success】：E{'status': 0, 'code': '20108', 'data': None, 'msg': '密码长度必须为6~18'} == A{'status': 0, 'code': '20108', 'data': None, 'msg': '密码长度必须为6~18'}
2019-06-24 16:56:37,453 | 9500 | [test_all.py-->line:112] | INFO : TestCase 注册失败，密码长度大于18位 end------
2019-06-24 16:56:37,454 | 9500 | [test_all.py-->line:83] | INFO : TestCase 注册失败，手机格式不正确 starting------
2019-06-24 16:56:37,454 | 9500 | [R_request.py-->line:46] | INFO : Sending post:http://test.lemonban.com/futureloan/mvc/api/member/register {'mobilephone': '175', 'pwd': '123456', 'regname': 'december'}
2019-06-24 16:56:37,485 | 9500 | [test_all.py-->line:109] | INFO : 【Success】：E{'status': 0, 'code': '20109', 'data': None, 'msg': '手机号码格式不正确'} == A{'status': 0, 'code': '20109', 'data': None, 'msg': '手机号码格式不正确'}
2019-06-24 16:56:37,626 | 9500 | [test_all.py-->line:112] | INFO : TestCase 注册失败，手机格式不正确 end------
2019-06-24 16:56:37,627 | 9500 | [test_all.py-->line:83] | INFO : TestCase 注册失败，手机号码已被注册 starting------
2019-06-24 16:56:37,779 | 9500 | [R_request.py-->line:46] | INFO : Sending post:http://test.lemonban.com/futureloan/mvc/api/member/register {'mobilephone': '13912341111', 'pwd': '123456', 'regname': 'january'}
2019-06-24 16:56:37,880 | 9500 | [test_all.py-->line:109] | INFO : 【Success】：E{'status': 0, 'code': '20110', 'data': None, 'msg': '手机号码已被注册'} == A{'status': 0, 'code': '20110', 'data': None, 'msg': '手机号码已被注册'}
2019-06-24 16:56:38,040 | 9500 | [test_all.py-->line:112] | INFO : TestCase 注册失败，手机号码已被注册 end------
