2019-06-25 23:23:31,771 | 5736 | [case_login.py-->line:46] | INFO : TestCase 登陆成功 starting------
2019-06-25 23:23:31,771 | 5736 | [R_request.py-->line:46] | INFO : Sending post:/member/login {'mobilephone': '13912345611', 'pwd': '123456'}
2019-06-25 23:23:31,784 | 5736 | [case_login.py-->line:46] | INFO : TestCase 登陆失败，手机号码为空 starting------
2019-06-25 23:23:31,785 | 5736 | [R_request.py-->line:46] | INFO : Sending post:/member/login {'pwd': '123456'}
2019-06-25 23:23:31,786 | 5736 | [case_login.py-->line:46] | INFO : TestCase 登陆失败，密码为空 starting------
2019-06-25 23:23:31,787 | 5736 | [R_request.py-->line:46] | INFO : Sending post:/member/login {'mobilephone': '13912345611'}
2019-06-25 23:23:31,788 | 5736 | [case_login.py-->line:46] | INFO : TestCase 登陆失败，用户名或者密码错误 starting------
2019-06-25 23:23:31,788 | 5736 | [R_request.py-->line:46] | INFO : Sending post:/member/login {'mobilephone': '13912345611', 'pwd': '123457'}
2019-06-25 23:24:45,772 | 8548 | [test_all.py-->line:44] | INFO : TestCase 登陆成功 starting------
2019-06-25 23:24:45,773 | 8548 | [R_request.py-->line:46] | INFO : Sending post:http://test.lemonban.com/futureloan/mvc/api/member/login {'mobilephone': '13912345611', 'pwd': '123456'}
2019-06-25 23:24:45,954 | 8548 | [test_all.py-->line:62] | INFO : 【Success】：E{'status': 1, 'code': '10001', 'data': None, 'msg': '成功'} == A{'status': 1, 'code': '10001', 'data': None, 'msg': '登录成功'}
2019-06-25 23:24:46,516 | 8548 | [test_all.py-->line:65] | INFO : TestCase 登陆成功 end------
2019-06-25 23:24:46,517 | 8548 | [test_all.py-->line:44] | INFO : TestCase 登陆失败，手机号码为空 starting------
2019-06-25 23:24:46,517 | 8548 | [R_request.py-->line:46] | INFO : Sending post:http://test.lemonban.com/futureloan/mvc/api/member/login {'pwd': '123456'}
2019-06-25 23:24:46,552 | 8548 | [test_all.py-->line:62] | INFO : 【Success】：E{'status': 0, 'code': '20103', 'data': None, 'msg': '参数错误：参数不能为空'} == A{'status': 0, 'code': '20103', 'data': None, 'msg': '手机号不能为空'}
2019-06-25 23:24:47,038 | 8548 | [test_all.py-->line:65] | INFO : TestCase 登陆失败，手机号码为空 end------
2019-06-25 23:24:47,039 | 8548 | [test_all.py-->line:44] | INFO : TestCase 登陆失败，密码为空 starting------
2019-06-25 23:24:47,039 | 8548 | [R_request.py-->line:46] | INFO : Sending post:http://test.lemonban.com/futureloan/mvc/api/member/login {'mobilephone': '13912345611'}
2019-06-25 23:24:47,093 | 8548 | [test_all.py-->line:62] | INFO : 【Success】：E{'status': 0, 'code': '20103', 'data': None, 'msg': '参数错误：参数不能为空'} == A{'status': 0, 'code': '20103', 'data': None, 'msg': '密码不能为空'}
2019-06-25 23:24:47,683 | 8548 | [test_all.py-->line:65] | INFO : TestCase 登陆失败，密码为空 end------
2019-06-25 23:24:47,684 | 8548 | [test_all.py-->line:44] | INFO : TestCase 登陆失败，用户名或者密码错误 starting------
2019-06-25 23:24:47,684 | 8548 | [R_request.py-->line:46] | INFO : Sending post:http://test.lemonban.com/futureloan/mvc/api/member/login {'mobilephone': '13912345611', 'pwd': '123457'}
2019-06-25 23:24:47,803 | 8548 | [test_all.py-->line:62] | INFO : 【Success】：E{'status': 0, 'code': '20111', 'data': None, 'msg': '用户名或者密码错误'} == A{'status': 0, 'code': '20111', 'data': None, 'msg': '用户名或密码错误'}
2019-06-25 23:24:48,287 | 8548 | [test_all.py-->line:65] | INFO : TestCase 登陆失败，用户名或者密码错误 end------
2019-06-25 23:24:48,288 | 8548 | [R_request.py-->line:46] | INFO : Sending post:http://test.lemonban.com/futureloan/mvc/api/member/login {'mobilephone': '13912345611', 'pwd': '123456'}
2019-06-25 23:24:48,388 | 8548 | [test_all.py-->line:133] | INFO : TestCase 充值成功 starting------
2019-06-25 23:24:48,967 | 8548 | [R_request.py-->line:39] | INFO : Sending get:http://test.lemonban.com/futureloan/mvc/api/member/recharge {'mobilephone': '13912341111', 'amount': 500}
2019-06-25 23:24:49,680 | 8548 | [test_all.py-->line:154] | ERROR: 【Failed】：E{'status': 1, 'code': '10001', 'data': None, 'msg': '充值成功'} != A{'status': 1, 'code': '10001', 'data': {'id': 85010, 'regname': '${nickname1}', 'pwd': 'E10ADC3949BA59ABBE56E057F20F883E', 'mobilephone': '13912341111', 'leaveamount': '7000.00', 'type': '1', 'regtime': '2019-06-21 13:35:49.0'}, 'msg': '充值成功'}
2019-06-25 23:24:50,237 | 8548 | [test_all.py-->line:163] | INFO : TestCase 充值成功 end------
2019-06-25 23:24:50,513 | 8548 | [test_all.py-->line:133] | INFO : TestCase 充值失败，手机号码为空 starting------
2019-06-25 23:24:50,514 | 8548 | [R_request.py-->line:39] | INFO : Sending get:http://test.lemonban.com/futureloan/mvc/api/member/recharge {'amount': 500}
2019-06-25 23:24:50,563 | 8548 | [test_all.py-->line:159] | INFO : 【Success】：E{'status': 0, 'code': '20103', 'data': None, 'msg': '手机号不能为空'} == A{'status': 0, 'code': '20103', 'data': None, 'msg': '手机号不能为空'}
2019-06-25 23:24:51,130 | 8548 | [test_all.py-->line:163] | INFO : TestCase 充值失败，手机号码为空 end------
2019-06-25 23:24:51,133 | 8548 | [test_all.py-->line:133] | INFO : TestCase 充值失败，此手机号对应的会员不存在 starting------
2019-06-25 23:24:51,133 | 8548 | [R_request.py-->line:39] | INFO : Sending get:http://test.lemonban.com/futureloan/mvc/api/member/recharge {'mobilephone': '13912341112', 'amount': 500}
2019-06-25 23:24:51,273 | 8548 | [test_all.py-->line:159] | INFO : 【Success】：E{'status': 0, 'code': '20104', 'data': None, 'msg': '此手机号对应的会员不存在'} == A{'status': 0, 'code': '20104', 'data': None, 'msg': '此手机号对应的会员不存在'}
2019-06-25 23:24:51,795 | 8548 | [test_all.py-->line:163] | INFO : TestCase 充值失败，此手机号对应的会员不存在 end------
2019-06-25 23:24:51,796 | 8548 | [test_all.py-->line:133] | INFO : TestCase 充值失败，手机格式不正确 starting------
2019-06-25 23:24:51,796 | 8548 | [R_request.py-->line:39] | INFO : Sending get:http://test.lemonban.com/futureloan/mvc/api/member/recharge {'mobilephone': '123', 'amount': 500}
2019-06-25 23:24:51,833 | 8548 | [test_all.py-->line:159] | INFO : 【Success】：E{'status': 0, 'code': '20109', 'data': None, 'msg': '手机号码格式不正确'} == A{'status': 0, 'code': '20109', 'data': None, 'msg': '手机号码格式不正确'}
2019-06-25 23:24:52,579 | 8548 | [test_all.py-->line:163] | INFO : TestCase 充值失败，手机格式不正确 end------
2019-06-25 23:24:52,579 | 8548 | [test_all.py-->line:133] | INFO : TestCase 充值失败，充值额度为空 starting------
2019-06-25 23:24:52,580 | 8548 | [R_request.py-->line:39] | INFO : Sending get:http://test.lemonban.com/futureloan/mvc/api/member/recharge {'mobilephone': '13912341111'}
2019-06-25 23:24:52,678 | 8548 | [test_all.py-->line:159] | INFO : 【Success】：E{'status': 0, 'code': '20115', 'data': None, 'msg': '请输入金额'} == A{'status': 0, 'code': '20115', 'data': None, 'msg': '请输入金额'}
2019-06-25 23:24:53,246 | 8548 | [test_all.py-->line:163] | INFO : TestCase 充值失败，充值额度为空 end------
2019-06-25 23:24:53,247 | 8548 | [test_all.py-->line:133] | INFO : TestCase 充值失败，输入金额小数超过两位 starting------
2019-06-25 23:24:53,248 | 8548 | [R_request.py-->line:39] | INFO : Sending get:http://test.lemonban.com/futureloan/mvc/api/member/recharge {'mobilephone': '13912341111', 'amount': 500.123}
2019-06-25 23:24:53,356 | 8548 | [test_all.py-->line:159] | INFO : 【Success】：E{'status': 0, 'code': '20116', 'data': None, 'msg': '输入金额的金额小数不能超过两位'} == A{'status': 0, 'code': '20116', 'data': None, 'msg': '输入金额的金额小数不能超过两位'}
2019-06-25 23:24:53,916 | 8548 | [test_all.py-->line:163] | INFO : TestCase 充值失败，输入金额小数超过两位 end------
2019-06-25 23:24:53,917 | 8548 | [test_all.py-->line:133] | INFO : TestCase 充值失败，充值额度低于0(负数) starting------
2019-06-25 23:24:53,917 | 8548 | [R_request.py-->line:39] | INFO : Sending get:http://test.lemonban.com/futureloan/mvc/api/member/recharge {'mobilephone': '13912341111', 'amount': -5}
2019-06-25 23:24:54,348 | 8548 | [test_all.py-->line:159] | INFO : 【Success】：E{'status': 0, 'code': '20117', 'data': None, 'msg': '请输入范围在0到50万之间的正数金额'} == A{'status': 0, 'code': '20117', 'data': None, 'msg': '请输入范围在0到50万之间的正数金额'}
2019-06-25 23:24:54,860 | 8548 | [test_all.py-->line:163] | INFO : TestCase 充值失败，充值额度低于0(负数) end------
2019-06-25 23:24:54,861 | 8548 | [test_all.py-->line:133] | INFO : TestCase 充值失败，充值额度高于50万 starting------
2019-06-25 23:24:54,862 | 8548 | [R_request.py-->line:39] | INFO : Sending get:http://test.lemonban.com/futureloan/mvc/api/member/recharge {'mobilephone': '13912341111', 'amount': 500001}
2019-06-25 23:24:55,310 | 8548 | [test_all.py-->line:159] | INFO : 【Success】：E{'status': 0, 'code': '20117', 'data': None, 'msg': '请输入范围在0到50万之间的正数金额'} == A{'status': 0, 'code': '20117', 'data': None, 'msg': '请输入范围在0到50万之间的正数金额'}
2019-06-25 23:24:55,804 | 8548 | [test_all.py-->line:163] | INFO : TestCase 充值失败，充值额度高于50万 end------
2019-06-25 23:24:55,804 | 8548 | [test_all.py-->line:133] | INFO : TestCase 充值失败，充值额度输入非数字 starting------
2019-06-25 23:24:55,805 | 8548 | [R_request.py-->line:39] | INFO : Sending get:http://test.lemonban.com/futureloan/mvc/api/member/recharge {'mobilephone': '13912341111', 'amount': 'abc'}
2019-06-25 23:24:55,848 | 8548 | [test_all.py-->line:159] | INFO : 【Success】：E{'status': 0, 'code': '20118', 'data': None, 'msg': '请输入数字'} == A{'status': 0, 'code': '20118', 'data': None, 'msg': '请输入数字'}
2019-06-25 23:24:56,377 | 8548 | [test_all.py-->line:163] | INFO : TestCase 充值失败，充值额度输入非数字 end------
2019-06-25 23:24:56,675 | 8548 | [test_all.py-->line:90] | INFO : TestCase 注册成功，昵称为空 starting------
2019-06-25 23:24:56,849 | 8548 | [R_request.py-->line:46] | INFO : Sending post:http://test.lemonban.com/futureloan/mvc/api/member/register {'mobilephone': '13970717338', 'pwd': '123456'}
2019-06-25 23:24:56,991 | 8548 | [test_all.py-->line:110] | INFO : 【Success】：E{'status': 1, 'code': '10001', 'data': None, 'msg': '成功'} == A{'status': 1, 'code': '10001', 'data': None, 'msg': '注册成功'}
2019-06-25 23:24:57,473 | 8548 | [test_all.py-->line:113] | INFO : TestCase 注册成功，昵称为空 end------
2019-06-25 23:24:57,474 | 8548 | [test_all.py-->line:90] | INFO : TestCase 注册成功，昵称不为空 starting------
2019-06-25 23:24:57,732 | 8548 | [R_request.py-->line:46] | INFO : Sending post:http://test.lemonban.com/futureloan/mvc/api/member/register {'mobilephone': '13962549944', 'pwd': '123456', 'regname': 'july'}
2019-06-25 23:24:57,880 | 8548 | [test_all.py-->line:110] | INFO : 【Success】：E{'status': 1, 'code': '10001', 'data': None, 'msg': '成功'} == A{'status': 1, 'code': '10001', 'data': None, 'msg': '注册成功'}
2019-06-25 23:24:58,385 | 8548 | [test_all.py-->line:113] | INFO : TestCase 注册成功，昵称不为空 end------
2019-06-25 23:24:58,386 | 8548 | [test_all.py-->line:90] | INFO : TestCase 注册失败，手机号码为空 starting------
2019-06-25 23:24:58,386 | 8548 | [R_request.py-->line:46] | INFO : Sending post:http://test.lemonban.com/futureloan/mvc/api/member/register {'pwd': '123456', 'regname': 'august'}
2019-06-25 23:24:58,429 | 8548 | [test_all.py-->line:110] | INFO : 【Success】：E{'status': 0, 'code': '20103', 'data': None, 'msg': '参数错误：参数不能为空'} == A{'status': 0, 'code': '20103', 'data': None, 'msg': '手机号不能为空'}
2019-06-25 23:24:58,954 | 8548 | [test_all.py-->line:113] | INFO : TestCase 注册失败，手机号码为空 end------
2019-06-25 23:24:58,955 | 8548 | [test_all.py-->line:90] | INFO : TestCase 注册失败，密码为空 starting------
2019-06-25 23:24:58,955 | 8548 | [R_request.py-->line:46] | INFO : Sending post:http://test.lemonban.com/futureloan/mvc/api/member/register {'mobilephone': '13912541272', 'regname': 'september'}
2019-06-25 23:24:58,992 | 8548 | [test_all.py-->line:110] | INFO : 【Success】：E{'status': 0, 'code': '20103', 'data': None, 'msg': '参数错误：参数不能为空'} == A{'status': 0, 'code': '20103', 'data': None, 'msg': '密码不能为空'}
2019-06-25 23:24:59,461 | 8548 | [test_all.py-->line:113] | INFO : TestCase 注册失败，密码为空 end------
2019-06-25 23:24:59,461 | 8548 | [test_all.py-->line:90] | INFO : TestCase 注册失败，密码长度小于6位 starting------
2019-06-25 23:24:59,462 | 8548 | [R_request.py-->line:46] | INFO : Sending post:http://test.lemonban.com/futureloan/mvc/api/member/register {'mobilephone': '13912541273', 'pwd': '123', 'regname': 'october'}
2019-06-25 23:24:59,661 | 8548 | [test_all.py-->line:110] | INFO : 【Success】：E{'status': 0, 'code': '20108', 'data': None, 'msg': '密码长度必须为6~18'} == A{'status': 0, 'code': '20108', 'data': None, 'msg': '密码长度必须为6~18'}
2019-06-25 23:25:00,125 | 8548 | [test_all.py-->line:113] | INFO : TestCase 注册失败，密码长度小于6位 end------
2019-06-25 23:25:00,126 | 8548 | [test_all.py-->line:90] | INFO : TestCase 注册失败，密码长度大于18位 starting------
2019-06-25 23:25:00,126 | 8548 | [R_request.py-->line:46] | INFO : Sending post:http://test.lemonban.com/futureloan/mvc/api/member/register {'mobilephone': '13912541274', 'pwd': '12345678901234567890', 'regname': 'november'}
2019-06-25 23:25:00,447 | 8548 | [test_all.py-->line:110] | INFO : 【Success】：E{'status': 0, 'code': '20108', 'data': None, 'msg': '密码长度必须为6~18'} == A{'status': 0, 'code': '20108', 'data': None, 'msg': '密码长度必须为6~18'}
2019-06-25 23:25:01,006 | 8548 | [test_all.py-->line:113] | INFO : TestCase 注册失败，密码长度大于18位 end------
2019-06-25 23:25:01,006 | 8548 | [test_all.py-->line:90] | INFO : TestCase 注册失败，手机格式不正确 starting------
2019-06-25 23:25:01,007 | 8548 | [R_request.py-->line:46] | INFO : Sending post:http://test.lemonban.com/futureloan/mvc/api/member/register {'mobilephone': '175', 'pwd': '123456', 'regname': 'december'}
2019-06-25 23:25:01,044 | 8548 | [test_all.py-->line:110] | INFO : 【Success】：E{'status': 0, 'code': '20109', 'data': None, 'msg': '手机号码格式不正确'} == A{'status': 0, 'code': '20109', 'data': None, 'msg': '手机号码格式不正确'}
2019-06-25 23:25:01,531 | 8548 | [test_all.py-->line:113] | INFO : TestCase 注册失败，手机格式不正确 end------
2019-06-25 23:25:01,532 | 8548 | [test_all.py-->line:90] | INFO : TestCase 注册失败，手机号码已被注册 starting------
2019-06-25 23:25:01,532 | 8548 | [R_request.py-->line:46] | INFO : Sending post:http://test.lemonban.com/futureloan/mvc/api/member/register {'mobilephone': '13912341111', 'pwd': '123456', 'regname': 'january'}
2019-06-25 23:25:01,786 | 8548 | [test_all.py-->line:110] | INFO : 【Success】：E{'status': 0, 'code': '20110', 'data': None, 'msg': '手机号码已被注册'} == A{'status': 0, 'code': '20110', 'data': None, 'msg': '手机号码已被注册'}
2019-06-25 23:25:02,267 | 8548 | [test_all.py-->line:113] | INFO : TestCase 注册失败，手机号码已被注册 end------
2019-06-25 23:25:02,268 | 8548 | [R_request.py-->line:46] | INFO : Sending post:http://test.lemonban.com/futureloan/mvc/api/member/login {'mobilephone': '13912345611', 'pwd': '123456'}
2019-06-25 23:25:02,517 | 8548 | [test_all.py-->line:184] | INFO : TestCase 取现成功 starting------
2019-06-25 23:25:02,851 | 8548 | [R_request.py-->line:39] | INFO : Sending get:http://test.lemonban.com/futureloan/mvc/api/member/withdraw {'mobilephone': '13912541270', 'amount': 500}
2019-06-25 23:25:03,125 | 8548 | [test_all.py-->line:206] | ERROR: 【Failed】：E{'status': 1, 'code': '10001', 'data': None, 'msg': '成功'} != A{'status': 1, 'code': '20119', 'data': None, 'msg': '余额不足，请修改提现额度'}
2019-06-25 23:25:03,662 | 8548 | [test_all.py-->line:215] | INFO : TestCase 取现成功 end------
2019-06-25 23:25:03,665 | 8548 | [test_all.py-->line:184] | INFO : TestCase 取现失败，手机号码为空 starting------
2019-06-25 23:25:03,666 | 8548 | [R_request.py-->line:39] | INFO : Sending get:http://test.lemonban.com/futureloan/mvc/api/member/withdraw {'amount': 500}
2019-06-25 23:25:03,917 | 8548 | [test_all.py-->line:211] | INFO : 【Success】：E{'status': 0, 'code': '20103', 'data': None, 'msg': '参数错误：参数不能为空'} == A{'status': 0, 'code': '20103', 'data': None, 'msg': '手机号不能为空'}
2019-06-25 23:25:04,435 | 8548 | [test_all.py-->line:215] | INFO : TestCase 取现失败，手机号码为空 end------
2019-06-25 23:25:04,436 | 8548 | [test_all.py-->line:184] | INFO : TestCase 取现失败，此手机号对应的会员不存在 starting------
2019-06-25 23:25:04,436 | 8548 | [R_request.py-->line:39] | INFO : Sending get:http://test.lemonban.com/futureloan/mvc/api/member/withdraw {'mobilephone': '13912541000', 'amount': 500}
2019-06-25 23:25:04,551 | 8548 | [test_all.py-->line:206] | ERROR: 【Failed】：E{'status': 0, 'code': '20104', 'data': None, 'msg': '此手机号对应的会员不存在'} != A{'status': 1, 'code': '20104', 'data': None, 'msg': '此手机号对应的会员不存在'}
2019-06-25 23:25:05,010 | 8548 | [test_all.py-->line:215] | INFO : TestCase 取现失败，此手机号对应的会员不存在 end------
2019-06-25 23:25:05,013 | 8548 | [test_all.py-->line:184] | INFO : TestCase 取现失败，手机号码格式不正确 starting------
2019-06-25 23:25:05,014 | 8548 | [R_request.py-->line:39] | INFO : Sending get:http://test.lemonban.com/futureloan/mvc/api/member/withdraw {'mobilephone': '123', 'amount': 500}
2019-06-25 23:25:05,053 | 8548 | [test_all.py-->line:211] | INFO : 【Success】：E{'status': 0, 'code': '20109', 'data': None, 'msg': '手机号码格式不正确'} == A{'status': 0, 'code': '20109', 'data': None, 'msg': '手机号码格式不正确'}
2019-06-25 23:25:05,548 | 8548 | [test_all.py-->line:215] | INFO : TestCase 取现失败，手机号码格式不正确 end------
2019-06-25 23:25:05,549 | 8548 | [test_all.py-->line:184] | INFO : TestCase 取现失败，请输入金额 starting------
2019-06-25 23:25:05,550 | 8548 | [R_request.py-->line:39] | INFO : Sending get:http://test.lemonban.com/futureloan/mvc/api/member/withdraw {'mobilephone': '13912541270'}
2019-06-25 23:25:05,601 | 8548 | [test_all.py-->line:211] | INFO : 【Success】：E{'status': 0, 'code': '20115', 'data': None, 'msg': '请输入金额'} == A{'status': 0, 'code': '20115', 'data': None, 'msg': '请输入金额'}
2019-06-25 23:25:06,124 | 8548 | [test_all.py-->line:215] | INFO : TestCase 取现失败，请输入金额 end------
2019-06-25 23:25:06,125 | 8548 | [test_all.py-->line:184] | INFO : TestCase 取现失败，输入金额小数超过两位 starting------
2019-06-25 23:25:06,125 | 8548 | [R_request.py-->line:39] | INFO : Sending get:http://test.lemonban.com/futureloan/mvc/api/member/withdraw {'mobilephone': '13912541270', 'amount': 500.123}
2019-06-25 23:25:06,407 | 8548 | [test_all.py-->line:211] | INFO : 【Success】：E{'status': 0, 'code': '20116', 'data': None, 'msg': '输入金额的金额小数不能超过两位'} == A{'status': 0, 'code': '20116', 'data': None, 'msg': '输入金额的金额小数不能超过两位'}
2019-06-25 23:25:06,897 | 8548 | [test_all.py-->line:215] | INFO : TestCase 取现失败，输入金额小数超过两位 end------
2019-06-25 23:25:06,898 | 8548 | [test_all.py-->line:184] | INFO : TestCase 取现失败，充值额度低于0(负数) starting------
2019-06-25 23:25:06,898 | 8548 | [R_request.py-->line:39] | INFO : Sending get:http://test.lemonban.com/futureloan/mvc/api/member/withdraw {'mobilephone': '13912541270', 'amount': -5}
2019-06-25 23:25:07,029 | 8548 | [test_all.py-->line:211] | INFO : 【Success】：E{'status': 0, 'code': '20117', 'data': None, 'msg': '请输入范围在0到50万之间的正数'} == A{'status': 0, 'code': '20117', 'data': None, 'msg': '请输入范围在0到50万之间的正数金额'}
2019-06-25 23:25:07,503 | 8548 | [test_all.py-->line:215] | INFO : TestCase 取现失败，充值额度低于0(负数) end------
2019-06-25 23:25:07,504 | 8548 | [test_all.py-->line:184] | INFO : TestCase 取现失败，充值额度高于50万 starting------
2019-06-25 23:25:07,504 | 8548 | [R_request.py-->line:39] | INFO : Sending get:http://test.lemonban.com/futureloan/mvc/api/member/withdraw {'mobilephone': '13912541270', 'amount': 500001}
2019-06-25 23:25:07,675 | 8548 | [test_all.py-->line:211] | INFO : 【Success】：E{'status': 0, 'code': '20117', 'data': None, 'msg': '请输入范围在0到50万之间的正数'} == A{'status': 0, 'code': '20117', 'data': None, 'msg': '请输入范围在0到50万之间的正数金额'}
2019-06-25 23:25:08,204 | 8548 | [test_all.py-->line:215] | INFO : TestCase 取现失败，充值额度高于50万 end------
2019-06-25 23:25:08,204 | 8548 | [test_all.py-->line:184] | INFO : TestCase 取现失败，取现额度输入非数字 starting------
2019-06-25 23:25:08,205 | 8548 | [R_request.py-->line:39] | INFO : Sending get:http://test.lemonban.com/futureloan/mvc/api/member/withdraw {'mobilephone': '13912541270', 'amount': 'abc'}
2019-06-25 23:25:08,256 | 8548 | [test_all.py-->line:211] | INFO : 【Success】：E{'status': 0, 'code': '20118', 'data': None, 'msg': '请输入数字'} == A{'status': 0, 'code': '20118', 'data': None, 'msg': '请输入数字'}
2019-06-25 23:25:08,833 | 8548 | [test_all.py-->line:215] | INFO : TestCase 取现失败，取现额度输入非数字 end------
2019-06-25 23:25:08,834 | 8548 | [test_all.py-->line:184] | INFO : TestCase 取现失败，余额不足，请修改提现额度 starting------
2019-06-25 23:25:08,835 | 8548 | [R_request.py-->line:39] | INFO : Sending get:http://test.lemonban.com/futureloan/mvc/api/member/withdraw {'mobilephone': '13912541270', 'amount': 10000}
2019-06-25 23:25:08,930 | 8548 | [test_all.py-->line:206] | ERROR: 【Failed】：E{'status': 0, 'code': '20119', 'data': None, 'msg': '余额不足，请修改提现额度'} != A{'status': 1, 'code': '20119', 'data': None, 'msg': '余额不足，请修改提现额度'}
2019-06-25 23:25:09,433 | 8548 | [test_all.py-->line:215] | INFO : TestCase 取现失败，余额不足，请修改提现额度 end------
2019-06-25 23:28:16,005 | 7576 | [R_request.py-->line:46] | INFO : Sending post:http://test.lemonban.com/futureloan/mvc/api/member/login {'mobilephone': '13912345611', 'pwd': '123456'}
2019-06-25 23:28:16,168 | 7576 | [test_all.py-->line:133] | INFO : TestCase 充值成功 starting------
2019-06-25 23:28:48,944 | 7576 | [R_request.py-->line:39] | INFO : Sending get:http://test.lemonban.com/futureloan/mvc/api/member/recharge {'mobilephone': '13912341111', 'amount': 500}
2019-06-25 23:34:44,558 | 5656 | [R_request.py-->line:46] | INFO : Sending post:http://test.lemonban.com/futureloan/mvc/api/member/login {'mobilephone': '13912345611', 'pwd': '123456'}
2019-06-25 23:34:44,741 | 5656 | [test_all.py-->line:133] | INFO : TestCase 充值成功 starting------
2019-06-25 23:34:44,959 | 5656 | [R_request.py-->line:39] | INFO : Sending get:http://test.lemonban.com/futureloan/mvc/api/member/recharge {'mobilephone': '13912341111', 'amount': 4000}
2019-06-25 23:34:45,887 | 5656 | [test_all.py-->line:159] | INFO : 【Success】：E{'status': 1, 'code': '10001', 'data': None, 'msg': '充值成功'} == A{'status': 1, 'code': '10001', 'data': {'id': 85010, 'regname': '${nickname1}', 'pwd': 'E10ADC3949BA59ABBE56E057F20F883E', 'mobilephone': '13912341111', 'leaveamount': '11500.00', 'type': '1', 'regtime': '2019-06-21 13:35:49.0'}, 'msg': '充值成功'}
2019-06-25 23:34:46,369 | 5656 | [test_all.py-->line:163] | INFO : TestCase 充值成功 end------
2019-06-25 23:34:46,370 | 5656 | [test_all.py-->line:133] | INFO : TestCase 充值失败，手机号码为空 starting------
2019-06-25 23:34:46,370 | 5656 | [R_request.py-->line:39] | INFO : Sending get:http://test.lemonban.com/futureloan/mvc/api/member/recharge {'amount': 4000}
2019-06-25 23:34:46,408 | 5656 | [test_all.py-->line:159] | INFO : 【Success】：E{'status': 0, 'code': '20103', 'data': None, 'msg': '手机号不能为空'} == A{'status': 0, 'code': '20103', 'data': None, 'msg': '手机号不能为空'}
2019-06-25 23:34:46,993 | 5656 | [test_all.py-->line:163] | INFO : TestCase 充值失败，手机号码为空 end------
2019-06-25 23:34:46,994 | 5656 | [test_all.py-->line:133] | INFO : TestCase 充值失败，此手机号对应的会员不存在 starting------
2019-06-25 23:34:46,995 | 5656 | [R_request.py-->line:39] | INFO : Sending get:http://test.lemonban.com/futureloan/mvc/api/member/recharge {'mobilephone': '13912341112', 'amount': 4000}
2019-06-25 23:34:47,096 | 5656 | [test_all.py-->line:159] | INFO : 【Success】：E{'status': 0, 'code': '20104', 'data': None, 'msg': '此手机号对应的会员不存在'} == A{'status': 0, 'code': '20104', 'data': None, 'msg': '此手机号对应的会员不存在'}
2019-06-25 23:34:47,666 | 5656 | [test_all.py-->line:163] | INFO : TestCase 充值失败，此手机号对应的会员不存在 end------
2019-06-25 23:34:47,667 | 5656 | [test_all.py-->line:133] | INFO : TestCase 充值失败，手机格式不正确 starting------
2019-06-25 23:34:47,667 | 5656 | [R_request.py-->line:39] | INFO : Sending get:http://test.lemonban.com/futureloan/mvc/api/member/recharge {'mobilephone': '123', 'amount': 4000}
2019-06-25 23:34:47,709 | 5656 | [test_all.py-->line:159] | INFO : 【Success】：E{'status': 0, 'code': '20109', 'data': None, 'msg': '手机号码格式不正确'} == A{'status': 0, 'code': '20109', 'data': None, 'msg': '手机号码格式不正确'}
2019-06-25 23:34:48,183 | 5656 | [test_all.py-->line:163] | INFO : TestCase 充值失败，手机格式不正确 end------
2019-06-25 23:34:48,184 | 5656 | [test_all.py-->line:133] | INFO : TestCase 充值失败，充值额度为空 starting------
2019-06-25 23:34:48,184 | 5656 | [R_request.py-->line:39] | INFO : Sending get:http://test.lemonban.com/futureloan/mvc/api/member/recharge {'mobilephone': '13912341111'}
2019-06-25 23:34:48,220 | 5656 | [test_all.py-->line:159] | INFO : 【Success】：E{'status': 0, 'code': '20115', 'data': None, 'msg': '请输入金额'} == A{'status': 0, 'code': '20115', 'data': None, 'msg': '请输入金额'}
2019-06-25 23:34:48,714 | 5656 | [test_all.py-->line:163] | INFO : TestCase 充值失败，充值额度为空 end------
2019-06-25 23:34:48,715 | 5656 | [test_all.py-->line:133] | INFO : TestCase 充值失败，输入金额小数超过两位 starting------
2019-06-25 23:34:48,715 | 5656 | [R_request.py-->line:39] | INFO : Sending get:http://test.lemonban.com/futureloan/mvc/api/member/recharge {'mobilephone': '13912341111', 'amount': 500.123}
2019-06-25 23:34:48,753 | 5656 | [test_all.py-->line:159] | INFO : 【Success】：E{'status': 0, 'code': '20116', 'data': None, 'msg': '输入金额的金额小数不能超过两位'} == A{'status': 0, 'code': '20116', 'data': None, 'msg': '输入金额的金额小数不能超过两位'}
2019-06-25 23:34:49,260 | 5656 | [test_all.py-->line:163] | INFO : TestCase 充值失败，输入金额小数超过两位 end------
2019-06-25 23:34:49,261 | 5656 | [test_all.py-->line:133] | INFO : TestCase 充值失败，充值额度低于0(负数) starting------
2019-06-25 23:34:49,261 | 5656 | [R_request.py-->line:39] | INFO : Sending get:http://test.lemonban.com/futureloan/mvc/api/member/recharge {'mobilephone': '13912341111', 'amount': -5}
2019-06-25 23:34:49,296 | 5656 | [test_all.py-->line:159] | INFO : 【Success】：E{'status': 0, 'code': '20117', 'data': None, 'msg': '请输入范围在0到50万之间的正数金额'} == A{'status': 0, 'code': '20117', 'data': None, 'msg': '请输入范围在0到50万之间的正数金额'}
2019-06-25 23:34:49,770 | 5656 | [test_all.py-->line:163] | INFO : TestCase 充值失败，充值额度低于0(负数) end------
2019-06-25 23:34:49,771 | 5656 | [test_all.py-->line:133] | INFO : TestCase 充值失败，充值额度高于50万 starting------
2019-06-25 23:34:49,771 | 5656 | [R_request.py-->line:39] | INFO : Sending get:http://test.lemonban.com/futureloan/mvc/api/member/recharge {'mobilephone': '13912341111', 'amount': 500001}
2019-06-25 23:34:49,807 | 5656 | [test_all.py-->line:159] | INFO : 【Success】：E{'status': 0, 'code': '20117', 'data': None, 'msg': '请输入范围在0到50万之间的正数金额'} == A{'status': 0, 'code': '20117', 'data': None, 'msg': '请输入范围在0到50万之间的正数金额'}
2019-06-25 23:34:50,264 | 5656 | [test_all.py-->line:163] | INFO : TestCase 充值失败，充值额度高于50万 end------
2019-06-25 23:34:50,265 | 5656 | [test_all.py-->line:133] | INFO : TestCase 充值失败，充值额度输入非数字 starting------
2019-06-25 23:34:50,265 | 5656 | [R_request.py-->line:39] | INFO : Sending get:http://test.lemonban.com/futureloan/mvc/api/member/recharge {'mobilephone': '13912341111', 'amount': 'abc'}
2019-06-25 23:34:50,302 | 5656 | [test_all.py-->line:159] | INFO : 【Success】：E{'status': 0, 'code': '20118', 'data': None, 'msg': '请输入数字'} == A{'status': 0, 'code': '20118', 'data': None, 'msg': '请输入数字'}
2019-06-25 23:34:50,873 | 5656 | [test_all.py-->line:163] | INFO : TestCase 充值失败，充值额度输入非数字 end------
