2019-06-24 18:57:25,833 | 21148 | [test_all.py-->line:90] | INFO : TestCase 注册成功，昵称为空 starting------
2019-06-24 18:57:26,008 | 21148 | [R_request.py-->line:46] | INFO : Sending post:http://test.lemonban.com/futureloan/mvc/api/member/register {'mobilephone': '13931304278', 'pwd': '123456'}
2019-06-24 18:57:26,146 | 21148 | [test_all.py-->line:110] | INFO : 【Success】：E{'status': 1, 'code': '10001', 'data': None, 'msg': '成功'} == A{'status': 1, 'code': '10001', 'data': None, 'msg': '注册成功'}
2019-06-24 18:57:26,227 | 21148 | [test_all.py-->line:113] | INFO : TestCase 注册成功，昵称为空 end------
2019-06-24 18:57:26,228 | 21148 | [test_all.py-->line:90] | INFO : TestCase 注册成功，昵称不为空 starting------
2019-06-24 18:57:26,403 | 21148 | [R_request.py-->line:46] | INFO : Sending post:http://test.lemonban.com/futureloan/mvc/api/member/register {'mobilephone': '13916050725', 'pwd': '123456', 'regname': 'july'}
2019-06-24 18:57:26,505 | 21148 | [test_all.py-->line:110] | INFO : 【Success】：E{'status': 1, 'code': '10001', 'data': None, 'msg': '成功'} == A{'status': 1, 'code': '10001', 'data': None, 'msg': '注册成功'}
2019-06-24 18:57:26,586 | 21148 | [test_all.py-->line:113] | INFO : TestCase 注册成功，昵称不为空 end------
2019-06-24 18:57:26,586 | 21148 | [test_all.py-->line:90] | INFO : TestCase 注册失败，手机号码为空 starting------
2019-06-24 18:57:26,586 | 21148 | [R_request.py-->line:46] | INFO : Sending post:http://test.lemonban.com/futureloan/mvc/api/member/register {'pwd': '123456', 'regname': 'august'}
2019-06-24 18:57:26,624 | 21148 | [test_all.py-->line:110] | INFO : 【Success】：E{'status': 0, 'code': '20103', 'data': None, 'msg': '参数错误：参数不能为空'} == A{'status': 0, 'code': '20103', 'data': None, 'msg': '手机号不能为空'}
2019-06-24 18:57:26,730 | 21148 | [test_all.py-->line:113] | INFO : TestCase 注册失败，手机号码为空 end------
2019-06-24 18:57:26,731 | 21148 | [test_all.py-->line:90] | INFO : TestCase 注册失败，密码为空 starting------
2019-06-24 18:57:26,731 | 21148 | [R_request.py-->line:46] | INFO : Sending post:http://test.lemonban.com/futureloan/mvc/api/member/register {'mobilephone': '13912541272', 'regname': 'september'}
2019-06-24 18:57:26,765 | 21148 | [test_all.py-->line:110] | INFO : 【Success】：E{'status': 0, 'code': '20103', 'data': None, 'msg': '参数错误：参数不能为空'} == A{'status': 0, 'code': '20103', 'data': None, 'msg': '密码不能为空'}
2019-06-24 18:57:26,868 | 21148 | [test_all.py-->line:113] | INFO : TestCase 注册失败，密码为空 end------
2019-06-24 18:57:26,868 | 21148 | [test_all.py-->line:90] | INFO : TestCase 注册失败，密码长度小于6位 starting------
2019-06-24 18:57:26,868 | 21148 | [R_request.py-->line:46] | INFO : Sending post:http://test.lemonban.com/futureloan/mvc/api/member/register {'mobilephone': '13912541273', 'pwd': '123', 'regname': 'october'}
2019-06-24 18:57:26,902 | 21148 | [test_all.py-->line:110] | INFO : 【Success】：E{'status': 0, 'code': '20108', 'data': None, 'msg': '密码长度必须为6~18'} == A{'status': 0, 'code': '20108', 'data': None, 'msg': '密码长度必须为6~18'}
2019-06-24 18:57:27,015 | 21148 | [test_all.py-->line:113] | INFO : TestCase 注册失败，密码长度小于6位 end------
2019-06-24 18:57:27,016 | 21148 | [test_all.py-->line:90] | INFO : TestCase 注册失败，密码长度大于18位 starting------
2019-06-24 18:57:27,016 | 21148 | [R_request.py-->line:46] | INFO : Sending post:http://test.lemonban.com/futureloan/mvc/api/member/register {'mobilephone': '13912541274', 'pwd': '12345678901234567890', 'regname': 'november'}
2019-06-24 18:57:27,050 | 21148 | [test_all.py-->line:110] | INFO : 【Success】：E{'status': 0, 'code': '20108', 'data': None, 'msg': '密码长度必须为6~18'} == A{'status': 0, 'code': '20108', 'data': None, 'msg': '密码长度必须为6~18'}
2019-06-24 18:57:27,177 | 21148 | [test_all.py-->line:113] | INFO : TestCase 注册失败，密码长度大于18位 end------
2019-06-24 18:57:27,178 | 21148 | [test_all.py-->line:90] | INFO : TestCase 注册失败，手机格式不正确 starting------
2019-06-24 18:57:27,178 | 21148 | [R_request.py-->line:46] | INFO : Sending post:http://test.lemonban.com/futureloan/mvc/api/member/register {'mobilephone': '175', 'pwd': '123456', 'regname': 'december'}
2019-06-24 18:57:27,214 | 21148 | [test_all.py-->line:110] | INFO : 【Success】：E{'status': 0, 'code': '20109', 'data': None, 'msg': '手机号码格式不正确'} == A{'status': 0, 'code': '20109', 'data': None, 'msg': '手机号码格式不正确'}
2019-06-24 18:57:27,368 | 21148 | [test_all.py-->line:113] | INFO : TestCase 注册失败，手机格式不正确 end------
2019-06-24 18:57:27,368 | 21148 | [test_all.py-->line:90] | INFO : TestCase 注册失败，手机号码已被注册 starting------
2019-06-24 18:57:27,368 | 21148 | [R_request.py-->line:46] | INFO : Sending post:http://test.lemonban.com/futureloan/mvc/api/member/register {'mobilephone': '13912341111', 'pwd': '123456', 'regname': 'january'}
2019-06-24 18:57:27,496 | 21148 | [test_all.py-->line:110] | INFO : 【Success】：E{'status': 0, 'code': '20110', 'data': None, 'msg': '手机号码已被注册'} == A{'status': 0, 'code': '20110', 'data': None, 'msg': '手机号码已被注册'}
2019-06-24 18:57:27,668 | 21148 | [test_all.py-->line:113] | INFO : TestCase 注册失败，手机号码已被注册 end------
